This file contains any messages produced by compilers while
running configure, to aid debugging if configure makes a mistake.

It was created by Clp configure 1.16, which was
generated by GNU Autoconf 2.59.  Invocation command line was

  $ ./configure -C

## --------- ##
## Platform. ##
## --------- ##

hostname = ankush-nuc
uname -m = x86_64
uname -r = 5.4.0-26-generic
uname -s = Linux
uname -v = #30-Ubuntu SMP Mon Apr 20 16:58:30 UTC 2020

/usr/bin/uname -p = x86_64
/bin/uname -X     = unknown

/bin/arch              = x86_64
/usr/bin/arch -k       = unknown
/usr/convex/getsysinfo = unknown
hostinfo               = unknown
/bin/machine           = unknown
/usr/bin/oslevel       = unknown
/bin/universe          = unknown

PATH: /home/ankush/.opam/default/bin
PATH: /usr/local/sbin
PATH: /usr/local/bin
PATH: /usr/sbin
PATH: /usr/bin
PATH: /sbin
PATH: /bin
PATH: /usr/games
PATH: /usr/local/games
PATH: /snap/bin


## ----------- ##
## Core tests. ##
## ----------- ##

configure:1579: creating cache config.cache
configure:1717: checking build system type
configure:1735: result: x86_64-unknown-linux-gnu
configure:1746: checking whether we want to compile in debug mode
configure:1775: result: no
configure:1991: checking for gcc
configure:2007: found /usr/bin/gcc
configure:2017: result: gcc
configure:2038: checking for C compiler version
configure:2041: gcc --version </dev/null >&5
gcc (Ubuntu 9.3.0-10ubuntu2) 9.3.0
Copyright (C) 2019 Free Software Foundation, Inc.
This is free software; see the source for copying conditions.  There is NO
warranty; not even for MERCHANTABILITY or FITNESS FOR A PARTICULAR PURPOSE.

configure:2044: $? = 0
configure:2046: gcc -v </dev/null >&5
Using built-in specs.
COLLECT_GCC=gcc
COLLECT_LTO_WRAPPER=/usr/lib/gcc/x86_64-linux-gnu/9/lto-wrapper
OFFLOAD_TARGET_NAMES=nvptx-none:hsa
OFFLOAD_TARGET_DEFAULT=1
Target: x86_64-linux-gnu
Configured with: ../src/configure -v --with-pkgversion='Ubuntu 9.3.0-10ubuntu2' --with-bugurl=file:///usr/share/doc/gcc-9/README.Bugs --enable-languages=c,ada,c++,go,brig,d,fortran,objc,obj-c++,gm2 --prefix=/usr --with-gcc-major-version-only --program-suffix=-9 --program-prefix=x86_64-linux-gnu- --enable-shared --enable-linker-build-id --libexecdir=/usr/lib --without-included-gettext --enable-threads=posix --libdir=/usr/lib --enable-nls --enable-clocale=gnu --enable-libstdcxx-debug --enable-libstdcxx-time=yes --with-default-libstdcxx-abi=new --enable-gnu-unique-object --disable-vtable-verify --enable-plugin --enable-default-pie --with-system-zlib --with-target-system-zlib=auto --enable-objc-gc=auto --enable-multiarch --disable-werror --with-arch-32=i686 --with-abi=m64 --with-multilib-list=m32,m64,mx32 --enable-multilib --with-tune=generic --enable-offload-targets=nvptx-none,hsa --without-cuda-driver --enable-checking=release --build=x86_64-linux-gnu --host=x86_64-linux-gnu --target=x86_64-linux-gnu
Thread model: posix
gcc version 9.3.0 (Ubuntu 9.3.0-10ubuntu2) 
configure:2049: $? = 0
configure:2051: gcc -V </dev/null >&5
gcc: error: unrecognized command line option '-V'
gcc: fatal error: no input files
compilation terminated.
configure:2054: $? = 1
configure:2077: checking for C compiler default output file name
configure:2080: gcc    conftest.c  >&5
configure:2083: $? = 0
configure:2129: result: a.out
configure:2134: checking whether the C compiler works
configure:2140: ./a.out
configure:2143: $? = 0
configure:2160: result: yes
configure:2167: checking whether we are cross compiling
configure:2169: result: no
configure:2172: checking for suffix of executables
configure:2174: gcc -o conftest    conftest.c  >&5
configure:2177: $? = 0
configure:2202: result: 
configure:2208: checking for suffix of object files
configure:2229: gcc -c   conftest.c >&5
configure:2232: $? = 0
configure:2254: result: o
configure:2258: checking whether we are using the GNU C compiler
configure:2282: gcc -c   conftest.c >&5
configure:2288: $? = 0
configure:2292: test -z 
			 || test ! -s conftest.err
configure:2295: $? = 0
configure:2298: test -s conftest.o
configure:2301: $? = 0
configure:2314: result: yes
configure:2320: checking whether gcc accepts -g
configure:2341: gcc -c -g  conftest.c >&5
configure:2347: $? = 0
configure:2351: test -z 
			 || test ! -s conftest.err
configure:2354: $? = 0
configure:2357: test -s conftest.o
configure:2360: $? = 0
configure:2371: result: yes
configure:2388: checking for gcc option to accept ANSI C
configure:2458: gcc  -c -g -O2  conftest.c >&5
configure:2464: $? = 0
configure:2468: test -z 
			 || test ! -s conftest.err
configure:2471: $? = 0
configure:2474: test -s conftest.o
configure:2477: $? = 0
configure:2495: result: none needed
configure:2513: gcc -c -g -O2  conftest.c >&5
conftest.c:2:3: error: unknown type name 'choke'
    2 |   choke me
      |   ^~~~~
conftest.c:2:3: error: expected '=', ',', ';', 'asm' or '__attribute__' at end of input
configure:2519: $? = 1
configure: failed program was:
| #ifndef __cplusplus
|   choke me
| #endif
configure:2940: gcc -o conftest -O3 -pipe -DNDEBUG -Wimplicit -Wparentheses -Wsequence-point -Wreturn-type -Wcast-qual -Wall -Wno-unknown-pragmas -Wno-long-long     conftest.c  >&5
configure:2946: $? = 0
configure:2950: test -z 
			 || test ! -s conftest.err
configure:2953: $? = 0
configure:2956: test -s conftest
configure:2959: $? = 0
configure:3026: C compiler options are: -O3 -pipe -DNDEBUG -Wimplicit -Wparentheses -Wsequence-point -Wreturn-type -Wcast-qual -Wall -Wno-unknown-pragmas -Wno-long-long  
configure:3143: checking for g++
configure:3159: found /usr/bin/g++
configure:3169: result: g++
configure:3185: checking for C++ compiler version
configure:3188: g++ --version </dev/null >&5
g++ (Ubuntu 9.3.0-10ubuntu2) 9.3.0
Copyright (C) 2019 Free Software Foundation, Inc.
This is free software; see the source for copying conditions.  There is NO
warranty; not even for MERCHANTABILITY or FITNESS FOR A PARTICULAR PURPOSE.

configure:3191: $? = 0
configure:3193: g++ -v </dev/null >&5
Using built-in specs.
COLLECT_GCC=g++
COLLECT_LTO_WRAPPER=/usr/lib/gcc/x86_64-linux-gnu/9/lto-wrapper
OFFLOAD_TARGET_NAMES=nvptx-none:hsa
OFFLOAD_TARGET_DEFAULT=1
Target: x86_64-linux-gnu
Configured with: ../src/configure -v --with-pkgversion='Ubuntu 9.3.0-10ubuntu2' --with-bugurl=file:///usr/share/doc/gcc-9/README.Bugs --enable-languages=c,ada,c++,go,brig,d,fortran,objc,obj-c++,gm2 --prefix=/usr --with-gcc-major-version-only --program-suffix=-9 --program-prefix=x86_64-linux-gnu- --enable-shared --enable-linker-build-id --libexecdir=/usr/lib --without-included-gettext --enable-threads=posix --libdir=/usr/lib --enable-nls --enable-clocale=gnu --enable-libstdcxx-debug --enable-libstdcxx-time=yes --with-default-libstdcxx-abi=new --enable-gnu-unique-object --disable-vtable-verify --enable-plugin --enable-default-pie --with-system-zlib --with-target-system-zlib=auto --enable-objc-gc=auto --enable-multiarch --disable-werror --with-arch-32=i686 --with-abi=m64 --with-multilib-list=m32,m64,mx32 --enable-multilib --with-tune=generic --enable-offload-targets=nvptx-none,hsa --without-cuda-driver --enable-checking=release --build=x86_64-linux-gnu --host=x86_64-linux-gnu --target=x86_64-linux-gnu
Thread model: posix
gcc version 9.3.0 (Ubuntu 9.3.0-10ubuntu2) 
configure:3196: $? = 0
configure:3198: g++ -V </dev/null >&5
g++: error: unrecognized command line option '-V'
g++: fatal error: no input files
compilation terminated.
configure:3201: $? = 1
configure:3204: checking whether we are using the GNU C++ compiler
configure:3228: g++ -c   conftest.cc >&5
configure:3234: $? = 0
configure:3238: test -z 
			 || test ! -s conftest.err
configure:3241: $? = 0
configure:3244: test -s conftest.o
configure:3247: $? = 0
configure:3260: result: yes
configure:3266: checking whether g++ accepts -g
configure:3287: g++ -c -g  conftest.cc >&5
configure:3293: $? = 0
configure:3297: test -z 
			 || test ! -s conftest.err
configure:3300: $? = 0
configure:3303: test -s conftest.o
configure:3306: $? = 0
configure:3317: result: yes
configure:3359: g++ -c -g -O2  conftest.cc >&5
configure:3365: $? = 0
configure:3369: test -z 
			 || test ! -s conftest.err
configure:3372: $? = 0
configure:3375: test -s conftest.o
configure:3378: $? = 0
configure:3404: g++ -c -g -O2  conftest.cc >&5
conftest.cc: In function 'int main()':
conftest.cc:13:1: error: 'exit' was not declared in this scope
   13 | exit (42);
      | ^~~~
configure:3410: $? = 1
configure: failed program was:
| /* confdefs.h.  */
| 
| #define PACKAGE_NAME "Clp"
| #define PACKAGE_TARNAME "clp"
| #define PACKAGE_VERSION "1.16"
| #define PACKAGE_STRING "Clp 1.16"
| #define PACKAGE_BUGREPORT "coin-clp@lists.coin-or.org"
| /* end confdefs.h.  */
| 
| int
| main ()
| {
| exit (42);
|   ;
|   return 0;
| }
configure:3359: g++ -c -g -O2  conftest.cc >&5
configure:3365: $? = 0
configure:3369: test -z 
			 || test ! -s conftest.err
configure:3372: $? = 0
configure:3375: test -s conftest.o
configure:3378: $? = 0
configure:3404: g++ -c -g -O2  conftest.cc >&5
configure:3410: $? = 0
configure:3414: test -z 
			 || test ! -s conftest.err
configure:3417: $? = 0
configure:3420: test -s conftest.o
configure:3423: $? = 0
configure:3455: checking whether C++ compiler g++ works
configure:3473: g++ -c -g -O2  conftest.cc >&5
configure:3479: $? = 0
configure:3483: test -z 
			 || test ! -s conftest.err
configure:3486: $? = 0
configure:3489: test -s conftest.o
configure:3492: $? = 0
configure:3494: result: yes
configure:3815: g++ -o conftest -O3 -pipe -DNDEBUG -Wparentheses -Wreturn-type -Wcast-qual -Wall -Wpointer-arith -Wwrite-strings -Wconversion -Wno-unknown-pragmas -Wno-long-long     conftest.cc  >&5
configure:3821: $? = 0
configure:3825: test -z 
			 || test ! -s conftest.err
configure:3828: $? = 0
configure:3831: test -s conftest
configure:3834: $? = 0
configure:3901: C++ compiler options are: -O3 -pipe -DNDEBUG -Wparentheses -Wreturn-type -Wcast-qual -Wall -Wpointer-arith -Wwrite-strings -Wconversion -Wno-unknown-pragmas -Wno-long-long  
configure:3972: Trying to determine Fortran compiler name
configure:4021: checking for gfortran
configure:4050: result: no
configure:4021: checking for ifort
configure:4050: result: no
configure:4021: checking for g95
configure:4050: result: no
configure:4021: checking for fort77
configure:4050: result: no
configure:4021: checking for f77
configure:4050: result: no
configure:4021: checking for g77
configure:4050: result: no
configure:4021: checking for pgf90
configure:4050: result: no
configure:4021: checking for pgf77
configure:4050: result: no
configure:4021: checking for ifc
configure:4050: result: no
configure:4021: checking for frt
configure:4050: result: no
configure:4021: checking for af77
configure:4050: result: no
configure:4021: checking for xlf_r
configure:4050: result: no
configure:4299: WARNING: Failed to find a Fortran compiler!
configure:4586: Fortran compiler options are:  
configure:4709: checking for egrep
configure:4719: result: grep -E
configure:4724: checking whether ln -s works
configure:4728: result: yes
configure:4749: checking for a BSD-compatible install
configure:4804: result: /usr/bin/install -c
configure:4815: checking whether build environment is sane
configure:4858: result: yes
configure:4923: checking for gawk
configure:4952: result: no
configure:4923: checking for mawk
configure:4939: found /usr/bin/mawk
configure:4949: result: mawk
configure:4959: checking whether make sets $(MAKE)
configure:4979: result: yes
configure:5009: checking for style of include used by make
configure:5037: result: GNU
configure:5218: checking dependency style of gcc
configure:5308: result: gcc3
configure:5327: checking dependency style of g++
configure:5417: result: gcc3
configure:5435: checking whether to enable maintainer-specific portions of Makefiles
configure:5444: result: no
configure:5894: checking host system type
configure:5908: result: x86_64-unknown-linux-gnu
configure:5916: checking for a sed that does not truncate output
configure:5970: result: /usr/bin/sed
configure:5984: checking for ld used by gcc
configure:6051: result: /usr/bin/ld
configure:6060: checking if the linker (/usr/bin/ld) is GNU ld
configure:6075: result: yes
configure:6080: checking for /usr/bin/ld option to reload object files
configure:6087: result: -r
configure:6105: checking for BSD-compatible nm
configure:6154: result: /usr/bin/nm -B
configure:6158: checking how to recognise dependent libraries
configure:6334: result: pass_all
configure:6421: gcc -c -O3 -pipe -DNDEBUG -Wimplicit -Wparentheses -Wsequence-point -Wreturn-type -Wcast-qual -Wall -Wno-unknown-pragmas -Wno-long-long    conftest.c >&5
configure:6424: $? = 0
configure:6570: checking how to run the C preprocessor
configure:6605: gcc -E  conftest.c
configure:6611: $? = 0
configure:6643: gcc -E  conftest.c
conftest.c:14:10: fatal error: ac_nonexistent.h: No such file or directory
   14 | #include <ac_nonexistent.h>
      |          ^~~~~~~~~~~~~~~~~~
compilation terminated.
configure:6649: $? = 1
configure: failed program was:
| /* confdefs.h.  */
| 
| #define PACKAGE_NAME "Clp"
| #define PACKAGE_TARNAME "clp"
| #define PACKAGE_VERSION "1.16"
| #define PACKAGE_STRING "Clp 1.16"
| #define PACKAGE_BUGREPORT "coin-clp@lists.coin-or.org"
| #ifdef __cplusplus
| extern "C" void std::exit (int) throw (); using std::exit;
| #endif
| #define PACKAGE "clp"
| #define VERSION "1.16"
| /* end confdefs.h.  */
| #include <ac_nonexistent.h>
configure:6688: result: gcc -E
configure:6712: gcc -E  conftest.c
configure:6718: $? = 0
configure:6750: gcc -E  conftest.c
conftest.c:14:10: fatal error: ac_nonexistent.h: No such file or directory
   14 | #include <ac_nonexistent.h>
      |          ^~~~~~~~~~~~~~~~~~
compilation terminated.
configure:6756: $? = 1
configure: failed program was:
| /* confdefs.h.  */
| 
| #define PACKAGE_NAME "Clp"
| #define PACKAGE_TARNAME "clp"
| #define PACKAGE_VERSION "1.16"
| #define PACKAGE_STRING "Clp 1.16"
| #define PACKAGE_BUGREPORT "coin-clp@lists.coin-or.org"
| #ifdef __cplusplus
| extern "C" void std::exit (int) throw (); using std::exit;
| #endif
| #define PACKAGE "clp"
| #define VERSION "1.16"
| /* end confdefs.h.  */
| #include <ac_nonexistent.h>
configure:6800: checking for ANSI C header files
configure:6825: gcc -c -O3 -pipe -DNDEBUG -Wimplicit -Wparentheses -Wsequence-point -Wreturn-type -Wcast-qual -Wall -Wno-unknown-pragmas -Wno-long-long    conftest.c >&5
configure:6831: $? = 0
configure:6835: test -z 
			 || test ! -s conftest.err
configure:6838: $? = 0
configure:6841: test -s conftest.o
configure:6844: $? = 0
configure:6933: gcc -o conftest -O3 -pipe -DNDEBUG -Wimplicit -Wparentheses -Wsequence-point -Wreturn-type -Wcast-qual -Wall -Wno-unknown-pragmas -Wno-long-long     conftest.c  >&5
conftest.c: In function 'main':
conftest.c:31:7: warning: implicit declaration of function 'exit' [-Wimplicit-function-declaration]
   31 |       exit(2);
      |       ^~~~
conftest.c:31:7: warning: incompatible implicit declaration of built-in function 'exit'
conftest.c:15:1: note: include '<stdlib.h>' or provide a declaration of 'exit'
   14 | #include <ctype.h>
  +++ |+#include <stdlib.h>
   15 | #if ((' ' & 0x0FF) == 0x020)
conftest.c:32:3: warning: incompatible implicit declaration of built-in function 'exit'
   32 |   exit (0);
      |   ^~~~
conftest.c:32:3: note: include '<stdlib.h>' or provide a declaration of 'exit'
configure:6936: $? = 0
configure:6938: ./conftest
configure:6941: $? = 0
configure:6956: result: yes
configure:6980: checking for sys/types.h
configure:6996: gcc -c -O3 -pipe -DNDEBUG -Wimplicit -Wparentheses -Wsequence-point -Wreturn-type -Wcast-qual -Wall -Wno-unknown-pragmas -Wno-long-long    conftest.c >&5
configure:7002: $? = 0
configure:7006: test -z 
			 || test ! -s conftest.err
configure:7009: $? = 0
configure:7012: test -s conftest.o
configure:7015: $? = 0
configure:7026: result: yes
configure:6980: checking for sys/stat.h
configure:6996: gcc -c -O3 -pipe -DNDEBUG -Wimplicit -Wparentheses -Wsequence-point -Wreturn-type -Wcast-qual -Wall -Wno-unknown-pragmas -Wno-long-long    conftest.c >&5
configure:7002: $? = 0
configure:7006: test -z 
			 || test ! -s conftest.err
configure:7009: $? = 0
configure:7012: test -s conftest.o
configure:7015: $? = 0
configure:7026: result: yes
configure:6980: checking for stdlib.h
configure:6996: gcc -c -O3 -pipe -DNDEBUG -Wimplicit -Wparentheses -Wsequence-point -Wreturn-type -Wcast-qual -Wall -Wno-unknown-pragmas -Wno-long-long    conftest.c >&5
configure:7002: $? = 0
configure:7006: test -z 
			 || test ! -s conftest.err
configure:7009: $? = 0
configure:7012: test -s conftest.o
configure:7015: $? = 0
configure:7026: result: yes
configure:6980: checking for string.h
configure:6996: gcc -c -O3 -pipe -DNDEBUG -Wimplicit -Wparentheses -Wsequence-point -Wreturn-type -Wcast-qual -Wall -Wno-unknown-pragmas -Wno-long-long    conftest.c >&5
configure:7002: $? = 0
configure:7006: test -z 
			 || test ! -s conftest.err
configure:7009: $? = 0
configure:7012: test -s conftest.o
configure:7015: $? = 0
configure:7026: result: yes
configure:6980: checking for memory.h
configure:6996: gcc -c -O3 -pipe -DNDEBUG -Wimplicit -Wparentheses -Wsequence-point -Wreturn-type -Wcast-qual -Wall -Wno-unknown-pragmas -Wno-long-long    conftest.c >&5
configure:7002: $? = 0
configure:7006: test -z 
			 || test ! -s conftest.err
configure:7009: $? = 0
configure:7012: test -s conftest.o
configure:7015: $? = 0
configure:7026: result: yes
configure:6980: checking for strings.h
configure:6996: gcc -c -O3 -pipe -DNDEBUG -Wimplicit -Wparentheses -Wsequence-point -Wreturn-type -Wcast-qual -Wall -Wno-unknown-pragmas -Wno-long-long    conftest.c >&5
configure:7002: $? = 0
configure:7006: test -z 
			 || test ! -s conftest.err
configure:7009: $? = 0
configure:7012: test -s conftest.o
configure:7015: $? = 0
configure:7026: result: yes
configure:6980: checking for inttypes.h
configure:6996: gcc -c -O3 -pipe -DNDEBUG -Wimplicit -Wparentheses -Wsequence-point -Wreturn-type -Wcast-qual -Wall -Wno-unknown-pragmas -Wno-long-long    conftest.c >&5
configure:7002: $? = 0
configure:7006: test -z 
			 || test ! -s conftest.err
configure:7009: $? = 0
configure:7012: test -s conftest.o
configure:7015: $? = 0
configure:7026: result: yes
configure:6980: checking for stdint.h
configure:6996: gcc -c -O3 -pipe -DNDEBUG -Wimplicit -Wparentheses -Wsequence-point -Wreturn-type -Wcast-qual -Wall -Wno-unknown-pragmas -Wno-long-long    conftest.c >&5
configure:7002: $? = 0
configure:7006: test -z 
			 || test ! -s conftest.err
configure:7009: $? = 0
configure:7012: test -s conftest.o
configure:7015: $? = 0
configure:7026: result: yes
configure:6980: checking for unistd.h
configure:6996: gcc -c -O3 -pipe -DNDEBUG -Wimplicit -Wparentheses -Wsequence-point -Wreturn-type -Wcast-qual -Wall -Wno-unknown-pragmas -Wno-long-long    conftest.c >&5
configure:7002: $? = 0
configure:7006: test -z 
			 || test ! -s conftest.err
configure:7009: $? = 0
configure:7012: test -s conftest.o
configure:7015: $? = 0
configure:7026: result: yes
configure:7052: checking dlfcn.h usability
configure:7064: gcc -c -O3 -pipe -DNDEBUG -Wimplicit -Wparentheses -Wsequence-point -Wreturn-type -Wcast-qual -Wall -Wno-unknown-pragmas -Wno-long-long    conftest.c >&5
configure:7070: $? = 0
configure:7074: test -z 
			 || test ! -s conftest.err
configure:7077: $? = 0
configure:7080: test -s conftest.o
configure:7083: $? = 0
configure:7093: result: yes
configure:7097: checking dlfcn.h presence
configure:7107: gcc -E  conftest.c
configure:7113: $? = 0
configure:7133: result: yes
configure:7168: checking for dlfcn.h
configure:7175: result: yes
configure:7198: checking how to run the C++ preprocessor
configure:7229: g++ -E  conftest.cc
configure:7235: $? = 0
configure:7267: g++ -E  conftest.cc
conftest.cc:25:10: fatal error: ac_nonexistent.h: No such file or directory
   25 | #include <ac_nonexistent.h>
      |          ^~~~~~~~~~~~~~~~~~
compilation terminated.
configure:7273: $? = 1
configure: failed program was:
| /* confdefs.h.  */
| 
| #define PACKAGE_NAME "Clp"
| #define PACKAGE_TARNAME "clp"
| #define PACKAGE_VERSION "1.16"
| #define PACKAGE_STRING "Clp 1.16"
| #define PACKAGE_BUGREPORT "coin-clp@lists.coin-or.org"
| #ifdef __cplusplus
| extern "C" void std::exit (int) throw (); using std::exit;
| #endif
| #define PACKAGE "clp"
| #define VERSION "1.16"
| #define STDC_HEADERS 1
| #define HAVE_SYS_TYPES_H 1
| #define HAVE_SYS_STAT_H 1
| #define HAVE_STDLIB_H 1
| #define HAVE_STRING_H 1
| #define HAVE_MEMORY_H 1
| #define HAVE_STRINGS_H 1
| #define HAVE_INTTYPES_H 1
| #define HAVE_STDINT_H 1
| #define HAVE_UNISTD_H 1
| #define HAVE_DLFCN_H 1
| /* end confdefs.h.  */
| #include <ac_nonexistent.h>
configure:7312: result: g++ -E
configure:7336: g++ -E  conftest.cc
configure:7342: $? = 0
configure:7374: g++ -E  conftest.cc
conftest.cc:25:10: fatal error: ac_nonexistent.h: No such file or directory
   25 | #include <ac_nonexistent.h>
      |          ^~~~~~~~~~~~~~~~~~
compilation terminated.
configure:7380: $? = 1
configure: failed program was:
| /* confdefs.h.  */
| 
| #define PACKAGE_NAME "Clp"
| #define PACKAGE_TARNAME "clp"
| #define PACKAGE_VERSION "1.16"
| #define PACKAGE_STRING "Clp 1.16"
| #define PACKAGE_BUGREPORT "coin-clp@lists.coin-or.org"
| #ifdef __cplusplus
| extern "C" void std::exit (int) throw (); using std::exit;
| #endif
| #define PACKAGE "clp"
| #define VERSION "1.16"
| #define STDC_HEADERS 1
| #define HAVE_SYS_TYPES_H 1
| #define HAVE_SYS_STAT_H 1
| #define HAVE_STDLIB_H 1
| #define HAVE_STRING_H 1
| #define HAVE_MEMORY_H 1
| #define HAVE_STRINGS_H 1
| #define HAVE_INTTYPES_H 1
| #define HAVE_STDINT_H 1
| #define HAVE_UNISTD_H 1
| #define HAVE_DLFCN_H 1
| /* end confdefs.h.  */
| #include <ac_nonexistent.h>
configure:7429: checking the maximum length of command line arguments
configure:7538: result: 32768
configure:7549: checking command to parse /usr/bin/nm -B output from gcc object
configure:7654: g++ -c -O3 -pipe -DNDEBUG -Wparentheses -Wreturn-type -Wcast-qual -Wall -Wpointer-arith -Wwrite-strings -Wconversion -Wno-unknown-pragmas -Wno-long-long    conftest.cc >&5
configure:7657: $? = 0
configure:7661: /usr/bin/nm -B conftest.o \| sed -n -e 's/^.*[ 	]\([ABCDGIRSTW][ABCDGIRSTW]*\)[ 	][ 	]*\([_A-Za-z][_A-Za-z0-9]*\)$/\1 \2 \2/p' \> conftest.nm
configure:7664: $? = 0
configure:7716: g++ -o conftest -O3 -pipe -DNDEBUG -Wparentheses -Wreturn-type -Wcast-qual -Wall -Wpointer-arith -Wwrite-strings -Wconversion -Wno-unknown-pragmas -Wno-long-long     conftest.cc conftstm.o >&5
configure:7719: $? = 0
configure:7757: result: ok
configure:7761: checking for objdir
configure:7776: result: .libs
configure:7866: checking for ar
configure:7882: found /usr/bin/ar
configure:7893: result: ar
configure:7946: checking for ranlib
configure:7962: found /usr/bin/ranlib
configure:7973: result: ranlib
configure:8026: checking for strip
configure:8042: found /usr/bin/strip
configure:8053: result: strip
configure:8329: checking if gcc supports -fno-rtti -fno-exceptions
configure:8349: gcc -c -O3 -pipe -DNDEBUG -Wimplicit -Wparentheses -Wsequence-point -Wreturn-type -Wcast-qual -Wall -Wno-unknown-pragmas -Wno-long-long    -fno-rtti -fno-exceptions conftest.c >&5
cc1: warning: command line option '-fno-rtti' is valid for C++/D/ObjC++ but not for C
configure:8353: $? = 0
configure:8364: result: no
configure:8379: checking for gcc option to produce PIC
configure:8589: result: -fPIC
configure:8597: checking if gcc PIC flag -fPIC works
configure:8617: gcc -c -O3 -pipe -DNDEBUG -Wimplicit -Wparentheses -Wsequence-point -Wreturn-type -Wcast-qual -Wall -Wno-unknown-pragmas -Wno-long-long    -fPIC -DPIC conftest.c >&5
configure:8621: $? = 0
configure:8632: result: yes
configure:8660: checking if gcc static flag -static works
configure:8688: result: yes
configure:8698: checking if gcc supports -c -o file.o
configure:8721: gcc -c -O3 -pipe -DNDEBUG -Wimplicit -Wparentheses -Wsequence-point -Wreturn-type -Wcast-qual -Wall -Wno-unknown-pragmas -Wno-long-long    -o out/conftest2.o conftest.c >&5
configure:8725: $? = 0
configure:8745: result: yes
configure:8771: checking whether the gcc linker (/usr/bin/ld -m elf_x86_64) supports shared libraries
configure:9729: result: yes
configure:9750: checking whether -lc should be explicitly linked in
configure:9755: gcc -c -O3 -pipe -DNDEBUG -Wimplicit -Wparentheses -Wsequence-point -Wreturn-type -Wcast-qual -Wall -Wno-unknown-pragmas -Wno-long-long    conftest.c >&5
configure:9758: $? = 0
configure:9773: gcc -shared conftest.o  -v -Wl,-soname -Wl,conftest -o conftest 2\>\&1 \| grep  -lc  \>/dev/null 2\>\&1
configure:9776: $? = 0
configure:9788: result: no
configure:9796: checking dynamic linker characteristics
configure:10384: result: GNU/Linux ld.so
configure:10393: checking how to hardcode library paths into programs
configure:10418: result: immediate
configure:10432: checking whether stripping libraries is possible
configure:10437: result: yes
configure:11271: checking if libtool supports shared libraries
configure:11273: result: yes
configure:11276: checking whether to build shared libraries
configure:11297: result: yes
configure:11300: checking whether to build static libraries
configure:11304: result: no
configure:11396: creating libtool
configure:11984: checking for ld used by g++
configure:12051: result: /usr/bin/ld -m elf_x86_64
configure:12060: checking if the linker (/usr/bin/ld -m elf_x86_64) is GNU ld
configure:12075: result: yes
configure:12126: checking whether the g++ linker (/usr/bin/ld -m elf_x86_64) supports shared libraries
configure:13064: result: yes
configure:13086: g++ -c -O3 -pipe -DNDEBUG -Wparentheses -Wreturn-type -Wcast-qual -Wall -Wpointer-arith -Wwrite-strings -Wconversion -Wno-unknown-pragmas -Wno-long-long    conftest.cpp >&5
configure:13089: $? = 0
configure:13208: checking for g++ option to produce PIC
configure:13482: result: -fPIC
configure:13490: checking if g++ PIC flag -fPIC works
configure:13510: g++ -c -O3 -pipe -DNDEBUG -Wparentheses -Wreturn-type -Wcast-qual -Wall -Wpointer-arith -Wwrite-strings -Wconversion -Wno-unknown-pragmas -Wno-long-long    -fPIC -DPIC conftest.cpp >&5
configure:13514: $? = 0
configure:13525: result: yes
configure:13553: checking if g++ static flag -static works
configure:13581: result: yes
configure:13591: checking if g++ supports -c -o file.o
configure:13614: g++ -c -O3 -pipe -DNDEBUG -Wparentheses -Wreturn-type -Wcast-qual -Wall -Wpointer-arith -Wwrite-strings -Wconversion -Wno-unknown-pragmas -Wno-long-long    -o out/conftest2.o conftest.cpp >&5
configure:13618: $? = 0
configure:13638: result: yes
configure:13664: checking whether the g++ linker (/usr/bin/ld -m elf_x86_64) supports shared libraries
configure:13689: result: yes
configure:13756: checking dynamic linker characteristics
configure:14344: result: GNU/Linux ld.so
configure:14353: checking how to hardcode library paths into programs
configure:14378: result: immediate
configure:14904: checking if libtool supports shared libraries
configure:14906: result: yes
configure:14909: checking whether to build shared libraries
configure:14929: result: yes
configure:14932: checking whether to build static libraries
configure:14936: result: no
configure:14946: checking for unavailable option to produce PIC
configure:15156: result: -fPIC
configure:15164: checking if unavailable PIC flag -fPIC works
configure:15184: unavailable -c   -fPIC conftest.f >&5
./configure: line 15183: unavailable: command not found
configure:15188: $? = 127
configure:15199: result: no
configure:15227: checking if unavailable static flag -static works
configure:15255: result: no
configure:15265: checking if unavailable supports -c -o file.o
configure:15288: unavailable -c   -o out/conftest2.o conftest.f >&5
./configure: line 15287: unavailable: command not found
configure:15292: $? = 127
configure:15312: result: no
configure:15338: checking whether the unavailable linker (/usr/bin/ld -m elf_x86_64) supports shared libraries
configure:16276: result: yes
configure:16343: checking dynamic linker characteristics
configure:16931: result: GNU/Linux ld.so
configure:16940: checking how to hardcode library paths into programs
configure:16965: result: immediate
configure:20551: Build is "x86_64-unknown-linux-gnu".
configure:20804: checking if library version is set
configure:20811: result: no
configure:8729: checking whether source of project ASL is available and should be compiled
configure:8838: result: no, source file ./ThirdParty/ASL/solvers/asl.h not available
configure:8853: checking whether source of project Blas is available and should be compiled
configure:8978: result: no, source file ./ThirdParty/Blas/daxpy.f not available
configure:8993: checking whether source of project Lapack is available and should be compiled
configure:9118: result: no, source file ./ThirdParty/Lapack/LAPACK/SRC/dlarf.f not available
configure:9133: checking whether source of project Metis is available and should be compiled
configure:9242: result: no, source file ./ThirdParty/Metis/metis-4.0/Lib/balance.c not available
configure:9257: checking whether source of project Mumps is available and should be compiled
configure:9366: result: no, source file ./ThirdParty/Mumps/MUMPS/src/dmumps_part1.F not available
configure:9381: checking whether source of project Glpk is available and should be compiled
configure:9490: result: no, source file ./ThirdParty/Glpk/glpk/src/glplpx01.c not available
configure:9505: checking whether source of project Sample is available and should be compiled
configure:9606: result: yes, source in Data/Sample
configure:9621: checking whether source of project Netlib is available and should be compiled
configure:9722: result: yes, source in Data/Netlib
configure:9737: checking whether source of project CoinUtils is available and should be compiled
configure:9834: result: yes, source in CoinUtils
configure:9849: checking whether source of project Osi is available and should be compiled
configure:9946: result: yes, source in Osi
configure:9961: checking whether source of project Clp is available and should be compiled
configure:10058: result: yes, source in Clp
configure:10079: configuring doxygen documentation options
configure:10086: checking for doxygen
configure:10113: result: no
configure:10122: checking for latex
configure:10149: result: no
configure:10177: checking for dot
configure:10204: result: NO
configure:10255: checking for doxygen doc'n for CoinUtils 
configure:10287: result: NONE/share/coin/doc/CoinUtils/doxydoc (tag)
configure:10255: checking for doxygen doc'n for Osi 
configure:10287: result: NONE/share/coin/doc/Osi/doxydoc (tag)
configure:10312: checking which command should be used to link input files
configure:10320: result: ln -s
configure:10566: creating ./config.status

## ---------------------- ##
## Running config.status. ##
## ---------------------- ##

This file was extended by Clp config.status 1.16, which was
generated by GNU Autoconf 2.59.  Invocation command line was

  CONFIG_FILES    = 
  CONFIG_HEADERS  = 
  CONFIG_LINKS    = 
  CONFIG_COMMANDS = 
  $ ./config.status 

on ankush-nuc

config.status:749: creating Makefile
config.status:749: creating doxydoc/doxygen.conf
config.status:932: executing depfiles commands
configure:11727: configuring in Data/Sample
configure:11844: running /bin/bash './configure' --prefix=/home/ankush/Documents/Nomos/clp/coin-Clp  '-C' --cache-file=../../config.cache --srcdir=.
configure:11727: configuring in Data/Netlib
configure:11844: running /bin/bash './configure' --prefix=/home/ankush/Documents/Nomos/clp/coin-Clp  '-C' --cache-file=../../config.cache --srcdir=.
configure:11727: configuring in CoinUtils
configure:11844: running /bin/bash './configure' --prefix=/home/ankush/Documents/Nomos/clp/coin-Clp  '-C' --cache-file=../config.cache --srcdir=.
configure:11727: configuring in Osi
configure:11844: running /bin/bash './configure' --prefix=/home/ankush/Documents/Nomos/clp/coin-Clp  '-C' --cache-file=../config.cache --srcdir=.
configure:11727: configuring in Clp
configure:11844: running /bin/bash './configure' --prefix=/home/ankush/Documents/Nomos/clp/coin-Clp  '-C' --cache-file=../config.cache --srcdir=.
configure:11913: In case of trouble, first consult the troubleshooting page at https://projects.coin-or.org/BuildTools/wiki/user-troubleshooting
configure:11919: Main configuration of Clp successful

## ---------------- ##
## Cache variables. ##
## ---------------- ##

ac_cv_build=x86_64-unknown-linux-gnu
ac_cv_build_alias=x86_64-unknown-linux-gnu
ac_cv_c_compiler_gnu=yes
ac_cv_cxx_compiler_gnu=yes
ac_cv_env_ADD_CFLAGS_set=
ac_cv_env_ADD_CFLAGS_value=
ac_cv_env_ADD_CXXFLAGS_set=
ac_cv_env_ADD_CXXFLAGS_value=
ac_cv_env_ADD_FFLAGS_set=
ac_cv_env_ADD_FFLAGS_value=
ac_cv_env_CC_set=
ac_cv_env_CC_value=
ac_cv_env_CDEFS_set=
ac_cv_env_CDEFS_value=
ac_cv_env_CFLAGS_set=
ac_cv_env_CFLAGS_value=
ac_cv_env_COIN_SKIP_PROJECTS_set=
ac_cv_env_COIN_SKIP_PROJECTS_value=
ac_cv_env_CPPFLAGS_set=
ac_cv_env_CPPFLAGS_value=
ac_cv_env_CPP_set=
ac_cv_env_CPP_value=
ac_cv_env_CXXCPP_set=
ac_cv_env_CXXCPP_value=
ac_cv_env_CXXDEFS_set=
ac_cv_env_CXXDEFS_value=
ac_cv_env_CXXFLAGS_set=
ac_cv_env_CXXFLAGS_value=
ac_cv_env_CXX_set=
ac_cv_env_CXX_value=
ac_cv_env_DBG_CFLAGS_set=
ac_cv_env_DBG_CFLAGS_value=
ac_cv_env_DBG_CXXFLAGS_set=
ac_cv_env_DBG_CXXFLAGS_value=
ac_cv_env_DBG_FFLAGS_set=
ac_cv_env_DBG_FFLAGS_value=
ac_cv_env_F77_set=
ac_cv_env_F77_value=
ac_cv_env_FFLAGS_set=
ac_cv_env_FFLAGS_value=
ac_cv_env_LDFLAGS_set=
ac_cv_env_LDFLAGS_value=
ac_cv_env_MPICC_set=
ac_cv_env_MPICC_value=
ac_cv_env_MPICXX_set=
ac_cv_env_MPICXX_value=
ac_cv_env_MPIF77_set=
ac_cv_env_MPIF77_value=
ac_cv_env_OPT_CFLAGS_set=
ac_cv_env_OPT_CFLAGS_value=
ac_cv_env_OPT_CXXFLAGS_set=
ac_cv_env_OPT_CXXFLAGS_value=
ac_cv_env_OPT_FFLAGS_set=
ac_cv_env_OPT_FFLAGS_value=
ac_cv_env_build_alias_set=
ac_cv_env_build_alias_value=
ac_cv_env_host_alias_set=
ac_cv_env_host_alias_value=
ac_cv_env_target_alias_set=
ac_cv_env_target_alias_value=
ac_cv_exeext=
ac_cv_header_dlfcn_h=yes
ac_cv_header_inttypes_h=yes
ac_cv_header_memory_h=yes
ac_cv_header_stdc=yes
ac_cv_header_stdint_h=yes
ac_cv_header_stdlib_h=yes
ac_cv_header_string_h=yes
ac_cv_header_strings_h=yes
ac_cv_header_sys_stat_h=yes
ac_cv_header_sys_types_h=yes
ac_cv_header_unistd_h=yes
ac_cv_host=x86_64-unknown-linux-gnu
ac_cv_host_alias=x86_64-unknown-linux-gnu
ac_cv_objext=o
ac_cv_path_install='/usr/bin/install -c'
ac_cv_prog_AWK=mawk
ac_cv_prog_CPP='gcc -E'
ac_cv_prog_CXXCPP='g++ -E'
ac_cv_prog_ac_ct_AR=ar
ac_cv_prog_ac_ct_CC=gcc
ac_cv_prog_ac_ct_CXX=g++
ac_cv_prog_ac_ct_RANLIB=ranlib
ac_cv_prog_ac_ct_STRIP=strip
ac_cv_prog_cc_g=yes
ac_cv_prog_cc_stdc=
ac_cv_prog_coin_doxy_usedot=NO
ac_cv_prog_coin_have_doxygen=no
ac_cv_prog_coin_have_latex=no
ac_cv_prog_cxx_g=yes
ac_cv_prog_egrep='grep -E'
ac_cv_prog_make_make_set=yes
am_cv_CC_dependencies_compiler_type=gcc3
am_cv_CXX_dependencies_compiler_type=gcc3
lt_cv_deplibs_check_method=pass_all
lt_cv_file_magic_cmd='$MAGIC_CMD'
lt_cv_file_magic_test_file=
lt_cv_ld_reload_flag=-r
lt_cv_objdir=.libs
lt_cv_path_LD=/usr/bin/ld
lt_cv_path_LDCXX='/usr/bin/ld -m elf_x86_64'
lt_cv_path_NM='/usr/bin/nm -B'
lt_cv_path_SED=/usr/bin/sed
lt_cv_prog_compiler_c_o=yes
lt_cv_prog_compiler_c_o_CXX=yes
lt_cv_prog_compiler_c_o_F77=no
lt_cv_prog_compiler_rtti_exceptions=no
lt_cv_prog_gnu_ld=yes
lt_cv_prog_gnu_ldcxx=yes
lt_cv_sys_global_symbol_pipe='sed -n -e '\''s/^.*[ 	]\([ABCDGIRSTW][ABCDGIRSTW]*\)[ 	][ 	]*\([_A-Za-z][_A-Za-z0-9]*\)$/\1 \2 \2/p'\'''
lt_cv_sys_global_symbol_to_c_name_address='sed -n -e '\''s/^: \([^ ]*\) $/  {\"\1\", (lt_ptr) 0},/p'\'' -e '\''s/^[BCDEGRST] \([^ ]*\) \([^ ]*\)$/  {"\2", (lt_ptr) \&\2},/p'\'''
lt_cv_sys_global_symbol_to_cdecl='sed -n -e '\''s/^. .* \(.*\)$/extern int \1;/p'\'''
lt_cv_sys_max_cmd_len=32768
lt_lt_cv_prog_compiler_c_o='"yes"'
lt_lt_cv_prog_compiler_c_o_CXX='"yes"'
lt_lt_cv_prog_compiler_c_o_F77='"no"'
lt_lt_cv_sys_global_symbol_pipe='"sed -n -e '\''s/^.*[ 	]\\([ABCDGIRSTW][ABCDGIRSTW]*\\)[ 	][ 	]*\\([_A-Za-z][_A-Za-z0-9]*\\)\$/\\1 \\2 \\2/p'\''"'
lt_lt_cv_sys_global_symbol_to_c_name_address='"sed -n -e '\''s/^: \\([^ ]*\\) \$/  {\\\"\\1\\\", (lt_ptr) 0},/p'\'' -e '\''s/^[BCDEGRST] \\([^ ]*\\) \\([^ ]*\\)\$/  {\"\\2\", (lt_ptr) \\&\\2},/p'\''"'
lt_lt_cv_sys_global_symbol_to_cdecl='"sed -n -e '\''s/^. .* \\(.*\\)\$/extern int \\1;/p'\''"'

## ----------------- ##
## Output variables. ##
## ----------------- ##

ABSBUILDDIR=''
ACLOCAL='${SHELL} /home/ankush/Documents/Nomos/clp/coin-Clp/missing --run aclocal-1.9'
ADD_CFLAGS=''
ADD_CXXFLAGS=''
ADD_FFLAGS=''
AMDEPBACKSLASH='\'
AMDEP_FALSE='#'
AMDEP_TRUE=''
AMTAR='${SHELL} /home/ankush/Documents/Nomos/clp/coin-Clp/missing --run tar'
AR='ar'
AUTOCONF='${SHELL} /home/ankush/Documents/Nomos/clp/coin-Clp/missing --run autoconf'
AUTOHEADER='${SHELL} /home/ankush/Documents/Nomos/clp/coin-Clp/missing --run autoheader'
AUTOMAKE='${SHELL} /home/ankush/Documents/Nomos/clp/coin-Clp/missing --run automake-1.9'
AUX_DIR=''
AWK='mawk'
BUILDTOOLSDIR=''
CC='gcc'
CCDEPMODE='depmode=gcc3'
CDEFS=''
CFLAGS='-O3 -pipe -DNDEBUG -Wimplicit -Wparentheses -Wsequence-point -Wreturn-type -Wcast-qual -Wall -Wno-unknown-pragmas -Wno-long-long  '
COIN_CC_IS_CL_FALSE=''
COIN_CC_IS_CL_TRUE='#'
COIN_CXX_IS_CL_FALSE=''
COIN_CXX_IS_CL_TRUE='#'
COIN_HAS_DOXYGEN_FALSE=''
COIN_HAS_DOXYGEN_TRUE='#'
COIN_HAS_LATEX_FALSE=''
COIN_HAS_LATEX_TRUE='#'
COIN_SKIP_PROJECTS=''
CPP='gcc -E'
CPPFLAGS=''
CXX='g++'
CXXCPP='g++ -E'
CXXDEFS=''
CXXDEPMODE='depmode=gcc3'
CXXFLAGS='-O3 -pipe -DNDEBUG -Wparentheses -Wreturn-type -Wcast-qual -Wall -Wpointer-arith -Wwrite-strings -Wconversion -Wno-unknown-pragmas -Wno-long-long  '
CYGPATH_W='echo'
DBG_CFLAGS='-g -O0 -pipe -Wimplicit -Wparentheses -Wsequence-point -Wreturn-type -Wcast-qual -Wall -Wno-unknown-pragmas -Wno-long-long  '
DBG_CXXFLAGS='-g -O0 -pipe -Wparentheses -Wreturn-type -Wcast-qual -Wall -Wpointer-arith -Wwrite-strings -Wconversion -Wno-unknown-pragmas -Wno-long-long  '
DBG_FFLAGS=' '
DEFS='-DPACKAGE_NAME=\"Clp\" -DPACKAGE_TARNAME=\"clp\" -DPACKAGE_VERSION=\"1.16\" -DPACKAGE_STRING=\"Clp\ 1.16\" -DPACKAGE_BUGREPORT=\"coin-clp@lists.coin-or.org\" -DPACKAGE=\"clp\" -DVERSION=\"1.16\" -DSTDC_HEADERS=1 -DHAVE_SYS_TYPES_H=1 -DHAVE_SYS_STAT_H=1 -DHAVE_STDLIB_H=1 -DHAVE_STRING_H=1 -DHAVE_MEMORY_H=1 -DHAVE_STRINGS_H=1 -DHAVE_INTTYPES_H=1 -DHAVE_STDINT_H=1 -DHAVE_UNISTD_H=1 -DHAVE_DLFCN_H=1 '
DEPDIR='.deps'
DEPENDENCY_LINKING_FALSE='#'
DEPENDENCY_LINKING_TRUE=''
ECHO='echo'
ECHO_C=''
ECHO_N='-n'
ECHO_T=''
EGREP='grep -E'
EXEEXT=''
F77='unavailable'
FFLAGS=' '
HAVE_EXTERNALS_FALSE=''
HAVE_EXTERNALS_TRUE='#'
INSTALL_DATA='${INSTALL} -m 644'
INSTALL_PROGRAM='${INSTALL}'
INSTALL_SCRIPT='${INSTALL}'
INSTALL_STRIP_PROGRAM='${SHELL} $(install_sh) -c -s'
LDFLAGS=''
LIBEXT='a'
LIBOBJS=''
LIBS=''
LIBTOOL='$(SHELL) $(top_builddir)/libtool'
LIBTOOLM4=''
LN_S='ln -s'
LTLIBOBJS=''
LT_LDFLAGS='-no-undefined'
MAINT='#'
MAINTAINER_MODE_FALSE=''
MAINTAINER_MODE_TRUE='#'
MAKEINFO='${SHELL} /home/ankush/Documents/Nomos/clp/coin-Clp/missing --run makeinfo'
MPICC=''
MPICXX=''
MPIF77=''
OBJEXT='o'
OPT_CFLAGS='-O3 -pipe -DNDEBUG -Wimplicit -Wparentheses -Wsequence-point -Wreturn-type -Wcast-qual -Wall -Wno-unknown-pragmas -Wno-long-long  '
OPT_CXXFLAGS='-O3 -pipe -DNDEBUG -Wparentheses -Wreturn-type -Wcast-qual -Wall -Wpointer-arith -Wwrite-strings -Wconversion -Wno-unknown-pragmas -Wno-long-long  '
OPT_FFLAGS=' '
PACKAGE='clp'
PACKAGE_BUGREPORT='coin-clp@lists.coin-or.org'
PACKAGE_NAME='Clp'
PACKAGE_STRING='Clp 1.16'
PACKAGE_TARNAME='clp'
PACKAGE_VERSION='1.16'
PATH_SEPARATOR=':'
RANLIB='ranlib'
RPATH_FLAGS=' -Wl,--rpath -Wl,/home/ankush/Documents/Nomos/clp/coin-Clp/lib'
SET_MAKE=''
SHELL='/bin/bash'
STRIP='strip'
VERSION='1.16'
VPATH_DISTCLEANFILES=''
abs_bin_dir='/home/ankush/Documents/Nomos/clp/coin-Clp/bin'
abs_include_dir='/home/ankush/Documents/Nomos/clp/coin-Clp/include'
abs_lib_dir='/home/ankush/Documents/Nomos/clp/coin-Clp/lib'
abs_source_dir='/home/ankush/Documents/Nomos/clp/coin-Clp'
ac_c_preproc_warn_flag=''
ac_ct_AR='ar'
ac_ct_CC='gcc'
ac_ct_CXX='g++'
ac_ct_F77='unavailable'
ac_ct_RANLIB='ranlib'
ac_ct_STRIP='strip'
ac_cxx_preproc_warn_flag=''
am__fastdepCC_FALSE='#'
am__fastdepCC_TRUE=''
am__fastdepCXX_FALSE='#'
am__fastdepCXX_TRUE=''
am__include='include'
am__leading_dot='.'
am__quote=''
am__tar='${AMTAR} chof - "$$tardir"'
am__untar='${AMTAR} xf -'
bindir='${exec_prefix}/bin'
build='x86_64-unknown-linux-gnu'
build_alias=''
build_cpu='x86_64'
build_os='linux-gnu'
build_vendor='unknown'
coin_doxy_excludes=''
coin_doxy_logname='doxydoc/clp_doxy.log'
coin_doxy_tagfiles=' NONE/share/coin/doc/CoinUtils/doxydoc/coinutils_doxy.tag=NONE/share/coin/doc/CoinUtils/doxydoc/html NONE/share/coin/doc/Osi/doxydoc/osi_doxy.tag=NONE/share/coin/doc/Osi/doxydoc/html'
coin_doxy_tagname='doxydoc/clp_doxy.tag'
coin_doxy_usedot='NO'
coin_have_doxygen='no'
coin_have_latex='no'
datadir='${prefix}/share'
exec_prefix='${prefix}'
have_autoconf=''
have_automake=''
have_svn=''
host='x86_64-unknown-linux-gnu'
host_alias=''
host_cpu='x86_64'
host_os='linux-gnu'
host_vendor='unknown'
includedir='${prefix}/include'
infodir='${prefix}/info'
install_sh='/home/ankush/Documents/Nomos/clp/coin-Clp/install-sh'
libdir='${exec_prefix}/lib'
libexecdir='${exec_prefix}/libexec'
localstatedir='${prefix}/var'
mandir='${prefix}/man'
mkdir_p='mkdir -p --'
oldincludedir='/usr/include'
prefix='/home/ankush/Documents/Nomos/clp/coin-Clp'
program_transform_name='s,x,x,'
sbindir='${exec_prefix}/sbin'
sharedstatedir='${prefix}/com'
sol_cc_compiler=''
subdirs=' Data/Sample Data/Netlib CoinUtils Osi Clp'
sysconfdir='${prefix}/etc'
target_alias=''

## ----------- ##
## confdefs.h. ##
## ----------- ##

#define HAVE_DLFCN_H 1
#define HAVE_INTTYPES_H 1
#define HAVE_MEMORY_H 1
#define HAVE_STDINT_H 1
#define HAVE_STDLIB_H 1
#define HAVE_STRINGS_H 1
#define HAVE_STRING_H 1
#define HAVE_SYS_STAT_H 1
#define HAVE_SYS_TYPES_H 1
#define HAVE_UNISTD_H 1
#define PACKAGE "clp"
#define PACKAGE_BUGREPORT "coin-clp@lists.coin-or.org"
#define PACKAGE_NAME "Clp"
#define PACKAGE_STRING "Clp 1.16"
#define PACKAGE_TARNAME "clp"
#define PACKAGE_VERSION "1.16"
#define STDC_HEADERS 1
#define VERSION "1.16"
#endif
#ifdef __cplusplus
extern "C" void std::exit (int) throw (); using std::exit;

configure: exit 0
