This file contains any messages produced by compilers while
running configure, to aid debugging if configure makes a mistake.

It was created by Clp configure 1.16, which was
generated by GNU Autoconf 2.59.  Invocation command line was

  $ ./configure --prefix=/Users/ankushd/Documents/Projects/Nomos/src/clp/coin-Clp -C --cache-file=../config.cache --srcdir=.

## --------- ##
## Platform. ##
## --------- ##

hostname = GS15662.SP.CS.CMU.EDU
uname -m = x86_64
uname -r = 18.7.0
uname -s = Darwin
uname -v = Darwin Kernel Version 18.7.0: Tue Aug 20 16:57:14 PDT 2019; root:xnu-4903.271.2~2/RELEASE_X86_64

/usr/bin/uname -p = i386
/bin/uname -X     = unknown

/bin/arch              = unknown
/usr/bin/arch -k       = unknown
/usr/convex/getsysinfo = unknown
hostinfo               = Mach kernel version:
	 Darwin Kernel Version 18.7.0: Tue Aug 20 16:57:14 PDT 2019; root:xnu-4903.271.2~2/RELEASE_X86_64
Kernel configured for up to 4 processors.
2 processors are physically available.
4 processors are logically available.
Processor type: x86_64h (Intel x86-64h Haswell)
Processors active: 0 1 2 3
Primary memory available: 16.00 gigabytes
Default processor set: 380 tasks, 1537 threads, 4 processors
Load average: 3.43, Mach factor: 0.92
/bin/machine           = unknown
/usr/bin/oslevel       = unknown
/bin/universe          = unknown

PATH: /Users/ankushd/anaconda3/bin
PATH: /Users/ankushd/anaconda/bin
PATH: /Library/Frameworks/Python.framework/Versions/3.6/bin
PATH: /Users/ankushd/.opam/system/bin
PATH: /usr/local/bin
PATH: /usr/bin
PATH: /bin
PATH: /usr/sbin
PATH: /sbin
PATH: /Library/TeX/texbin
PATH: /opt/X11/bin
PATH: /Applications/Wireshark.app/Contents/MacOS
PATH: /usr/local/git/bin


## ----------- ##
## Core tests. ##
## ----------- ##

configure:1571: loading cache ../config.cache
configure:1716: checking build system type
configure:1734: result: i386-apple-darwin18.7.0
configure:1807: checking for svnversion
configure:1834: result: yes
configure:1863: checking whether we want to compile in debug mode
configure:1909: result: no
configure:2159: checking for clang
configure:2185: result: clang
configure:2206: checking for C compiler version
configure:2209: clang --version </dev/null >&5
Apple LLVM version 10.0.1 (clang-1001.0.46.4)
Target: x86_64-apple-darwin18.7.0
Thread model: posix
InstalledDir: /Library/Developer/CommandLineTools/usr/bin
configure:2212: $? = 0
configure:2214: clang -v </dev/null >&5
Apple LLVM version 10.0.1 (clang-1001.0.46.4)
Target: x86_64-apple-darwin18.7.0
Thread model: posix
InstalledDir: /Library/Developer/CommandLineTools/usr/bin
configure:2217: $? = 0
configure:2219: clang -V </dev/null >&5
clang: error: unsupported option '-V -Wno-atomic-implicit-seq-cst'
clang: error: no input files
configure:2222: $? = 1
configure:2245: checking for C compiler default output file name
configure:2248: clang    conftest.c  >&5
configure:2251: $? = 0
configure:2297: result: a.out
configure:2302: checking whether the C compiler works
configure:2308: ./a.out
configure:2311: $? = 0
configure:2328: result: yes
configure:2335: checking whether we are cross compiling
configure:2337: result: no
configure:2340: checking for suffix of executables
configure:2342: clang -o conftest    conftest.c  >&5
configure:2345: $? = 0
configure:2370: result: 
configure:2376: checking for suffix of object files
configure:2422: result: o
configure:2426: checking whether we are using the GNU C compiler
configure:2482: result: yes
configure:2488: checking whether clang accepts -g
configure:2539: result: yes
configure:2556: checking for clang option to accept ANSI C
configure:2663: result: none needed
configure:2681: clang -c -g -O2  conftest.c >&5
conftest.c:2:3: error: unknown type name 'choke'
  choke me
  ^
conftest.c:2:11: error: expected ';' after top level declarator
  choke me
          ^
          ;
2 errors generated.
configure:2687: $? = 1
configure: failed program was:
| #ifndef __cplusplus
|   choke me
| #endif
configure:3108: clang -o conftest -O3 -pipe -DNDEBUG -Wimplicit -Wparentheses -Wsequence-point -Wreturn-type -Wcast-qual -Wall -Wno-unknown-pragmas -Wno-long-long   -DCLP_BUILD   conftest.c  >&5
configure:3114: $? = 0
configure:3118: test -z 
			 || test ! -s conftest.err
configure:3121: $? = 0
configure:3124: test -s conftest
configure:3127: $? = 0
configure:3194: C compiler options are: -O3 -pipe -DNDEBUG -Wimplicit -Wparentheses -Wsequence-point -Wreturn-type -Wcast-qual -Wall -Wno-unknown-pragmas -Wno-long-long   -DCLP_BUILD
configure:3309: checking for clang++
configure:3335: result: clang++
configure:3351: checking for C++ compiler version
configure:3354: clang++ --version </dev/null >&5
Apple LLVM version 10.0.1 (clang-1001.0.46.4)
Target: x86_64-apple-darwin18.7.0
Thread model: posix
InstalledDir: /Library/Developer/CommandLineTools/usr/bin
configure:3357: $? = 0
configure:3359: clang++ -v </dev/null >&5
Apple LLVM version 10.0.1 (clang-1001.0.46.4)
Target: x86_64-apple-darwin18.7.0
Thread model: posix
InstalledDir: /Library/Developer/CommandLineTools/usr/bin
configure:3362: $? = 0
configure:3364: clang++ -V </dev/null >&5
clang: error: unsupported option '-V -Wno-atomic-implicit-seq-cst'
clang: error: no input files
configure:3367: $? = 1
configure:3370: checking whether we are using the GNU C++ compiler
configure:3426: result: yes
configure:3432: checking whether clang++ accepts -g
configure:3483: result: yes
configure:3525: clang++ -c -g -O2  conftest.cc >&5
configure:3531: $? = 0
configure:3535: test -z 
			 || test ! -s conftest.err
configure:3538: $? = 0
configure:3541: test -s conftest.o
configure:3544: $? = 0
configure:3570: clang++ -c -g -O2  conftest.cc >&5
conftest.cc:20:1: error: use of undeclared identifier 'exit'
exit (42);
^
1 error generated.
configure:3576: $? = 1
configure: failed program was:
| /* confdefs.h.  */
| 
| #define PACKAGE_NAME "Clp"
| #define PACKAGE_TARNAME "clp"
| #define PACKAGE_VERSION "1.16"
| #define PACKAGE_STRING "Clp 1.16"
| #define PACKAGE_BUGREPORT "clp@list.coin-or.org"
| #define CLP_VERSION "1.16"
| #define CLP_VERSION_MAJOR 1
| #define CLP_VERSION_MINOR 16
| #define CLP_VERSION_RELEASE 9999
| #define CLP_SVN_REV 2532
| #define COIN_CLP_VERBOSITY 0
| #define COIN_CLP_CHECKLEVEL 0
| /* end confdefs.h.  */
| 
| int
| main ()
| {
| exit (42);
|   ;
|   return 0;
| }
configure:3525: clang++ -c -g -O2  conftest.cc >&5
conftest.cc:16:17: error: use of undeclared identifier 'std'
extern "C" void std::exit (int) throw (); using std::exit;
                ^
conftest.cc:16:49: error: use of undeclared identifier 'std'
extern "C" void std::exit (int) throw (); using std::exit;
                                                ^
2 errors generated.
configure:3531: $? = 1
configure: failed program was:
| /* confdefs.h.  */
| 
| #define PACKAGE_NAME "Clp"
| #define PACKAGE_TARNAME "clp"
| #define PACKAGE_VERSION "1.16"
| #define PACKAGE_STRING "Clp 1.16"
| #define PACKAGE_BUGREPORT "clp@list.coin-or.org"
| #define CLP_VERSION "1.16"
| #define CLP_VERSION_MAJOR 1
| #define CLP_VERSION_MINOR 16
| #define CLP_VERSION_RELEASE 9999
| #define CLP_SVN_REV 2532
| #define COIN_CLP_VERBOSITY 0
| #define COIN_CLP_CHECKLEVEL 0
| /* end confdefs.h.  */
| extern "C" void std::exit (int) throw (); using std::exit;
| #include <stdlib.h>
| int
| main ()
| {
| exit (42);
|   ;
|   return 0;
| }
configure:3525: clang++ -c -g -O2  conftest.cc >&5
conftest.cc:16:17: error: use of undeclared identifier 'std'
extern "C" void std::exit (int); using std::exit;
                ^
conftest.cc:16:40: error: use of undeclared identifier 'std'
extern "C" void std::exit (int); using std::exit;
                                       ^
2 errors generated.
configure:3531: $? = 1
configure: failed program was:
| /* confdefs.h.  */
| 
| #define PACKAGE_NAME "Clp"
| #define PACKAGE_TARNAME "clp"
| #define PACKAGE_VERSION "1.16"
| #define PACKAGE_STRING "Clp 1.16"
| #define PACKAGE_BUGREPORT "clp@list.coin-or.org"
| #define CLP_VERSION "1.16"
| #define CLP_VERSION_MAJOR 1
| #define CLP_VERSION_MINOR 16
| #define CLP_VERSION_RELEASE 9999
| #define CLP_SVN_REV 2532
| #define COIN_CLP_VERBOSITY 0
| #define COIN_CLP_CHECKLEVEL 0
| /* end confdefs.h.  */
| extern "C" void std::exit (int); using std::exit;
| #include <stdlib.h>
| int
| main ()
| {
| exit (42);
|   ;
|   return 0;
| }
configure:3525: clang++ -c -g -O2  conftest.cc >&5
In file included from conftest.cc:17:
In file included from /Library/Developer/CommandLineTools/usr/include/c++/v1/stdlib.h:94:
/Library/Developer/CommandLineTools/SDKs/MacOSX10.14.sdk/usr/include/stdlib.h:145:7: error: 'exit' is missing exception specification 'throw()'
void     exit(int) __dead2;
         ^
conftest.cc:16:17: note: previous declaration is here
extern "C" void exit (int) throw ();
                ^
1 error generated.
configure:3531: $? = 1
configure: failed program was:
| /* confdefs.h.  */
| 
| #define PACKAGE_NAME "Clp"
| #define PACKAGE_TARNAME "clp"
| #define PACKAGE_VERSION "1.16"
| #define PACKAGE_STRING "Clp 1.16"
| #define PACKAGE_BUGREPORT "clp@list.coin-or.org"
| #define CLP_VERSION "1.16"
| #define CLP_VERSION_MAJOR 1
| #define CLP_VERSION_MINOR 16
| #define CLP_VERSION_RELEASE 9999
| #define CLP_SVN_REV 2532
| #define COIN_CLP_VERBOSITY 0
| #define COIN_CLP_CHECKLEVEL 0
| /* end confdefs.h.  */
| extern "C" void exit (int) throw ();
| #include <stdlib.h>
| int
| main ()
| {
| exit (42);
|   ;
|   return 0;
| }
configure:3525: clang++ -c -g -O2  conftest.cc >&5
configure:3531: $? = 0
configure:3535: test -z 
			 || test ! -s conftest.err
configure:3538: $? = 0
configure:3541: test -s conftest.o
configure:3544: $? = 0
configure:3570: clang++ -c -g -O2  conftest.cc >&5
configure:3576: $? = 0
configure:3580: test -z 
			 || test ! -s conftest.err
configure:3583: $? = 0
configure:3586: test -s conftest.o
configure:3589: $? = 0
configure:3621: checking whether C++ compiler clang++ works
configure:3639: clang++ -c -g -O2  conftest.cc >&5
configure:3645: $? = 0
configure:3649: test -z 
			 || test ! -s conftest.err
configure:3652: $? = 0
configure:3655: test -s conftest.o
configure:3658: $? = 0
configure:3660: result: yes
configure:3981: clang++ -o conftest -O3 -pipe -DNDEBUG -Wparentheses -Wreturn-type -Wcast-qual -Wall -Wpointer-arith -Wwrite-strings -Wconversion -Wno-unknown-pragmas -Wno-long-long   -DCLP_BUILD   conftest.cc  >&5
configure:3987: $? = 0
configure:3991: test -z 
			 || test ! -s conftest.err
configure:3994: $? = 0
configure:3997: test -s conftest
configure:4000: $? = 0
configure:4067: C++ compiler options are: -O3 -pipe -DNDEBUG -Wparentheses -Wreturn-type -Wcast-qual -Wall -Wpointer-arith -Wwrite-strings -Wconversion -Wno-unknown-pragmas -Wno-long-long   -DCLP_BUILD
configure:4186: checking for egrep
configure:4196: result: grep -E
configure:4201: checking whether ln -s works
configure:4205: result: yes
configure:4226: checking for a BSD-compatible install
configure:4281: result: /usr/local/bin/ginstall -c
configure:4292: checking whether build environment is sane
configure:4335: result: yes
configure:4400: checking for gawk
configure:4426: result: awk
configure:4436: checking whether make sets $(MAKE)
configure:4456: result: yes
configure:4486: checking for style of include used by make
configure:4514: result: GNU
configure:4695: checking dependency style of clang
configure:4785: result: gcc3
configure:4804: checking dependency style of clang++
configure:4894: result: gcc3
configure:4912: checking whether to enable maintainer-specific portions of Makefiles
configure:4921: result: no
configure:20419: Using libtool script in directory ..
configure:20518: checking if library version is set
configure:20525: result: no
configure:20595: checking for pkg-config
configure:20621: result: pkg-config
configure:20636: checking pkg-config is at least version 0.16.0
configure:20639: result: yes
configure:20735: checking for COIN-OR package CoinUtils
configure:20877: result: yes: 2.10 
configure:21250: checking for COIN-OR package Osi
configure:21392: result: yes: 0.107 
configure:21760: checking for COIN-OR package OsiTests
configure:21891: result: yes: 0.107 
configure:22240: checking for COIN-OR package Sample
configure:22371: result: yes: 1.2 
configure:22720: checking for COIN-OR package Netlib
configure:22851: result: yes: 1.2 
configure:23250: checking if user provides library for AMD
configure:23295: result: no
configure:23443: checking if user provides library for CHOLMOD
configure:23488: result: no
configure:23634: checking for COIN-OR package Glpk
configure:23798: result: not given: No package 'coinglpk' found
configure:24168: checking for COIN-OR package Mumps
configure:24332: result: not given: No package 'coinmumps' found
configure:30084: checking for COIN-OR package ASL
configure:30248: result: not given: No package 'coinasl' found
configure:30946: checking for cmath
configure:30951: result: yes
configure:31275: checking for cfloat
configure:31280: result: yes
configure:31604: checking for cieeefp
configure:31609: result: no
configure:31762: checking for ieeefp.h
configure:31767: result: no
configure:31925: checking whether this is a VPATH configuration
configure:31932: result: no
configure:31982: configuring doxygen documentation options
configure:31989: checking for doxygen
configure:32016: result: no
configure:32025: checking for latex
configure:32052: result: yes
configure:32080: checking for dot
configure:32107: result: YES
configure:32158: checking for doxygen doc'n for CoinUtils 
configure:32174: result: ../CoinUtils/doxydoc (tag)
configure:32158: checking for doxygen doc'n for Osi 
configure:32174: result: ../Osi/doxydoc (tag)
configure:32225: checking which command should be used to link input files
configure:32233: result: ln -s
configure:32644: creating ./config.status

## ---------------------- ##
## Running config.status. ##
## ---------------------- ##

This file was extended by Clp config.status 1.16, which was
generated by GNU Autoconf 2.59.  Invocation command line was

  CONFIG_FILES    = 
  CONFIG_HEADERS  = 
  CONFIG_LINKS    = 
  CONFIG_COMMANDS = 
  $ ./config.status 

on GS15662.SP.CS.CMU.EDU

config.status:896: creating Makefile
config.status:896: creating examples/Makefile
config.status:896: creating src/Makefile
config.status:896: creating src/OsiClp/Makefile
config.status:896: creating test/Makefile
config.status:896: creating clp.pc
config.status:896: creating clp-uninstalled.pc
config.status:896: creating osi-clp.pc
config.status:896: creating osi-clp-uninstalled.pc
config.status:896: creating doxydoc/doxygen.conf
config.status:1000: creating src/config.h
config.status:1000: creating src/config_clp.h
config.status:1316: executing depfiles commands
configure:34191: In case of trouble, first consult the troubleshooting page at https://projects.coin-or.org/BuildTools/wiki/user-troubleshooting
configure:34194: Configuration of Clp successful

## ---------------- ##
## Cache variables. ##
## ---------------- ##

ac_cv_build=i386-apple-darwin18.7.0
ac_cv_build_alias=i386-apple-darwin18.7.0
ac_cv_c_compiler_gnu=yes
ac_cv_cxx_compiler_gnu=yes
ac_cv_env_ADD_CFLAGS_set=
ac_cv_env_ADD_CFLAGS_value=
ac_cv_env_ADD_CXXFLAGS_set=
ac_cv_env_ADD_CXXFLAGS_value=
ac_cv_env_ADD_FFLAGS_set=
ac_cv_env_ADD_FFLAGS_value=
ac_cv_env_CC_set=
ac_cv_env_CC_value=
ac_cv_env_CDEFS_set=
ac_cv_env_CDEFS_value=
ac_cv_env_CFLAGS_set=
ac_cv_env_CFLAGS_value=
ac_cv_env_COIN_SKIP_PROJECTS_set=
ac_cv_env_COIN_SKIP_PROJECTS_value=
ac_cv_env_CPPFLAGS_set=
ac_cv_env_CPPFLAGS_value=
ac_cv_env_CPP_set=
ac_cv_env_CPP_value=
ac_cv_env_CXXCPP_set=
ac_cv_env_CXXCPP_value=
ac_cv_env_CXXDEFS_set=
ac_cv_env_CXXDEFS_value=
ac_cv_env_CXXFLAGS_set=
ac_cv_env_CXXFLAGS_value=
ac_cv_env_CXX_set=
ac_cv_env_CXX_value=
ac_cv_env_DBG_CFLAGS_set=
ac_cv_env_DBG_CFLAGS_value=
ac_cv_env_DBG_CXXFLAGS_set=
ac_cv_env_DBG_CXXFLAGS_value=
ac_cv_env_DBG_FFLAGS_set=
ac_cv_env_DBG_FFLAGS_value=
ac_cv_env_F77_set=
ac_cv_env_F77_value=
ac_cv_env_FFLAGS_set=
ac_cv_env_FFLAGS_value=
ac_cv_env_LDFLAGS_set=
ac_cv_env_LDFLAGS_value=
ac_cv_env_MPICC_set=
ac_cv_env_MPICC_value=
ac_cv_env_MPICXX_set=
ac_cv_env_MPICXX_value=
ac_cv_env_MPIF77_set=
ac_cv_env_MPIF77_value=
ac_cv_env_OPT_CFLAGS_set=
ac_cv_env_OPT_CFLAGS_value=
ac_cv_env_OPT_CXXFLAGS_set=
ac_cv_env_OPT_CXXFLAGS_value=
ac_cv_env_OPT_FFLAGS_set=
ac_cv_env_OPT_FFLAGS_value=
ac_cv_env_PKG_CONFIG_set=
ac_cv_env_PKG_CONFIG_value=
ac_cv_env_build_alias_set=
ac_cv_env_build_alias_value=
ac_cv_env_host_alias_set=
ac_cv_env_host_alias_value=
ac_cv_env_target_alias_set=
ac_cv_env_target_alias_value=
ac_cv_exeext=
ac_cv_f77_compiler_gnu=yes
ac_cv_f77_dummy_main=none
ac_cv_f77_libs=' -L/usr/local/Cellar/gcc/9.2.0_1/lib/gcc/9/gcc/x86_64-apple-darwin18/9.2.0 -L/usr/local/Cellar/gcc/9.2.0_1/lib/gcc/9/gcc/x86_64-apple-darwin18/9.2.0/../../.. -lgfortran -lSystem -lquadmath -lm'
ac_cv_f77_mangling='lower case, underscore, no extra underscore'
ac_cv_fortran_dummy_main=none
ac_cv_have_decl_finite=yes
ac_cv_have_decl_isfinite=no
ac_cv_have_decl_isnan=no
ac_cv_have_decl_std__isnan_42_42_=yes
ac_cv_header_bzlib_h=yes
ac_cv_header_cfloat=yes
ac_cv_header_cieeefp=no
ac_cv_header_cinttypes=yes
ac_cv_header_cmath=yes
ac_cv_header_cstdint=yes
ac_cv_header_dlfcn_h=yes
ac_cv_header_endian_h=no
ac_cv_header_ieeefp_h=no
ac_cv_header_inttypes_h=yes
ac_cv_header_memory_h=yes
ac_cv_header_stdc=yes
ac_cv_header_stdint_h=yes
ac_cv_header_stdlib_h=yes
ac_cv_header_string_h=yes
ac_cv_header_strings_h=yes
ac_cv_header_sys_stat_h=yes
ac_cv_header_sys_types_h=yes
ac_cv_header_unistd_h=yes
ac_cv_header_windows_h=no
ac_cv_header_zlib_h=yes
ac_cv_host=i386-apple-darwin18.7.0
ac_cv_host_alias=i386-apple-darwin18.7.0
ac_cv_lib_bz2_BZ2_bzReadOpen=yes
ac_cv_lib_z_gzopen=yes
ac_cv_objext=o
ac_cv_path_install='/usr/local/bin/ginstall -c'
ac_cv_prog_AWK=awk
ac_cv_prog_CPP='clang -E'
ac_cv_prog_CXXCPP='clang++ -E'
ac_cv_prog_ac_ct_AR=ar
ac_cv_prog_ac_ct_CC=clang
ac_cv_prog_ac_ct_CXX=clang++
ac_cv_prog_ac_ct_F77=gfortran
ac_cv_prog_ac_ct_PKG_CONFIG=pkg-config
ac_cv_prog_ac_ct_RANLIB=ranlib
ac_cv_prog_ac_ct_STRIP=strip
ac_cv_prog_cc_g=yes
ac_cv_prog_cc_stdc=
ac_cv_prog_coin_doxy_usedot=YES
ac_cv_prog_coin_have_doxygen=no
ac_cv_prog_coin_have_latex=yes
ac_cv_prog_cxx_g=yes
ac_cv_prog_egrep='grep -E'
ac_cv_prog_f77_g=yes
ac_cv_prog_f77_v=-v
ac_cv_prog_have_svnversion=yes
ac_cv_prog_make_make_set=yes
ac_cv_type_int64_t=yes
ac_cv_type_intptr_t=yes
am_cv_CC_dependencies_compiler_type=gcc3
am_cv_CXX_dependencies_compiler_type=gcc3
lt_cv_deplibs_check_method=pass_all
lt_cv_file_magic_cmd='$MAGIC_CMD'
lt_cv_file_magic_test_file=
lt_cv_ld_reload_flag=-r
lt_cv_objdir=.libs
lt_cv_path_LD=/Library/Developer/CommandLineTools/usr/bin/ld
lt_cv_path_LDCXX=/Library/Developer/CommandLineTools/usr/bin/ld
lt_cv_path_NM='/usr/bin/nm -B'
lt_cv_path_SED=/usr/bin/sed
lt_cv_prog_compiler_c_o=yes
lt_cv_prog_compiler_c_o_CXX=yes
lt_cv_prog_compiler_c_o_F77=yes
lt_cv_prog_compiler_rtti_exceptions=yes
lt_cv_prog_gnu_ld=no
lt_cv_prog_gnu_ldcxx=no
lt_cv_sys_global_symbol_pipe='sed -n -e '\''s/^.*[ 	]\([BCDEGRST][BCDEGRST]*\)[ 	][ 	]*_\([_A-Za-z][_A-Za-z0-9]*\)$/\1 _\2 \2/p'\'''
lt_cv_sys_global_symbol_to_c_name_address='sed -n -e '\''s/^: \([^ ]*\) $/  {\"\1\", (lt_ptr) 0},/p'\'' -e '\''s/^[BCDEGRST] \([^ ]*\) \([^ ]*\)$/  {"\2", (lt_ptr) \&\2},/p'\'''
lt_cv_sys_global_symbol_to_cdecl='sed -n -e '\''s/^. .* \(.*\)$/extern int \1;/p'\'''
lt_cv_sys_max_cmd_len=196608
lt_lt_cv_prog_compiler_c_o='"yes"'
lt_lt_cv_prog_compiler_c_o_CXX='"yes"'
lt_lt_cv_prog_compiler_c_o_F77='"yes"'
lt_lt_cv_sys_global_symbol_pipe='"sed -n -e '\''s/^.*[ 	]\\([BCDEGRST][BCDEGRST]*\\)[ 	][ 	]*_\\([_A-Za-z][_A-Za-z0-9]*\\)\$/\\1 _\\2 \\2/p'\''"'
lt_lt_cv_sys_global_symbol_to_c_name_address='"sed -n -e '\''s/^: \\([^ ]*\\) \$/  {\\\"\\1\\\", (lt_ptr) 0},/p'\'' -e '\''s/^[BCDEGRST] \\([^ ]*\\) \\([^ ]*\\)\$/  {\"\\2\", (lt_ptr) \\&\\2},/p'\''"'
lt_lt_cv_sys_global_symbol_to_cdecl='"sed -n -e '\''s/^. .* \\(.*\\)\$/extern int \\1;/p'\''"'

## ----------------- ##
## Output variables. ##
## ----------------- ##

ABSBUILDDIR='/Users/ankushd/Documents/Projects/Nomos/src/clp/coin-Clp/Clp'
ACLOCAL='${SHELL} /Users/ankushd/Documents/Projects/Nomos/src/clp/coin-Clp/Clp/missing --run aclocal-1.9'
ADD_CFLAGS=''
ADD_CXXFLAGS=''
ADD_FFLAGS=''
ALWAYS_FALSE_FALSE=''
ALWAYS_FALSE_TRUE='#'
AMDEPBACKSLASH='\'
AMDEP_FALSE='#'
AMDEP_TRUE=''
AMDINCDIR=''
AMDLIB=''
AMTAR='${SHELL} /Users/ankushd/Documents/Projects/Nomos/src/clp/coin-Clp/Clp/missing --run tar'
AR='ar'
ASL_CFLAGS=''
ASL_CFLAGS_INSTALLED=''
ASL_DATA=''
ASL_DATA_INSTALLED=''
ASL_DEPENDENCIES=''
ASL_LIBS=''
ASL_LIBS_INSTALLED=''
AUTOCONF='${SHELL} /Users/ankushd/Documents/Projects/Nomos/src/clp/coin-Clp/Clp/missing --run autoconf'
AUTOHEADER='${SHELL} /Users/ankushd/Documents/Projects/Nomos/src/clp/coin-Clp/Clp/missing --run autoheader'
AUTOMAKE='${SHELL} /Users/ankushd/Documents/Projects/Nomos/src/clp/coin-Clp/Clp/missing --run automake-1.9'
AUX_DIR=''
AWK='awk'
BLAS_CFLAGS=''
BLAS_CFLAGS_INSTALLED=''
BLAS_DATA=''
BLAS_DATA_INSTALLED=''
BLAS_DEPENDENCIES=''
BLAS_LIBS=''
BLAS_LIBS_INSTALLED=''
BUILDTOOLSDIR=''
CC='clang'
CCDEPMODE='depmode=gcc3'
CDEFS=''
CFLAGS='-O3 -pipe -DNDEBUG -Wimplicit -Wparentheses -Wsequence-point -Wreturn-type -Wcast-qual -Wall -Wno-unknown-pragmas -Wno-long-long   -DCLP_BUILD'
CHOLMODINCDIR=''
CHOLMODLIB=''
CLPLIB_CFLAGS='-I/Users/ankushd/Documents/Projects/Nomos/src/clp/coin-Clp/CoinUtils/src '
CLPLIB_CFLAGS_INSTALLED=''
CLPLIB_DEPENDENCIES=' /Users/ankushd/Documents/Projects/Nomos/src/clp/coin-Clp/CoinUtils/src/libCoinUtils.la  '
CLPLIB_LIBS='/Users/ankushd/Documents/Projects/Nomos/src/clp/coin-Clp/CoinUtils/src/libCoinUtils.la -lbz2 -lz -framework Accelerate -lm '
CLPLIB_LIBS_INSTALLED=''
CLPLIB_PCLIBS=''
CLPLIB_PCREQUIRES='coinutils '
CLP_SVN_REV='2532'
COINUTILS_CFLAGS='-I/Users/ankushd/Documents/Projects/Nomos/src/clp/coin-Clp/CoinUtils/src'
COINUTILS_CFLAGS_INSTALLED=''
COINUTILS_DATA=''
COINUTILS_DATA_INSTALLED=''
COINUTILS_DEPENDENCIES=' /Users/ankushd/Documents/Projects/Nomos/src/clp/coin-Clp/CoinUtils/src/libCoinUtils.la'
COINUTILS_LIBS='/Users/ankushd/Documents/Projects/Nomos/src/clp/coin-Clp/CoinUtils/src/libCoinUtils.la -lbz2 -lz -framework Accelerate -lm'
COINUTILS_LIBS_INSTALLED=''
COIN_CC_IS_CL_FALSE=''
COIN_CC_IS_CL_TRUE='#'
COIN_CXX_IS_CL_FALSE=''
COIN_CXX_IS_CL_TRUE='#'
COIN_HAS_ABC_FALSE=''
COIN_HAS_ABC_TRUE='#'
COIN_HAS_AMD_FALSE=''
COIN_HAS_AMD_TRUE='#'
COIN_HAS_ASL_FALSE=''
COIN_HAS_ASL_TRUE='#'
COIN_HAS_BLAS_FALSE=''
COIN_HAS_BLAS_TRUE='#'
COIN_HAS_CHOLMOD_FALSE=''
COIN_HAS_CHOLMOD_TRUE='#'
COIN_HAS_COINUTILS_FALSE='#'
COIN_HAS_COINUTILS_TRUE=''
COIN_HAS_DOXYGEN_FALSE=''
COIN_HAS_DOXYGEN_TRUE='#'
COIN_HAS_GLPK_FALSE=''
COIN_HAS_GLPK_TRUE='#'
COIN_HAS_LATEX_FALSE='#'
COIN_HAS_LATEX_TRUE=''
COIN_HAS_MUMPS_FALSE=''
COIN_HAS_MUMPS_TRUE='#'
COIN_HAS_NETLIB_FALSE='#'
COIN_HAS_NETLIB_TRUE=''
COIN_HAS_OSITESTS_FALSE='#'
COIN_HAS_OSITESTS_TRUE=''
COIN_HAS_OSI_FALSE='#'
COIN_HAS_OSI_TRUE=''
COIN_HAS_PKGCONFIG_FALSE='#'
COIN_HAS_PKGCONFIG_TRUE=''
COIN_HAS_SAMPLE_FALSE='#'
COIN_HAS_SAMPLE_TRUE=''
COIN_HAS_WSMP_FALSE=''
COIN_HAS_WSMP_TRUE='#'
COIN_PKG_CONFIG_PATH='/Users/ankushd/Documents/Projects/Nomos/src/clp/coin-Clp/lib64/pkgconfig:/Users/ankushd/Documents/Projects/Nomos/src/clp/coin-Clp/lib/pkgconfig:/Users/ankushd/Documents/Projects/Nomos/src/clp/coin-Clp/share/pkgconfig:'
COIN_PKG_CONFIG_PATH_UNINSTALLED='/Users/ankushd/Documents/Projects/Nomos/src/clp/coin-Clp/Clp:/Users/ankushd/Documents/Projects/Nomos/src/clp/coin-Clp/Osi:/Users/ankushd/Documents/Projects/Nomos/src/clp/coin-Clp/CoinUtils:/Users/ankushd/Documents/Projects/Nomos/src/clp/coin-Clp/Data/Netlib:/Users/ankushd/Documents/Projects/Nomos/src/clp/coin-Clp/Data/Sample:'
CPP='clang -E'
CPPFLAGS=''
CXX='clang++'
CXXCPP='clang++ -E'
CXXDEFS=''
CXXDEPMODE='depmode=gcc3'
CXXFLAGS='-O3 -pipe -DNDEBUG -Wparentheses -Wreturn-type -Wcast-qual -Wall -Wpointer-arith -Wwrite-strings -Wconversion -Wno-unknown-pragmas -Wno-long-long   -DCLP_BUILD'
CYGPATH_W='echo'
DBG_CFLAGS='-g -O0 -pipe -Wimplicit -Wparentheses -Wsequence-point -Wreturn-type -Wcast-qual -Wall -Wno-unknown-pragmas -Wno-long-long  '
DBG_CXXFLAGS='-g -O0 -pipe -Wparentheses -Wreturn-type -Wcast-qual -Wall -Wpointer-arith -Wwrite-strings -Wconversion -Wno-unknown-pragmas -Wno-long-long  '
DBG_FFLAGS=''
DEFS='-DHAVE_CONFIG_H'
DEPDIR='.deps'
DEPENDENCY_LINKING_FALSE='#'
DEPENDENCY_LINKING_TRUE=''
ECHO='/bin/echo'
ECHO_C='ECHO_N=''
ECHO_T=''
EGREP='grep -E'
EXEEXT=''
F77=''
FFLAGS=''
FLIBS=''
GLPK_CFLAGS=''
GLPK_CFLAGS_INSTALLED=''
GLPK_DATA=''
GLPK_DATA_INSTALLED=''
GLPK_DEPENDENCIES=''
GLPK_LIBS=''
GLPK_LIBS_INSTALLED=''
HAVE_EXTERNALS_FALSE=''
HAVE_EXTERNALS_TRUE='#'
INSTALL_DATA='${INSTALL} -m 644'
INSTALL_PROGRAM='${INSTALL}'
INSTALL_SCRIPT='${INSTALL}'
INSTALL_STRIP_PROGRAM='${SHELL} $(install_sh) -c -s'
LDFLAGS=''
LIBEXT='a'
LIBOBJS=''
LIBS=''
LIBTOOL='$(SHELL) $(top_builddir)/../libtool'
LIBTOOLM4=''
LN_S='ln -s'
LTLIBOBJS=''
LT_LDFLAGS='-no-undefined'
MAINT='#'
MAINTAINER_MODE_FALSE=''
MAINTAINER_MODE_TRUE='#'
MAKEINFO='${SHELL} /Users/ankushd/Documents/Projects/Nomos/src/clp/coin-Clp/Clp/missing --run makeinfo'
MPICC=''
MPICXX=''
MPIF77=''
MUMPS_CFLAGS=''
MUMPS_CFLAGS_INSTALLED=''
MUMPS_DATA=''
MUMPS_DATA_INSTALLED=''
MUMPS_DEPENDENCIES=''
MUMPS_LIBS=''
MUMPS_LIBS_INSTALLED=''
NETLIB_CFLAGS=''
NETLIB_CFLAGS_INSTALLED=''
NETLIB_DATA='/Users/ankushd/Documents/Projects/Nomos/src/clp/coin-Clp/Data/Netlib'
NETLIB_DATA_INSTALLED=''
NETLIB_DEPENDENCIES=' '
NETLIB_LIBS=''
NETLIB_LIBS_INSTALLED=''
OBJEXT='o'
OPT_CFLAGS='-O3 -pipe -DNDEBUG -Wimplicit -Wparentheses -Wsequence-point -Wreturn-type -Wcast-qual -Wall -Wno-unknown-pragmas -Wno-long-long  '
OPT_CXXFLAGS='-O3 -pipe -DNDEBUG -Wparentheses -Wreturn-type -Wcast-qual -Wall -Wpointer-arith -Wwrite-strings -Wconversion -Wno-unknown-pragmas -Wno-long-long  '
OPT_FFLAGS=''
OSICLPLIB_CFLAGS='-I/Users/ankushd/Documents/Projects/Nomos/src/clp/coin-Clp/Osi/src/Osi -I/Users/ankushd/Documents/Projects/Nomos/src/clp/coin-Clp/CoinUtils/src '
OSICLPLIB_CFLAGS_INSTALLED=''
OSICLPLIB_DEPENDENCIES=' /Users/ankushd/Documents/Projects/Nomos/src/clp/coin-Clp/Osi/src/Osi/libOsi.la /Users/ankushd/Documents/Projects/Nomos/src/clp/coin-Clp/CoinUtils/src/libCoinUtils.la  '
OSICLPLIB_LIBS='/Users/ankushd/Documents/Projects/Nomos/src/clp/coin-Clp/Osi/src/Osi/libOsi.la /Users/ankushd/Documents/Projects/Nomos/src/clp/coin-Clp/CoinUtils/src/libCoinUtils.la -lbz2 -lz -framework Accelerate -lm '
OSICLPLIB_LIBS_INSTALLED=''
OSICLPLIB_PCLIBS=''
OSICLPLIB_PCREQUIRES='osi '
OSITESTS_CFLAGS='-I/Users/ankushd/Documents/Projects/Nomos/src/clp/coin-Clp/Osi/src/OsiCommonTest -I/Users/ankushd/Documents/Projects/Nomos/src/clp/coin-Clp/Osi/src/Osi -I/Users/ankushd/Documents/Projects/Nomos/src/clp/coin-Clp/CoinUtils/src'
OSITESTS_CFLAGS_INSTALLED=''
OSITESTS_DATA=''
OSITESTS_DATA_INSTALLED=''
OSITESTS_DEPENDENCIES=' /Users/ankushd/Documents/Projects/Nomos/src/clp/coin-Clp/Osi/src/OsiCommonTest/libOsiCommonTests.la /Users/ankushd/Documents/Projects/Nomos/src/clp/coin-Clp/Osi/src/Osi/libOsi.la /Users/ankushd/Documents/Projects/Nomos/src/clp/coin-Clp/CoinUtils/src/libCoinUtils.la'
OSITESTS_LIBS='/Users/ankushd/Documents/Projects/Nomos/src/clp/coin-Clp/Osi/src/OsiCommonTest/libOsiCommonTests.la /Users/ankushd/Documents/Projects/Nomos/src/clp/coin-Clp/Osi/src/Osi/libOsi.la /Users/ankushd/Documents/Projects/Nomos/src/clp/coin-Clp/CoinUtils/src/libCoinUtils.la -lbz2 -lz -framework Accelerate -lm'
OSITESTS_LIBS_INSTALLED=''
OSI_CFLAGS='-I/Users/ankushd/Documents/Projects/Nomos/src/clp/coin-Clp/Osi/src/Osi -I/Users/ankushd/Documents/Projects/Nomos/src/clp/coin-Clp/CoinUtils/src'
OSI_CFLAGS_INSTALLED=''
OSI_DATA=''
OSI_DATA_INSTALLED=''
OSI_DEPENDENCIES=' /Users/ankushd/Documents/Projects/Nomos/src/clp/coin-Clp/Osi/src/Osi/libOsi.la /Users/ankushd/Documents/Projects/Nomos/src/clp/coin-Clp/CoinUtils/src/libCoinUtils.la'
OSI_LIBS='/Users/ankushd/Documents/Projects/Nomos/src/clp/coin-Clp/Osi/src/Osi/libOsi.la /Users/ankushd/Documents/Projects/Nomos/src/clp/coin-Clp/CoinUtils/src/libCoinUtils.la -lbz2 -lz -framework Accelerate -lm'
OSI_LIBS_INSTALLED=''
PACKAGE='clp'
PACKAGE_BUGREPORT='clp@list.coin-or.org'
PACKAGE_NAME='Clp'
PACKAGE_STRING='Clp 1.16'
PACKAGE_TARNAME='clp'
PACKAGE_VERSION='1.16'
PATH_SEPARATOR=':'
PKG_CONFIG='pkg-config'
RANLIB='ranlib'
RPATH_FLAGS=''
SAMPLE_CFLAGS=''
SAMPLE_CFLAGS_INSTALLED=''
SAMPLE_DATA='/Users/ankushd/Documents/Projects/Nomos/src/clp/coin-Clp/Data/Sample'
SAMPLE_DATA_INSTALLED=''
SAMPLE_DEPENDENCIES=' '
SAMPLE_LIBS=''
SAMPLE_LIBS_INSTALLED=''
SET_MAKE=''
SHELL='/bin/sh'
STRIP='strip'
VERSION='1.16'
VPATH_DISTCLEANFILES=''
abs_bin_dir='/Users/ankushd/Documents/Projects/Nomos/src/clp/coin-Clp/bin'
abs_include_dir='/Users/ankushd/Documents/Projects/Nomos/src/clp/coin-Clp/include'
abs_lib_dir='/Users/ankushd/Documents/Projects/Nomos/src/clp/coin-Clp/lib'
abs_source_dir='/Users/ankushd/Documents/Projects/Nomos/src/clp/coin-Clp/Clp'
ac_c_preproc_warn_flag=''
ac_ct_AR='ar'
ac_ct_CC='clang'
ac_ct_CXX='clang++'
ac_ct_F77=''
ac_ct_PKG_CONFIG='pkg-config'
ac_ct_RANLIB='ranlib'
ac_ct_STRIP='strip'
ac_cxx_preproc_warn_flag=''
am__fastdepCC_FALSE='#'
am__fastdepCC_TRUE=''
am__fastdepCXX_FALSE='#'
am__fastdepCXX_TRUE=''
am__include='include'
am__leading_dot='.'
am__quote=''
am__tar='${AMTAR} chof - "$$tardir"'
am__untar='${AMTAR} xf -'
bindir='${exec_prefix}/bin'
build='i386-apple-darwin18.7.0'
build_alias=''
build_cpu='i386'
build_os='darwin18.7.0'
build_vendor='apple'
coin_doxy_excludes=' */CoinUtils */Osi'
coin_doxy_logname='doxydoc/clp_doxy.log'
coin_doxy_tagfiles=' ../CoinUtils/doxydoc/coinutils_doxy.tag=../../../CoinUtils/doxydoc/html ../Osi/doxydoc/osi_doxy.tag=../../../Osi/doxydoc/html'
coin_doxy_tagname='doxydoc/clp_doxy.tag'
coin_doxy_usedot='YES'
coin_have_doxygen='no'
coin_have_latex='yes'
datadir='${prefix}/share'
exec_prefix='${prefix}'
have_autoconf=''
have_automake=''
have_svn=''
have_svnversion='yes'
host='i386-apple-darwin18.7.0'
host_alias=''
host_cpu='i386'
host_os='darwin18.7.0'
host_vendor='apple'
includedir='${prefix}/include'
infodir='${prefix}/info'
install_sh='/Users/ankushd/Documents/Projects/Nomos/src/clp/coin-Clp/Clp/install-sh'
libdir='${exec_prefix}/lib'
libexecdir='${exec_prefix}/libexec'
localstatedir='${prefix}/var'
mandir='${prefix}/man'
mkdir_p='$(install_sh) -d'
oldincludedir='/usr/include'
prefix='/Users/ankushd/Documents/Projects/Nomos/src/clp/coin-Clp'
program_transform_name='s,x,x,'
sbindir='${exec_prefix}/sbin'
sharedstatedir='${prefix}/com'
sol_cc_compiler=''
sysconfdir='${prefix}/etc'
target_alias=''

## ----------- ##
## confdefs.h. ##
## ----------- ##

#define CLP_SVN_REV 2532
#define CLP_VERSION "1.16"
#define CLP_VERSION_MAJOR 1
#define CLP_VERSION_MINOR 16
#define CLP_VERSION_RELEASE 9999
#define COIN_CLP_CHECKLEVEL 0
#define COIN_CLP_VERBOSITY 0
#define COIN_HAS_COINUTILS 1
#define COIN_HAS_NETLIB 1
#define COIN_HAS_OSI 1
#define COIN_HAS_OSITESTS 1
#define COIN_HAS_SAMPLE 1
#define HAVE_CFLOAT 1
#define HAVE_CMATH 1
#define HAVE_DLFCN_H 1
#define HAVE_INTTYPES_H 1
#define HAVE_MEMORY_H 1
#define HAVE_STDINT_H 1
#define HAVE_STDLIB_H 1
#define HAVE_STRINGS_H 1
#define HAVE_STRING_H 1
#define HAVE_SYS_STAT_H 1
#define HAVE_SYS_TYPES_H 1
#define HAVE_UNISTD_H 1
#define PACKAGE "clp"
#define PACKAGE_BUGREPORT "clp@list.coin-or.org"
#define PACKAGE_NAME "Clp"
#define PACKAGE_STRING "Clp 1.16"
#define PACKAGE_TARNAME "clp"
#define PACKAGE_VERSION "1.16"
#define STDC_HEADERS 1
#define VERSION "1.16"
#endif
#ifdef __cplusplus
extern "C" void exit (int);

configure: exit 0
