This file contains any messages produced by compilers while
running configure, to aid debugging if configure makes a mistake.

It was created by DataNetlib configure 1.2, which was
generated by GNU Autoconf 2.59.  Invocation command line was

  $ ./configure --prefix=/Users/ankushd/Documents/Projects/Nomos/src/clp/coin-Clp -C --cache-file=../../config.cache --srcdir=.

## --------- ##
## Platform. ##
## --------- ##

hostname = GS15662.SP.CS.CMU.EDU
uname -m = x86_64
uname -r = 18.7.0
uname -s = Darwin
uname -v = Darwin Kernel Version 18.7.0: Tue Aug 20 16:57:14 PDT 2019; root:xnu-4903.271.2~2/RELEASE_X86_64

/usr/bin/uname -p = i386
/bin/uname -X     = unknown

/bin/arch              = unknown
/usr/bin/arch -k       = unknown
/usr/convex/getsysinfo = unknown
hostinfo               = Mach kernel version:
	 Darwin Kernel Version 18.7.0: Tue Aug 20 16:57:14 PDT 2019; root:xnu-4903.271.2~2/RELEASE_X86_64
Kernel configured for up to 4 processors.
2 processors are physically available.
4 processors are logically available.
Processor type: x86_64h (Intel x86-64h Haswell)
Processors active: 0 1 2 3
Primary memory available: 16.00 gigabytes
Default processor set: 379 tasks, 1532 threads, 4 processors
Load average: 2.69, Mach factor: 1.30
/bin/machine           = unknown
/usr/bin/oslevel       = unknown
/bin/universe          = unknown

PATH: /Users/ankushd/anaconda3/bin
PATH: /Users/ankushd/anaconda/bin
PATH: /Library/Frameworks/Python.framework/Versions/3.6/bin
PATH: /Users/ankushd/.opam/system/bin
PATH: /usr/local/bin
PATH: /usr/bin
PATH: /bin
PATH: /usr/sbin
PATH: /sbin
PATH: /Library/TeX/texbin
PATH: /opt/X11/bin
PATH: /Applications/Wireshark.app/Contents/MacOS
PATH: /usr/local/git/bin


## ----------- ##
## Core tests. ##
## ----------- ##

configure:1301: loading cache ../../config.cache
configure:1470: checking for svnversion
configure:1497: result: yes
configure:1529: checking for egrep
configure:1539: result: grep -E
configure:1544: checking whether ln -s works
configure:1548: result: yes
configure:1594: checking for a BSD-compatible install
configure:1649: result: /usr/local/bin/ginstall -c
configure:1660: checking whether build environment is sane
configure:1703: result: yes
configure:1768: checking for gawk
configure:1794: result: awk
configure:1804: checking whether make sets $(MAKE)
configure:1824: result: yes
configure:1997: checking whether to enable maintainer-specific portions of Makefiles
configure:2006: result: no
configure:2398: checking build system type
configure:2416: result: i386-apple-darwin18.7.0
configure:2477: checking for style of include used by make
configure:2505: result: GNU
configure:2696: checking for clang
configure:2722: result: clang
configure:2743: checking for C compiler version
configure:2746: clang --version </dev/null >&5
Apple LLVM version 10.0.1 (clang-1001.0.46.4)
Target: x86_64-apple-darwin18.7.0
Thread model: posix
InstalledDir: /Library/Developer/CommandLineTools/usr/bin
configure:2749: $? = 0
configure:2751: clang -v </dev/null >&5
Apple LLVM version 10.0.1 (clang-1001.0.46.4)
Target: x86_64-apple-darwin18.7.0
Thread model: posix
InstalledDir: /Library/Developer/CommandLineTools/usr/bin
configure:2754: $? = 0
configure:2756: clang -V </dev/null >&5
clang: error: unsupported option '-V -Wno-atomic-implicit-seq-cst'
clang: error: no input files
configure:2759: $? = 1
configure:2782: checking for C compiler default output file name
configure:2785: clang    conftest.c  >&5
configure:2788: $? = 0
configure:2834: result: a.out
configure:2839: checking whether the C compiler works
configure:2845: ./a.out
configure:2848: $? = 0
configure:2865: result: yes
configure:2872: checking whether we are cross compiling
configure:2874: result: no
configure:2877: checking for suffix of executables
configure:2879: clang -o conftest    conftest.c  >&5
configure:2882: $? = 0
configure:2907: result: 
configure:2913: checking for suffix of object files
configure:2959: result: o
configure:2963: checking whether we are using the GNU C compiler
configure:3019: result: yes
configure:3025: checking whether clang accepts -g
configure:3076: result: yes
configure:3093: checking for clang option to accept ANSI C
configure:3200: result: none needed
configure:3218: clang -c -g -O2  conftest.c >&5
conftest.c:2:3: error: unknown type name 'choke'
  choke me
  ^
conftest.c:2:11: error: expected ';' after top level declarator
  choke me
          ^
          ;
2 errors generated.
configure:3224: $? = 1
configure: failed program was:
| #ifndef __cplusplus
|   choke me
| #endif
configure:3359: checking dependency style of clang
configure:3449: result: gcc3
configure:3754: clang -o conftest -O3 -pipe -DNDEBUG -Wimplicit -Wparentheses -Wsequence-point -Wreturn-type -Wcast-qual -Wall -Wno-unknown-pragmas -Wno-long-long   -DDATANETLIB_BUILD   conftest.c  >&5
configure:3760: $? = 0
configure:3764: test -z 
			 || test ! -s conftest.err
configure:3767: $? = 0
configure:3770: test -s conftest
configure:3773: $? = 0
configure:3840: C compiler options are: -O3 -pipe -DNDEBUG -Wimplicit -Wparentheses -Wsequence-point -Wreturn-type -Wcast-qual -Wall -Wno-unknown-pragmas -Wno-long-long   -DDATANETLIB_BUILD
configure:3955: checking for clang++
configure:3981: result: clang++
configure:3997: checking for C++ compiler version
configure:4000: clang++ --version </dev/null >&5
Apple LLVM version 10.0.1 (clang-1001.0.46.4)
Target: x86_64-apple-darwin18.7.0
Thread model: posix
InstalledDir: /Library/Developer/CommandLineTools/usr/bin
configure:4003: $? = 0
configure:4005: clang++ -v </dev/null >&5
Apple LLVM version 10.0.1 (clang-1001.0.46.4)
Target: x86_64-apple-darwin18.7.0
Thread model: posix
InstalledDir: /Library/Developer/CommandLineTools/usr/bin
configure:4008: $? = 0
configure:4010: clang++ -V </dev/null >&5
clang: error: unsupported option '-V -Wno-atomic-implicit-seq-cst'
clang: error: no input files
configure:4013: $? = 1
configure:4016: checking whether we are using the GNU C++ compiler
configure:4072: result: yes
configure:4078: checking whether clang++ accepts -g
configure:4129: result: yes
configure:4171: clang++ -c -g -O2  conftest.cc >&5
configure:4177: $? = 0
configure:4181: test -z 
			 || test ! -s conftest.err
configure:4184: $? = 0
configure:4187: test -s conftest.o
configure:4190: $? = 0
configure:4216: clang++ -c -g -O2  conftest.cc >&5
conftest.cc:20:1: error: use of undeclared identifier 'exit'
exit (42);
^
1 error generated.
configure:4222: $? = 1
configure: failed program was:
| /* confdefs.h.  */
| 
| #define PACKAGE_NAME "DataNetlib"
| #define PACKAGE_TARNAME "datanetlib"
| #define PACKAGE_VERSION "1.2"
| #define PACKAGE_STRING "DataNetlib 1.2"
| #define PACKAGE_BUGREPORT "https://projects.coin-or.org/BuildTools/"
| #define DATANETLIB_VERSION "1.2"
| #define DATANETLIB_VERSION_MAJOR 1
| #define DATANETLIB_VERSION_MINOR 2
| #define DATANETLIB_VERSION_RELEASE 9999
| #define DATANETLIB_SVN_REV 512
| #define PACKAGE "datanetlib"
| #define VERSION "1.2"
| /* end confdefs.h.  */
| 
| int
| main ()
| {
| exit (42);
|   ;
|   return 0;
| }
configure:4171: clang++ -c -g -O2  conftest.cc >&5
conftest.cc:16:17: error: use of undeclared identifier 'std'
extern "C" void std::exit (int) throw (); using std::exit;
                ^
conftest.cc:16:49: error: use of undeclared identifier 'std'
extern "C" void std::exit (int) throw (); using std::exit;
                                                ^
2 errors generated.
configure:4177: $? = 1
configure: failed program was:
| /* confdefs.h.  */
| 
| #define PACKAGE_NAME "DataNetlib"
| #define PACKAGE_TARNAME "datanetlib"
| #define PACKAGE_VERSION "1.2"
| #define PACKAGE_STRING "DataNetlib 1.2"
| #define PACKAGE_BUGREPORT "https://projects.coin-or.org/BuildTools/"
| #define DATANETLIB_VERSION "1.2"
| #define DATANETLIB_VERSION_MAJOR 1
| #define DATANETLIB_VERSION_MINOR 2
| #define DATANETLIB_VERSION_RELEASE 9999
| #define DATANETLIB_SVN_REV 512
| #define PACKAGE "datanetlib"
| #define VERSION "1.2"
| /* end confdefs.h.  */
| extern "C" void std::exit (int) throw (); using std::exit;
| #include <stdlib.h>
| int
| main ()
| {
| exit (42);
|   ;
|   return 0;
| }
configure:4171: clang++ -c -g -O2  conftest.cc >&5
conftest.cc:16:17: error: use of undeclared identifier 'std'
extern "C" void std::exit (int); using std::exit;
                ^
conftest.cc:16:40: error: use of undeclared identifier 'std'
extern "C" void std::exit (int); using std::exit;
                                       ^
2 errors generated.
configure:4177: $? = 1
configure: failed program was:
| /* confdefs.h.  */
| 
| #define PACKAGE_NAME "DataNetlib"
| #define PACKAGE_TARNAME "datanetlib"
| #define PACKAGE_VERSION "1.2"
| #define PACKAGE_STRING "DataNetlib 1.2"
| #define PACKAGE_BUGREPORT "https://projects.coin-or.org/BuildTools/"
| #define DATANETLIB_VERSION "1.2"
| #define DATANETLIB_VERSION_MAJOR 1
| #define DATANETLIB_VERSION_MINOR 2
| #define DATANETLIB_VERSION_RELEASE 9999
| #define DATANETLIB_SVN_REV 512
| #define PACKAGE "datanetlib"
| #define VERSION "1.2"
| /* end confdefs.h.  */
| extern "C" void std::exit (int); using std::exit;
| #include <stdlib.h>
| int
| main ()
| {
| exit (42);
|   ;
|   return 0;
| }
configure:4171: clang++ -c -g -O2  conftest.cc >&5
In file included from conftest.cc:17:
In file included from /Library/Developer/CommandLineTools/usr/include/c++/v1/stdlib.h:94:
/Library/Developer/CommandLineTools/SDKs/MacOSX10.14.sdk/usr/include/stdlib.h:145:7: error: 'exit' is missing exception specification 'throw()'
void     exit(int) __dead2;
         ^
conftest.cc:16:17: note: previous declaration is here
extern "C" void exit (int) throw ();
                ^
1 error generated.
configure:4177: $? = 1
configure: failed program was:
| /* confdefs.h.  */
| 
| #define PACKAGE_NAME "DataNetlib"
| #define PACKAGE_TARNAME "datanetlib"
| #define PACKAGE_VERSION "1.2"
| #define PACKAGE_STRING "DataNetlib 1.2"
| #define PACKAGE_BUGREPORT "https://projects.coin-or.org/BuildTools/"
| #define DATANETLIB_VERSION "1.2"
| #define DATANETLIB_VERSION_MAJOR 1
| #define DATANETLIB_VERSION_MINOR 2
| #define DATANETLIB_VERSION_RELEASE 9999
| #define DATANETLIB_SVN_REV 512
| #define PACKAGE "datanetlib"
| #define VERSION "1.2"
| /* end confdefs.h.  */
| extern "C" void exit (int) throw ();
| #include <stdlib.h>
| int
| main ()
| {
| exit (42);
|   ;
|   return 0;
| }
configure:4171: clang++ -c -g -O2  conftest.cc >&5
configure:4177: $? = 0
configure:4181: test -z 
			 || test ! -s conftest.err
configure:4184: $? = 0
configure:4187: test -s conftest.o
configure:4190: $? = 0
configure:4216: clang++ -c -g -O2  conftest.cc >&5
configure:4222: $? = 0
configure:4226: test -z 
			 || test ! -s conftest.err
configure:4229: $? = 0
configure:4232: test -s conftest.o
configure:4235: $? = 0
configure:4260: checking dependency style of clang++
configure:4350: result: gcc3
configure:4376: checking whether C++ compiler clang++ works
configure:4394: clang++ -c -g -O2  conftest.cc >&5
configure:4400: $? = 0
configure:4404: test -z 
			 || test ! -s conftest.err
configure:4407: $? = 0
configure:4410: test -s conftest.o
configure:4413: $? = 0
configure:4415: result: yes
configure:4736: clang++ -o conftest -O3 -pipe -DNDEBUG -Wparentheses -Wreturn-type -Wcast-qual -Wall -Wpointer-arith -Wwrite-strings -Wconversion -Wno-unknown-pragmas -Wno-long-long   -DDATANETLIB_BUILD   conftest.cc  >&5
configure:4742: $? = 0
configure:4746: test -z 
			 || test ! -s conftest.err
configure:4749: $? = 0
configure:4752: test -s conftest
configure:4755: $? = 0
configure:4822: C++ compiler options are: -O3 -pipe -DNDEBUG -Wparentheses -Wreturn-type -Wcast-qual -Wall -Wpointer-arith -Wwrite-strings -Wconversion -Wno-unknown-pragmas -Wno-long-long   -DDATANETLIB_BUILD
configure:4854: checking how to run the C preprocessor
configure:4972: result: clang -E
configure:4996: clang -E  conftest.c
configure:5002: $? = 0
configure:5034: clang -E  conftest.c
conftest.c:19:10: fatal error: 'ac_nonexistent.h' file not found
#include <ac_nonexistent.h>
         ^~~~~~~~~~~~~~~~~~
1 error generated.
configure:5040: $? = 1
configure: failed program was:
| /* confdefs.h.  */
| 
| #define PACKAGE_NAME "DataNetlib"
| #define PACKAGE_TARNAME "datanetlib"
| #define PACKAGE_VERSION "1.2"
| #define PACKAGE_STRING "DataNetlib 1.2"
| #define PACKAGE_BUGREPORT "https://projects.coin-or.org/BuildTools/"
| #define DATANETLIB_VERSION "1.2"
| #define DATANETLIB_VERSION_MAJOR 1
| #define DATANETLIB_VERSION_MINOR 2
| #define DATANETLIB_VERSION_RELEASE 9999
| #define DATANETLIB_SVN_REV 512
| #define PACKAGE "datanetlib"
| #define VERSION "1.2"
| #ifdef __cplusplus
| extern "C" void exit (int);
| #endif
| /* end confdefs.h.  */
| #include <ac_nonexistent.h>
configure:5084: checking for ANSI C header files
configure:5240: result: yes
configure:5264: checking for sys/types.h
configure:5310: result: yes
configure:5264: checking for sys/stat.h
configure:5310: result: yes
configure:5264: checking for stdlib.h
configure:5310: result: yes
configure:5264: checking for string.h
configure:5310: result: yes
configure:5264: checking for memory.h
configure:5310: result: yes
configure:5264: checking for strings.h
configure:5310: result: yes
configure:5264: checking for inttypes.h
configure:5310: result: yes
configure:5264: checking for stdint.h
configure:5310: result: yes
configure:5264: checking for unistd.h
configure:5310: result: yes
configure:5359: checking zlib.h usability
configure:5371: clang -c -O3 -pipe -DNDEBUG -Wimplicit -Wparentheses -Wsequence-point -Wreturn-type -Wcast-qual -Wall -Wno-unknown-pragmas -Wno-long-long   -DDATANETLIB_BUILD  conftest.c >&5
configure:5377: $? = 0
configure:5381: test -z 
			 || test ! -s conftest.err
configure:5384: $? = 0
configure:5387: test -s conftest.o
configure:5390: $? = 0
configure:5400: result: yes
configure:5404: checking zlib.h presence
configure:5414: clang -E  conftest.c
configure:5420: $? = 0
configure:5440: result: yes
configure:5475: checking for zlib.h
configure:5482: result: yes
configure:5498: checking for gzopen in -lz
configure:5528: clang -o conftest -O3 -pipe -DNDEBUG -Wimplicit -Wparentheses -Wsequence-point -Wreturn-type -Wcast-qual -Wall -Wno-unknown-pragmas -Wno-long-long   -DDATANETLIB_BUILD   conftest.c -lz   >&5
configure:5534: $? = 0
configure:5538: test -z 
			 || test ! -s conftest.err
configure:5541: $? = 0
configure:5544: test -s conftest
configure:5547: $? = 0
configure:5560: result: yes
configure:5597: checking whether this is a VPATH configuration
configure:5604: result: no
configure:5677: checking which command should be used to link input files
configure:5685: result: ln -s
configure:5924: creating ./config.status

## ---------------------- ##
## Running config.status. ##
## ---------------------- ##

This file was extended by DataNetlib config.status 1.2, which was
generated by GNU Autoconf 2.59.  Invocation command line was

  CONFIG_FILES    = 
  CONFIG_HEADERS  = 
  CONFIG_LINKS    = 
  CONFIG_COMMANDS = 
  $ ./config.status 

on GS15662.SP.CS.CMU.EDU

config.status:736: creating Makefile
config.status:736: creating coindatanetlib.pc
config.status:736: creating coindatanetlib-uninstalled.pc
config.status:919: executing depfiles commands
configure:7067: In case of trouble, first consult the troubleshooting page at https://projects.coin-or.org/BuildTools/wiki/user-troubleshooting
configure:7070: Configuration of DataNetlib successful

## ---------------- ##
## Cache variables. ##
## ---------------- ##

ac_cv_build=i386-apple-darwin18.7.0
ac_cv_build_alias=i386-apple-darwin18.7.0
ac_cv_c_compiler_gnu=yes
ac_cv_cxx_compiler_gnu=yes
ac_cv_env_ADD_CFLAGS_set=
ac_cv_env_ADD_CFLAGS_value=
ac_cv_env_ADD_CXXFLAGS_set=
ac_cv_env_ADD_CXXFLAGS_value=
ac_cv_env_ADD_FFLAGS_set=
ac_cv_env_ADD_FFLAGS_value=
ac_cv_env_CC_set=
ac_cv_env_CC_value=
ac_cv_env_CDEFS_set=
ac_cv_env_CDEFS_value=
ac_cv_env_CFLAGS_set=
ac_cv_env_CFLAGS_value=
ac_cv_env_COIN_SKIP_PROJECTS_set=
ac_cv_env_COIN_SKIP_PROJECTS_value=
ac_cv_env_CPPFLAGS_set=
ac_cv_env_CPPFLAGS_value=
ac_cv_env_CPP_set=
ac_cv_env_CPP_value=
ac_cv_env_CXXCPP_set=
ac_cv_env_CXXCPP_value=
ac_cv_env_CXXDEFS_set=
ac_cv_env_CXXDEFS_value=
ac_cv_env_CXXFLAGS_set=
ac_cv_env_CXXFLAGS_value=
ac_cv_env_CXX_set=
ac_cv_env_CXX_value=
ac_cv_env_DBG_CFLAGS_set=
ac_cv_env_DBG_CFLAGS_value=
ac_cv_env_DBG_CXXFLAGS_set=
ac_cv_env_DBG_CXXFLAGS_value=
ac_cv_env_DBG_FFLAGS_set=
ac_cv_env_DBG_FFLAGS_value=
ac_cv_env_F77_set=
ac_cv_env_F77_value=
ac_cv_env_FFLAGS_set=
ac_cv_env_FFLAGS_value=
ac_cv_env_LDFLAGS_set=
ac_cv_env_LDFLAGS_value=
ac_cv_env_MPICC_set=
ac_cv_env_MPICC_value=
ac_cv_env_MPICXX_set=
ac_cv_env_MPICXX_value=
ac_cv_env_MPIF77_set=
ac_cv_env_MPIF77_value=
ac_cv_env_OPT_CFLAGS_set=
ac_cv_env_OPT_CFLAGS_value=
ac_cv_env_OPT_CXXFLAGS_set=
ac_cv_env_OPT_CXXFLAGS_value=
ac_cv_env_OPT_FFLAGS_set=
ac_cv_env_OPT_FFLAGS_value=
ac_cv_env_build_alias_set=
ac_cv_env_build_alias_value=
ac_cv_env_host_alias_set=
ac_cv_env_host_alias_value=
ac_cv_env_target_alias_set=
ac_cv_env_target_alias_value=
ac_cv_exeext=
ac_cv_f77_compiler_gnu=yes
ac_cv_header_dlfcn_h=yes
ac_cv_header_inttypes_h=yes
ac_cv_header_memory_h=yes
ac_cv_header_stdc=yes
ac_cv_header_stdint_h=yes
ac_cv_header_stdlib_h=yes
ac_cv_header_string_h=yes
ac_cv_header_strings_h=yes
ac_cv_header_sys_stat_h=yes
ac_cv_header_sys_types_h=yes
ac_cv_header_unistd_h=yes
ac_cv_header_zlib_h=yes
ac_cv_host=i386-apple-darwin18.7.0
ac_cv_host_alias=i386-apple-darwin18.7.0
ac_cv_lib_z_gzopen=yes
ac_cv_objext=o
ac_cv_path_install='/usr/local/bin/ginstall -c'
ac_cv_prog_AWK=awk
ac_cv_prog_CPP='clang -E'
ac_cv_prog_CXXCPP='clang++ -E'
ac_cv_prog_ac_ct_AR=ar
ac_cv_prog_ac_ct_CC=clang
ac_cv_prog_ac_ct_CXX=clang++
ac_cv_prog_ac_ct_F77=gfortran
ac_cv_prog_ac_ct_RANLIB=ranlib
ac_cv_prog_ac_ct_STRIP=strip
ac_cv_prog_cc_g=yes
ac_cv_prog_cc_stdc=
ac_cv_prog_coin_doxy_usedot=YES
ac_cv_prog_coin_have_doxygen=no
ac_cv_prog_coin_have_latex=yes
ac_cv_prog_cxx_g=yes
ac_cv_prog_egrep='grep -E'
ac_cv_prog_f77_g=yes
ac_cv_prog_have_svnversion=yes
ac_cv_prog_make_make_set=yes
am_cv_CC_dependencies_compiler_type=gcc3
am_cv_CXX_dependencies_compiler_type=gcc3
lt_cv_deplibs_check_method=pass_all
lt_cv_file_magic_cmd='$MAGIC_CMD'
lt_cv_file_magic_test_file=
lt_cv_ld_reload_flag=-r
lt_cv_objdir=.libs
lt_cv_path_LD=/Library/Developer/CommandLineTools/usr/bin/ld
lt_cv_path_LDCXX=/Library/Developer/CommandLineTools/usr/bin/ld
lt_cv_path_NM='/usr/bin/nm -B'
lt_cv_path_SED=/usr/bin/sed
lt_cv_prog_compiler_c_o=yes
lt_cv_prog_compiler_c_o_CXX=yes
lt_cv_prog_compiler_c_o_F77=yes
lt_cv_prog_compiler_rtti_exceptions=yes
lt_cv_prog_gnu_ld=no
lt_cv_prog_gnu_ldcxx=no
lt_cv_sys_global_symbol_pipe='sed -n -e '\''s/^.*[ 	]\([BCDEGRST][BCDEGRST]*\)[ 	][ 	]*_\([_A-Za-z][_A-Za-z0-9]*\)$/\1 _\2 \2/p'\'''
lt_cv_sys_global_symbol_to_c_name_address='sed -n -e '\''s/^: \([^ ]*\) $/  {\"\1\", (lt_ptr) 0},/p'\'' -e '\''s/^[BCDEGRST] \([^ ]*\) \([^ ]*\)$/  {"\2", (lt_ptr) \&\2},/p'\'''
lt_cv_sys_global_symbol_to_cdecl='sed -n -e '\''s/^. .* \(.*\)$/extern int \1;/p'\'''
lt_cv_sys_max_cmd_len=196608
lt_lt_cv_prog_compiler_c_o='"yes"'
lt_lt_cv_prog_compiler_c_o_CXX='"yes"'
lt_lt_cv_prog_compiler_c_o_F77='"yes"'
lt_lt_cv_sys_global_symbol_pipe='"sed -n -e '\''s/^.*[ 	]\\([BCDEGRST][BCDEGRST]*\\)[ 	][ 	]*_\\([_A-Za-z][_A-Za-z0-9]*\\)\$/\\1 _\\2 \\2/p'\''"'
lt_lt_cv_sys_global_symbol_to_c_name_address='"sed -n -e '\''s/^: \\([^ ]*\\) \$/  {\\\"\\1\\\", (lt_ptr) 0},/p'\'' -e '\''s/^[BCDEGRST] \\([^ ]*\\) \\([^ ]*\\)\$/  {\"\\2\", (lt_ptr) \\&\\2},/p'\''"'
lt_lt_cv_sys_global_symbol_to_cdecl='"sed -n -e '\''s/^. .* \\(.*\\)\$/extern int \\1;/p'\''"'

## ----------------- ##
## Output variables. ##
## ----------------- ##

ABSBUILDDIR='/Users/ankushd/Documents/Projects/Nomos/src/clp/coin-Clp/Data/Netlib'
ACLOCAL='${SHELL} /Users/ankushd/Documents/Projects/Nomos/src/clp/coin-Clp/Data/Netlib/missing --run aclocal-1.9'
ADD_CFLAGS=''
ADD_CXXFLAGS=''
ALWAYS_FALSE_FALSE=''
ALWAYS_FALSE_TRUE='#'
AMDEPBACKSLASH='\'
AMDEP_FALSE='#'
AMDEP_TRUE=''
AMTAR='${SHELL} /Users/ankushd/Documents/Projects/Nomos/src/clp/coin-Clp/Data/Netlib/missing --run tar'
AUTOCONF='${SHELL} /Users/ankushd/Documents/Projects/Nomos/src/clp/coin-Clp/Data/Netlib/missing --run autoconf'
AUTOHEADER='${SHELL} /Users/ankushd/Documents/Projects/Nomos/src/clp/coin-Clp/Data/Netlib/missing --run autoheader'
AUTOMAKE='${SHELL} /Users/ankushd/Documents/Projects/Nomos/src/clp/coin-Clp/Data/Netlib/missing --run automake-1.9'
AUX_DIR=''
AWK='awk'
BUILDTOOLSDIR=''
CC='clang'
CCDEPMODE='depmode=gcc3'
CDEFS=''
CFLAGS='-O3 -pipe -DNDEBUG -Wimplicit -Wparentheses -Wsequence-point -Wreturn-type -Wcast-qual -Wall -Wno-unknown-pragmas -Wno-long-long   -DDATANETLIB_BUILD'
COIN_CC_IS_CL_FALSE=''
COIN_CC_IS_CL_TRUE='#'
COIN_CXX_IS_CL_FALSE=''
COIN_CXX_IS_CL_TRUE='#'
COIN_HAS_ZLIB_FALSE='#'
COIN_HAS_ZLIB_TRUE=''
CPP='clang -E'
CPPFLAGS=''
CXX='clang++'
CXXDEFS=''
CXXDEPMODE='depmode=gcc3'
CXXFLAGS='-O3 -pipe -DNDEBUG -Wparentheses -Wreturn-type -Wcast-qual -Wall -Wpointer-arith -Wwrite-strings -Wconversion -Wno-unknown-pragmas -Wno-long-long   -DDATANETLIB_BUILD'
CYGPATH_W='echo'
DATANETLIB_SVN_REV='512'
DBG_CFLAGS='-g -O0 -pipe -Wimplicit -Wparentheses -Wsequence-point -Wreturn-type -Wcast-qual -Wall -Wno-unknown-pragmas -Wno-long-long  '
DBG_CXXFLAGS='-g -O0 -pipe -Wparentheses -Wreturn-type -Wcast-qual -Wall -Wpointer-arith -Wwrite-strings -Wconversion -Wno-unknown-pragmas -Wno-long-long  '
DEFS='-DPACKAGE_NAME=\"DataNetlib\" -DPACKAGE_TARNAME=\"datanetlib\" -DPACKAGE_VERSION=\"1.2\" -DPACKAGE_STRING=\"DataNetlib\ 1.2\" -DPACKAGE_BUGREPORT=\"https://projects.coin-or.org/BuildTools/\" -DDATANETLIB_VERSION=\"1.2\" -DDATANETLIB_VERSION_MAJOR=1 -DDATANETLIB_VERSION_MINOR=2 -DDATANETLIB_VERSION_RELEASE=9999 -DDATANETLIB_SVN_REV=512 -DPACKAGE=\"datanetlib\" -DVERSION=\"1.2\" -DSTDC_HEADERS=1 -DHAVE_SYS_TYPES_H=1 -DHAVE_SYS_STAT_H=1 -DHAVE_STDLIB_H=1 -DHAVE_STRING_H=1 -DHAVE_MEMORY_H=1 -DHAVE_STRINGS_H=1 -DHAVE_INTTYPES_H=1 -DHAVE_STDINT_H=1 -DHAVE_UNISTD_H=1 -DHAVE_ZLIB_H=1 -DCOIN_HAS_ZLIB=1 '
DEPDIR='.deps'
ECHO_C='ECHO_N=''
ECHO_T=''
EGREP='grep -E'
EXAMPLE_CLEAN_FILES=''
EXAMPLE_FILES=' 25fv47.mps.gz 80bau3b.mps.gz adlittle.mps.gz afiro.mps.gz agg.mps.gz agg2.mps.gz agg3.mps.gz bandm.mps.gz beaconfd.mps.gz blend.mps.gz bnl1.mps.gz bnl2.mps.gz boeing1.mps.gz boeing2.mps.gz bore3d.mps.gz brandy.mps.gz capri.mps.gz cycle.mps.gz czprob.mps.gz d2q06c.mps.gz d6cube.mps.gz degen2.mps.gz degen3.mps.gz dfl001.mps.gz e226.mps.gz etamacro.mps.gz fffff800.mps.gz finnis.mps.gz fit1d.mps.gz fit1p.mps.gz fit2d.mps.gz fit2p.mps.gz forplan.mps.gz ganges.mps.gz gfrd-pnc.mps.gz greenbea.mps.gz greenbeb.mps.gz grow15.mps.gz grow22.mps.gz grow7.mps.gz israel.mps.gz kb2.mps.gz lotfi.mps.gz maros-r7.mps.gz maros.mps.gz modszk1.mps.gz nesm.mps.gz perold.mps.gz pilot.mps.gz pilot4.mps.gz pilot87.mps.gz pilotnov.mps.gz recipe.mps.gz sc105.mps.gz sc205.mps.gz sc50a.mps.gz sc50b.mps.gz scagr25.mps.gz scagr7.mps.gz scfxm1.mps.gz scfxm2.mps.gz scfxm3.mps.gz scorpion.mps.gz scrs8.mps.gz scsd1.mps.gz scsd6.mps.gz scsd8.mps.gz sctap1.mps.gz sctap2.mps.gz sctap3.mps.gz seba.mps.gz share1b.mps.gz share2b.mps.gz shell.mps.gz ship04l.mps.gz ship04s.mps.gz ship08l.mps.gz ship08s.mps.gz ship12l.mps.gz ship12s.mps.gz sierra.mps.gz stair.mps.gz standata.mps.gz standgub.mps.gz standmps.mps.gz stocfor1.mps.gz stocfor2.mps.gz tuff.mps.gz vtpbase.mps.gz wood1p.mps.gz woodw.mps.gz'
EXAMPLE_UNCOMPRESSED_FILES=' 25fv47.mps 80bau3b.mps adlittle.mps afiro.mps agg.mps agg2.mps agg3.mps bandm.mps beaconfd.mps blend.mps bnl1.mps bnl2.mps boeing1.mps boeing2.mps bore3d.mps brandy.mps capri.mps cycle.mps czprob.mps d2q06c.mps d6cube.mps degen2.mps degen3.mps dfl001.mps e226.mps etamacro.mps fffff800.mps finnis.mps fit1d.mps fit1p.mps fit2d.mps fit2p.mps forplan.mps ganges.mps gfrd-pnc.mps greenbea.mps greenbeb.mps grow15.mps grow22.mps grow7.mps israel.mps kb2.mps lotfi.mps maros-r7.mps maros.mps modszk1.mps nesm.mps perold.mps pilot.mps pilot4.mps pilot87.mps pilotnov.mps recipe.mps sc105.mps sc205.mps sc50a.mps sc50b.mps scagr25.mps scagr7.mps scfxm1.mps scfxm2.mps scfxm3.mps scorpion.mps scrs8.mps scsd1.mps scsd6.mps scsd8.mps sctap1.mps sctap2.mps sctap3.mps seba.mps share1b.mps share2b.mps shell.mps ship04l.mps ship04s.mps ship08l.mps ship08s.mps ship12l.mps ship12s.mps sierra.mps stair.mps standata.mps standgub.mps standmps.mps stocfor1.mps stocfor2.mps tuff.mps vtpbase.mps wood1p.mps woodw.mps'
EXEEXT=''
HAVE_EXTERNALS_FALSE=''
HAVE_EXTERNALS_TRUE='#'
INSTALL_DATA='${INSTALL} -m 644'
INSTALL_PROGRAM='${INSTALL}'
INSTALL_SCRIPT='${INSTALL}'
INSTALL_STRIP_PROGRAM='${SHELL} $(install_sh) -c -s'
LDFLAGS=''
LIBEXT='a'
LIBOBJS=''
LIBS=''
LIBTOOLM4=''
LN_S='ln -s'
LTLIBOBJS=''
MAINT='#'
MAINTAINER_MODE_FALSE=''
MAINTAINER_MODE_TRUE='#'
MAKEINFO='${SHELL} /Users/ankushd/Documents/Projects/Nomos/src/clp/coin-Clp/Data/Netlib/missing --run makeinfo'
MPICC=''
MPICXX=''
OBJEXT='o'
OPT_CFLAGS='-O3 -pipe -DNDEBUG -Wimplicit -Wparentheses -Wsequence-point -Wreturn-type -Wcast-qual -Wall -Wno-unknown-pragmas -Wno-long-long  '
OPT_CXXFLAGS='-O3 -pipe -DNDEBUG -Wparentheses -Wreturn-type -Wcast-qual -Wall -Wpointer-arith -Wwrite-strings -Wconversion -Wno-unknown-pragmas -Wno-long-long  '
PACKAGE='datanetlib'
PACKAGE_BUGREPORT='https://projects.coin-or.org/BuildTools/'
PACKAGE_NAME='DataNetlib'
PACKAGE_STRING='DataNetlib 1.2'
PACKAGE_TARNAME='datanetlib'
PACKAGE_VERSION='1.2'
PATH_SEPARATOR=':'
SET_MAKE=''
SHELL='/bin/sh'
STRIP=''
VERSION='1.2'
VPATH_DISTCLEANFILES=''
abs_bin_dir='/Users/ankushd/Documents/Projects/Nomos/src/clp/coin-Clp/bin'
abs_include_dir='/Users/ankushd/Documents/Projects/Nomos/src/clp/coin-Clp/include'
abs_lib_dir='/Users/ankushd/Documents/Projects/Nomos/src/clp/coin-Clp/lib'
abs_source_dir='/Users/ankushd/Documents/Projects/Nomos/src/clp/coin-Clp/Data/Netlib'
ac_ct_CC='clang'
ac_ct_CXX='clang++'
ac_ct_STRIP=''
am__fastdepCC_FALSE='#'
am__fastdepCC_TRUE=''
am__fastdepCXX_FALSE='#'
am__fastdepCXX_TRUE=''
am__include='include'
am__leading_dot='.'
am__quote=''
am__tar='${AMTAR} chof - "$$tardir"'
am__untar='${AMTAR} xf -'
bindir='${exec_prefix}/bin'
build='i386-apple-darwin18.7.0'
build_alias=''
build_cpu='i386'
build_os='darwin18.7.0'
build_vendor='apple'
datadir='${prefix}/share'
exec_prefix='${prefix}'
have_autoconf=''
have_automake=''
have_svn=''
have_svnversion='yes'
host_alias=''
includedir='${prefix}/include'
infodir='${prefix}/info'
install_sh='/Users/ankushd/Documents/Projects/Nomos/src/clp/coin-Clp/Data/Netlib/install-sh'
libdir='${exec_prefix}/lib'
libexecdir='${exec_prefix}/libexec'
localstatedir='${prefix}/var'
mandir='${prefix}/man'
mkdir_p='$(install_sh) -d'
oldincludedir='/usr/include'
prefix='/Users/ankushd/Documents/Projects/Nomos/src/clp/coin-Clp'
program_transform_name='s,x,x,'
sbindir='${exec_prefix}/sbin'
sharedstatedir='${prefix}/com'
sol_cc_compiler=''
sysconfdir='${prefix}/etc'
target_alias=''

## ----------- ##
## confdefs.h. ##
## ----------- ##

#define COIN_HAS_ZLIB 1
#define DATANETLIB_SVN_REV 512
#define DATANETLIB_VERSION "1.2"
#define DATANETLIB_VERSION_MAJOR 1
#define DATANETLIB_VERSION_MINOR 2
#define DATANETLIB_VERSION_RELEASE 9999
#define HAVE_INTTYPES_H 1
#define HAVE_MEMORY_H 1
#define HAVE_STDINT_H 1
#define HAVE_STDLIB_H 1
#define HAVE_STRINGS_H 1
#define HAVE_STRING_H 1
#define HAVE_SYS_STAT_H 1
#define HAVE_SYS_TYPES_H 1
#define HAVE_UNISTD_H 1
#define HAVE_ZLIB_H 1
#define PACKAGE "datanetlib"
#define PACKAGE_BUGREPORT "https://projects.coin-or.org/BuildTools/"
#define PACKAGE_NAME "DataNetlib"
#define PACKAGE_STRING "DataNetlib 1.2"
#define PACKAGE_TARNAME "datanetlib"
#define PACKAGE_VERSION "1.2"
#define STDC_HEADERS 1
#define VERSION "1.2"
#endif
#ifdef __cplusplus
extern "C" void exit (int);

configure: exit 0
