This file contains any messages produced by compilers while
running configure, to aid debugging if configure makes a mistake.

It was created by Clp configure 1.16, which was
generated by GNU Autoconf 2.59.  Invocation command line was

  $ ./configure --prefix=/home/ankush/Documents/Nomos/clp/coin-Clp -C --cache-file=../config.cache --srcdir=.

## --------- ##
## Platform. ##
## --------- ##

hostname = ankush-nuc
uname -m = x86_64
uname -r = 5.4.0-26-generic
uname -s = Linux
uname -v = #30-Ubuntu SMP Mon Apr 20 16:58:30 UTC 2020

/usr/bin/uname -p = x86_64
/bin/uname -X     = unknown

/bin/arch              = x86_64
/usr/bin/arch -k       = unknown
/usr/convex/getsysinfo = unknown
hostinfo               = unknown
/bin/machine           = unknown
/usr/bin/oslevel       = unknown
/bin/universe          = unknown

PATH: /home/ankush/.opam/default/bin
PATH: /usr/local/sbin
PATH: /usr/local/bin
PATH: /usr/sbin
PATH: /usr/bin
PATH: /sbin
PATH: /bin
PATH: /usr/games
PATH: /usr/local/games
PATH: /snap/bin


## ----------- ##
## Core tests. ##
## ----------- ##

configure:1569: loading cache ../config.cache
configure:1714: checking build system type
configure:1732: result: x86_64-unknown-linux-gnu
configure:1805: checking for svnversion
configure:1832: result: yes
configure:1861: checking whether we want to compile in debug mode
configure:1907: result: no
configure:2157: checking for gcc
configure:2183: result: gcc
configure:2204: checking for C compiler version
configure:2207: gcc --version </dev/null >&5
gcc (Ubuntu 9.3.0-10ubuntu2) 9.3.0
Copyright (C) 2019 Free Software Foundation, Inc.
This is free software; see the source for copying conditions.  There is NO
warranty; not even for MERCHANTABILITY or FITNESS FOR A PARTICULAR PURPOSE.

configure:2210: $? = 0
configure:2212: gcc -v </dev/null >&5
Using built-in specs.
COLLECT_GCC=gcc
COLLECT_LTO_WRAPPER=/usr/lib/gcc/x86_64-linux-gnu/9/lto-wrapper
OFFLOAD_TARGET_NAMES=nvptx-none:hsa
OFFLOAD_TARGET_DEFAULT=1
Target: x86_64-linux-gnu
Configured with: ../src/configure -v --with-pkgversion='Ubuntu 9.3.0-10ubuntu2' --with-bugurl=file:///usr/share/doc/gcc-9/README.Bugs --enable-languages=c,ada,c++,go,brig,d,fortran,objc,obj-c++,gm2 --prefix=/usr --with-gcc-major-version-only --program-suffix=-9 --program-prefix=x86_64-linux-gnu- --enable-shared --enable-linker-build-id --libexecdir=/usr/lib --without-included-gettext --enable-threads=posix --libdir=/usr/lib --enable-nls --enable-clocale=gnu --enable-libstdcxx-debug --enable-libstdcxx-time=yes --with-default-libstdcxx-abi=new --enable-gnu-unique-object --disable-vtable-verify --enable-plugin --enable-default-pie --with-system-zlib --with-target-system-zlib=auto --enable-objc-gc=auto --enable-multiarch --disable-werror --with-arch-32=i686 --with-abi=m64 --with-multilib-list=m32,m64,mx32 --enable-multilib --with-tune=generic --enable-offload-targets=nvptx-none,hsa --without-cuda-driver --enable-checking=release --build=x86_64-linux-gnu --host=x86_64-linux-gnu --target=x86_64-linux-gnu
Thread model: posix
gcc version 9.3.0 (Ubuntu 9.3.0-10ubuntu2) 
configure:2215: $? = 0
configure:2217: gcc -V </dev/null >&5
gcc: error: unrecognized command line option '-V'
gcc: fatal error: no input files
compilation terminated.
configure:2220: $? = 1
configure:2243: checking for C compiler default output file name
configure:2246: gcc    conftest.c  >&5
configure:2249: $? = 0
configure:2295: result: a.out
configure:2300: checking whether the C compiler works
configure:2306: ./a.out
configure:2309: $? = 0
configure:2326: result: yes
configure:2333: checking whether we are cross compiling
configure:2335: result: no
configure:2338: checking for suffix of executables
configure:2340: gcc -o conftest    conftest.c  >&5
configure:2343: $? = 0
configure:2368: result: 
configure:2374: checking for suffix of object files
configure:2420: result: o
configure:2424: checking whether we are using the GNU C compiler
configure:2480: result: yes
configure:2486: checking whether gcc accepts -g
configure:2537: result: yes
configure:2554: checking for gcc option to accept ANSI C
configure:2661: result: none needed
configure:2679: gcc -c -g -O2  conftest.c >&5
conftest.c:2:3: error: unknown type name 'choke'
    2 |   choke me
      |   ^~~~~
conftest.c:2:3: error: expected '=', ',', ';', 'asm' or '__attribute__' at end of input
configure:2685: $? = 1
configure: failed program was:
| #ifndef __cplusplus
|   choke me
| #endif
configure:3106: gcc -o conftest -O3 -pipe -DNDEBUG -Wimplicit -Wparentheses -Wsequence-point -Wreturn-type -Wcast-qual -Wall -Wno-unknown-pragmas -Wno-long-long   -DCLP_BUILD   conftest.c  >&5
configure:3112: $? = 0
configure:3116: test -z 
			 || test ! -s conftest.err
configure:3119: $? = 0
configure:3122: test -s conftest
configure:3125: $? = 0
configure:3192: C compiler options are: -O3 -pipe -DNDEBUG -Wimplicit -Wparentheses -Wsequence-point -Wreturn-type -Wcast-qual -Wall -Wno-unknown-pragmas -Wno-long-long   -DCLP_BUILD
configure:3307: checking for g++
configure:3333: result: g++
configure:3349: checking for C++ compiler version
configure:3352: g++ --version </dev/null >&5
g++ (Ubuntu 9.3.0-10ubuntu2) 9.3.0
Copyright (C) 2019 Free Software Foundation, Inc.
This is free software; see the source for copying conditions.  There is NO
warranty; not even for MERCHANTABILITY or FITNESS FOR A PARTICULAR PURPOSE.

configure:3355: $? = 0
configure:3357: g++ -v </dev/null >&5
Using built-in specs.
COLLECT_GCC=g++
COLLECT_LTO_WRAPPER=/usr/lib/gcc/x86_64-linux-gnu/9/lto-wrapper
OFFLOAD_TARGET_NAMES=nvptx-none:hsa
OFFLOAD_TARGET_DEFAULT=1
Target: x86_64-linux-gnu
Configured with: ../src/configure -v --with-pkgversion='Ubuntu 9.3.0-10ubuntu2' --with-bugurl=file:///usr/share/doc/gcc-9/README.Bugs --enable-languages=c,ada,c++,go,brig,d,fortran,objc,obj-c++,gm2 --prefix=/usr --with-gcc-major-version-only --program-suffix=-9 --program-prefix=x86_64-linux-gnu- --enable-shared --enable-linker-build-id --libexecdir=/usr/lib --without-included-gettext --enable-threads=posix --libdir=/usr/lib --enable-nls --enable-clocale=gnu --enable-libstdcxx-debug --enable-libstdcxx-time=yes --with-default-libstdcxx-abi=new --enable-gnu-unique-object --disable-vtable-verify --enable-plugin --enable-default-pie --with-system-zlib --with-target-system-zlib=auto --enable-objc-gc=auto --enable-multiarch --disable-werror --with-arch-32=i686 --with-abi=m64 --with-multilib-list=m32,m64,mx32 --enable-multilib --with-tune=generic --enable-offload-targets=nvptx-none,hsa --without-cuda-driver --enable-checking=release --build=x86_64-linux-gnu --host=x86_64-linux-gnu --target=x86_64-linux-gnu
Thread model: posix
gcc version 9.3.0 (Ubuntu 9.3.0-10ubuntu2) 
configure:3360: $? = 0
configure:3362: g++ -V </dev/null >&5
g++: error: unrecognized command line option '-V'
g++: fatal error: no input files
compilation terminated.
configure:3365: $? = 1
configure:3368: checking whether we are using the GNU C++ compiler
configure:3424: result: yes
configure:3430: checking whether g++ accepts -g
configure:3481: result: yes
configure:3523: g++ -c -g -O2  conftest.cc >&5
configure:3529: $? = 0
configure:3533: test -z 
			 || test ! -s conftest.err
configure:3536: $? = 0
configure:3539: test -s conftest.o
configure:3542: $? = 0
configure:3568: g++ -c -g -O2  conftest.cc >&5
conftest.cc: In function 'int main()':
conftest.cc:20:1: error: 'exit' was not declared in this scope
   20 | exit (42);
      | ^~~~
configure:3574: $? = 1
configure: failed program was:
| /* confdefs.h.  */
| 
| #define PACKAGE_NAME "Clp"
| #define PACKAGE_TARNAME "clp"
| #define PACKAGE_VERSION "1.16"
| #define PACKAGE_STRING "Clp 1.16"
| #define PACKAGE_BUGREPORT "clp@list.coin-or.org"
| #define CLP_VERSION "1.16"
| #define CLP_VERSION_MAJOR 1
| #define CLP_VERSION_MINOR 16
| #define CLP_VERSION_RELEASE 9999
| #define CLP_SVN_REV 2711
| #define COIN_CLP_VERBOSITY 0
| #define COIN_CLP_CHECKLEVEL 0
| /* end confdefs.h.  */
| 
| int
| main ()
| {
| exit (42);
|   ;
|   return 0;
| }
configure:3523: g++ -c -g -O2  conftest.cc >&5
configure:3529: $? = 0
configure:3533: test -z 
			 || test ! -s conftest.err
configure:3536: $? = 0
configure:3539: test -s conftest.o
configure:3542: $? = 0
configure:3568: g++ -c -g -O2  conftest.cc >&5
configure:3574: $? = 0
configure:3578: test -z 
			 || test ! -s conftest.err
configure:3581: $? = 0
configure:3584: test -s conftest.o
configure:3587: $? = 0
configure:3619: checking whether C++ compiler g++ works
configure:3637: g++ -c -g -O2  conftest.cc >&5
configure:3643: $? = 0
configure:3647: test -z 
			 || test ! -s conftest.err
configure:3650: $? = 0
configure:3653: test -s conftest.o
configure:3656: $? = 0
configure:3658: result: yes
configure:3979: g++ -o conftest -O3 -pipe -DNDEBUG -Wparentheses -Wreturn-type -Wcast-qual -Wall -Wpointer-arith -Wwrite-strings -Wconversion -Wno-unknown-pragmas -Wno-long-long   -DCLP_BUILD   conftest.cc  >&5
configure:3985: $? = 0
configure:3989: test -z 
			 || test ! -s conftest.err
configure:3992: $? = 0
configure:3995: test -s conftest
configure:3998: $? = 0
configure:4065: C++ compiler options are: -O3 -pipe -DNDEBUG -Wparentheses -Wreturn-type -Wcast-qual -Wall -Wpointer-arith -Wwrite-strings -Wconversion -Wno-unknown-pragmas -Wno-long-long   -DCLP_BUILD
configure:4184: checking for egrep
configure:4194: result: grep -E
configure:4199: checking whether ln -s works
configure:4203: result: yes
configure:4224: checking for a BSD-compatible install
configure:4279: result: /usr/bin/install -c
configure:4290: checking whether build environment is sane
configure:4333: result: yes
configure:4398: checking for gawk
configure:4424: result: mawk
configure:4434: checking whether make sets $(MAKE)
configure:4454: result: yes
configure:4484: checking for style of include used by make
configure:4512: result: GNU
configure:4693: checking dependency style of gcc
configure:4783: result: gcc3
configure:4802: checking dependency style of g++
configure:4892: result: gcc3
configure:4910: checking whether to enable maintainer-specific portions of Makefiles
configure:4919: result: no
configure:20417: Using libtool script in directory ..
configure:20516: checking if library version is set
configure:20523: result: no
configure:20593: checking for pkg-config
configure:20619: result: pkg-config
configure:20634: checking pkg-config is at least version 0.16.0
configure:20637: result: yes
configure:20733: checking for COIN-OR package CoinUtils
configure:20875: result: yes: 2.10 
configure:21248: checking for COIN-OR package Osi
configure:21390: result: yes: 0.107 
configure:21758: checking for COIN-OR package OsiTests
configure:21889: result: yes: 0.107 
configure:22238: checking for COIN-OR package Sample
configure:22369: result: yes: 1.2 
configure:22718: checking for COIN-OR package Netlib
configure:22849: result: yes: 1.2 
configure:23248: checking if user provides library for AMD
configure:23293: result: no
configure:23441: checking if user provides library for CHOLMOD
configure:23486: result: no
configure:23632: checking for COIN-OR package Glpk
configure:23796: result: not given: No package 'coinglpk' found
configure:24166: checking for COIN-OR package Mumps
configure:24330: result: not given: No package 'coinmumps' found
configure:30082: checking for COIN-OR package ASL
configure:30246: result: not given: No package 'coinasl' found
configure:30944: checking for cmath
configure:30949: result: yes
configure:31273: checking for cfloat
configure:31278: result: yes
configure:31602: checking for cieeefp
configure:31607: result: no
configure:31760: checking for ieeefp.h
configure:31765: result: no
configure:31923: checking whether this is a VPATH configuration
configure:31930: result: no
configure:31980: configuring doxygen documentation options
configure:31987: checking for doxygen
configure:32014: result: no
configure:32023: checking for latex
configure:32050: result: no
configure:32078: checking for dot
configure:32105: result: NO
configure:32156: checking for doxygen doc'n for CoinUtils 
configure:32172: result: ../CoinUtils/doxydoc (tag)
configure:32156: checking for doxygen doc'n for Osi 
configure:32172: result: ../Osi/doxydoc (tag)
configure:32223: checking which command should be used to link input files
configure:32231: result: ln -s
configure:32642: creating ./config.status

## ---------------------- ##
## Running config.status. ##
## ---------------------- ##

This file was extended by Clp config.status 1.16, which was
generated by GNU Autoconf 2.59.  Invocation command line was

  CONFIG_FILES    = 
  CONFIG_HEADERS  = 
  CONFIG_LINKS    = 
  CONFIG_COMMANDS = 
  $ ./config.status 

on ankush-nuc

config.status:882: creating Makefile
config.status:882: creating examples/Makefile
config.status:882: creating src/Makefile
config.status:882: creating src/OsiClp/Makefile
config.status:882: creating test/Makefile
config.status:882: creating clp.pc
config.status:882: creating clp-uninstalled.pc
config.status:882: creating osi-clp.pc
config.status:882: creating osi-clp-uninstalled.pc
config.status:882: creating doxydoc/doxygen.conf
config.status:986: creating src/config.h
config.status:986: creating src/config_clp.h
config.status:1302: executing depfiles commands
configure:34189: In case of trouble, first consult the troubleshooting page at https://projects.coin-or.org/BuildTools/wiki/user-troubleshooting
configure:34192: Configuration of Clp successful

## ---------------- ##
## Cache variables. ##
## ---------------- ##

ac_cv_build=x86_64-unknown-linux-gnu
ac_cv_build_alias=x86_64-unknown-linux-gnu
ac_cv_c_compiler_gnu=yes
ac_cv_cxx_compiler_gnu=yes
ac_cv_env_ADD_CFLAGS_set=
ac_cv_env_ADD_CFLAGS_value=
ac_cv_env_ADD_CXXFLAGS_set=
ac_cv_env_ADD_CXXFLAGS_value=
ac_cv_env_ADD_FFLAGS_set=
ac_cv_env_ADD_FFLAGS_value=
ac_cv_env_CC_set=
ac_cv_env_CC_value=
ac_cv_env_CDEFS_set=
ac_cv_env_CDEFS_value=
ac_cv_env_CFLAGS_set=
ac_cv_env_CFLAGS_value=
ac_cv_env_COIN_SKIP_PROJECTS_set=
ac_cv_env_COIN_SKIP_PROJECTS_value=
ac_cv_env_CPPFLAGS_set=
ac_cv_env_CPPFLAGS_value=
ac_cv_env_CPP_set=
ac_cv_env_CPP_value=
ac_cv_env_CXXCPP_set=
ac_cv_env_CXXCPP_value=
ac_cv_env_CXXDEFS_set=
ac_cv_env_CXXDEFS_value=
ac_cv_env_CXXFLAGS_set=
ac_cv_env_CXXFLAGS_value=
ac_cv_env_CXX_set=
ac_cv_env_CXX_value=
ac_cv_env_DBG_CFLAGS_set=
ac_cv_env_DBG_CFLAGS_value=
ac_cv_env_DBG_CXXFLAGS_set=
ac_cv_env_DBG_CXXFLAGS_value=
ac_cv_env_DBG_FFLAGS_set=
ac_cv_env_DBG_FFLAGS_value=
ac_cv_env_F77_set=
ac_cv_env_F77_value=
ac_cv_env_FFLAGS_set=
ac_cv_env_FFLAGS_value=
ac_cv_env_LDFLAGS_set=
ac_cv_env_LDFLAGS_value=
ac_cv_env_MPICC_set=
ac_cv_env_MPICC_value=
ac_cv_env_MPICXX_set=
ac_cv_env_MPICXX_value=
ac_cv_env_MPIF77_set=
ac_cv_env_MPIF77_value=
ac_cv_env_OPT_CFLAGS_set=
ac_cv_env_OPT_CFLAGS_value=
ac_cv_env_OPT_CXXFLAGS_set=
ac_cv_env_OPT_CXXFLAGS_value=
ac_cv_env_OPT_FFLAGS_set=
ac_cv_env_OPT_FFLAGS_value=
ac_cv_env_PKG_CONFIG_set=
ac_cv_env_PKG_CONFIG_value=
ac_cv_env_build_alias_set=
ac_cv_env_build_alias_value=
ac_cv_env_host_alias_set=
ac_cv_env_host_alias_value=
ac_cv_env_target_alias_set=
ac_cv_env_target_alias_value=
ac_cv_exeext=
ac_cv_have_decl_finite=yes
ac_cv_have_decl_isfinite=no
ac_cv_have_decl_isnan=no
ac_cv_have_decl_std__isnan_42_42_=yes
ac_cv_header_bzlib_h=no
ac_cv_header_cfloat=yes
ac_cv_header_cieeefp=no
ac_cv_header_cinttypes=yes
ac_cv_header_cmath=yes
ac_cv_header_cstdint=yes
ac_cv_header_dlfcn_h=yes
ac_cv_header_endian_h=yes
ac_cv_header_ieeefp_h=no
ac_cv_header_inttypes_h=yes
ac_cv_header_memory_h=yes
ac_cv_header_stdc=yes
ac_cv_header_stdint_h=yes
ac_cv_header_stdlib_h=yes
ac_cv_header_string_h=yes
ac_cv_header_strings_h=yes
ac_cv_header_sys_stat_h=yes
ac_cv_header_sys_types_h=yes
ac_cv_header_unistd_h=yes
ac_cv_header_windows_h=no
ac_cv_header_zlib_h=no
ac_cv_host=x86_64-unknown-linux-gnu
ac_cv_host_alias=x86_64-unknown-linux-gnu
ac_cv_objext=o
ac_cv_path_install='/usr/bin/install -c'
ac_cv_prog_AWK=mawk
ac_cv_prog_CPP='gcc -E'
ac_cv_prog_CXXCPP='g++ -E'
ac_cv_prog_ac_ct_AR=ar
ac_cv_prog_ac_ct_CC=gcc
ac_cv_prog_ac_ct_CXX=g++
ac_cv_prog_ac_ct_PKG_CONFIG=pkg-config
ac_cv_prog_ac_ct_RANLIB=ranlib
ac_cv_prog_ac_ct_STRIP=strip
ac_cv_prog_cc_g=yes
ac_cv_prog_cc_stdc=
ac_cv_prog_coin_doxy_usedot=NO
ac_cv_prog_coin_have_doxygen=no
ac_cv_prog_coin_have_latex=no
ac_cv_prog_cxx_g=yes
ac_cv_prog_egrep='grep -E'
ac_cv_prog_have_svnversion=yes
ac_cv_prog_make_make_set=yes
ac_cv_type_int64_t=yes
ac_cv_type_intptr_t=yes
am_cv_CC_dependencies_compiler_type=gcc3
am_cv_CXX_dependencies_compiler_type=gcc3
lt_cv_deplibs_check_method=pass_all
lt_cv_file_magic_cmd='$MAGIC_CMD'
lt_cv_file_magic_test_file=
lt_cv_ld_reload_flag=-r
lt_cv_objdir=.libs
lt_cv_path_LD=/usr/bin/ld
lt_cv_path_LDCXX='/usr/bin/ld -m elf_x86_64'
lt_cv_path_NM='/usr/bin/nm -B'
lt_cv_path_SED=/usr/bin/sed
lt_cv_prog_compiler_c_o=yes
lt_cv_prog_compiler_c_o_CXX=yes
lt_cv_prog_compiler_c_o_F77=no
lt_cv_prog_compiler_rtti_exceptions=no
lt_cv_prog_gnu_ld=yes
lt_cv_prog_gnu_ldcxx=yes
lt_cv_sys_global_symbol_pipe='sed -n -e '\''s/^.*[ 	]\([ABCDGIRSTW][ABCDGIRSTW]*\)[ 	][ 	]*\([_A-Za-z][_A-Za-z0-9]*\)$/\1 \2 \2/p'\'''
lt_cv_sys_global_symbol_to_c_name_address='sed -n -e '\''s/^: \([^ ]*\) $/  {\"\1\", (lt_ptr) 0},/p'\'' -e '\''s/^[BCDEGRST] \([^ ]*\) \([^ ]*\)$/  {"\2", (lt_ptr) \&\2},/p'\'''
lt_cv_sys_global_symbol_to_cdecl='sed -n -e '\''s/^. .* \(.*\)$/extern int \1;/p'\'''
lt_cv_sys_max_cmd_len=32768
lt_lt_cv_prog_compiler_c_o='"yes"'
lt_lt_cv_prog_compiler_c_o_CXX='"yes"'
lt_lt_cv_prog_compiler_c_o_F77='"no"'
lt_lt_cv_sys_global_symbol_pipe='"sed -n -e '\''s/^.*[ 	]\\([ABCDGIRSTW][ABCDGIRSTW]*\\)[ 	][ 	]*\\([_A-Za-z][_A-Za-z0-9]*\\)\$/\\1 \\2 \\2/p'\''"'
lt_lt_cv_sys_global_symbol_to_c_name_address='"sed -n -e '\''s/^: \\([^ ]*\\) \$/  {\\\"\\1\\\", (lt_ptr) 0},/p'\'' -e '\''s/^[BCDEGRST] \\([^ ]*\\) \\([^ ]*\\)\$/  {\"\\2\", (lt_ptr) \\&\\2},/p'\''"'
lt_lt_cv_sys_global_symbol_to_cdecl='"sed -n -e '\''s/^. .* \\(.*\\)\$/extern int \\1;/p'\''"'

## ----------------- ##
## Output variables. ##
## ----------------- ##

ABSBUILDDIR='/home/ankush/Documents/Nomos/clp/coin-Clp/Clp'
ACLOCAL='${SHELL} /home/ankush/Documents/Nomos/clp/coin-Clp/Clp/missing --run aclocal-1.9'
ADD_CFLAGS=''
ADD_CXXFLAGS=''
ADD_FFLAGS=''
ALWAYS_FALSE_FALSE=''
ALWAYS_FALSE_TRUE='#'
AMDEPBACKSLASH='\'
AMDEP_FALSE='#'
AMDEP_TRUE=''
AMDINCDIR=''
AMDLIB=''
AMTAR='${SHELL} /home/ankush/Documents/Nomos/clp/coin-Clp/Clp/missing --run tar'
AR='ar'
ASL_CFLAGS=''
ASL_CFLAGS_INSTALLED=''
ASL_DATA=''
ASL_DATA_INSTALLED=''
ASL_DEPENDENCIES=''
ASL_LIBS=''
ASL_LIBS_INSTALLED=''
AUTOCONF='${SHELL} /home/ankush/Documents/Nomos/clp/coin-Clp/Clp/missing --run autoconf'
AUTOHEADER='${SHELL} /home/ankush/Documents/Nomos/clp/coin-Clp/Clp/missing --run autoheader'
AUTOMAKE='${SHELL} /home/ankush/Documents/Nomos/clp/coin-Clp/Clp/missing --run automake-1.9'
AUX_DIR=''
AWK='mawk'
BLAS_CFLAGS=''
BLAS_CFLAGS_INSTALLED=''
BLAS_DATA=''
BLAS_DATA_INSTALLED=''
BLAS_DEPENDENCIES=''
BLAS_LIBS=''
BLAS_LIBS_INSTALLED=''
BUILDTOOLSDIR=''
CC='gcc'
CCDEPMODE='depmode=gcc3'
CDEFS=''
CFLAGS='-O3 -pipe -DNDEBUG -Wimplicit -Wparentheses -Wsequence-point -Wreturn-type -Wcast-qual -Wall -Wno-unknown-pragmas -Wno-long-long   -DCLP_BUILD'
CHOLMODINCDIR=''
CHOLMODLIB=''
CLPLIB_CFLAGS='-I/home/ankush/Documents/Nomos/clp/coin-Clp/CoinUtils/src '
CLPLIB_CFLAGS_INSTALLED=''
CLPLIB_DEPENDENCIES=' /home/ankush/Documents/Nomos/clp/coin-Clp/CoinUtils/src/libCoinUtils.la  '
CLPLIB_LIBS='/home/ankush/Documents/Nomos/clp/coin-Clp/CoinUtils/src/libCoinUtils.la -lm '
CLPLIB_LIBS_INSTALLED=''
CLPLIB_PCLIBS=''
CLPLIB_PCREQUIRES='coinutils '
CLP_SVN_REV='2711'
COINUTILS_CFLAGS='-I/home/ankush/Documents/Nomos/clp/coin-Clp/CoinUtils/src'
COINUTILS_CFLAGS_INSTALLED=''
COINUTILS_DATA=''
COINUTILS_DATA_INSTALLED=''
COINUTILS_DEPENDENCIES=' /home/ankush/Documents/Nomos/clp/coin-Clp/CoinUtils/src/libCoinUtils.la'
COINUTILS_LIBS='/home/ankush/Documents/Nomos/clp/coin-Clp/CoinUtils/src/libCoinUtils.la -lm'
COINUTILS_LIBS_INSTALLED=''
COIN_CC_IS_CL_FALSE=''
COIN_CC_IS_CL_TRUE='#'
COIN_CXX_IS_CL_FALSE=''
COIN_CXX_IS_CL_TRUE='#'
COIN_HAS_ABC_FALSE=''
COIN_HAS_ABC_TRUE='#'
COIN_HAS_AMD_FALSE=''
COIN_HAS_AMD_TRUE='#'
COIN_HAS_ASL_FALSE=''
COIN_HAS_ASL_TRUE='#'
COIN_HAS_BLAS_FALSE=''
COIN_HAS_BLAS_TRUE='#'
COIN_HAS_CHOLMOD_FALSE=''
COIN_HAS_CHOLMOD_TRUE='#'
COIN_HAS_COINUTILS_FALSE='#'
COIN_HAS_COINUTILS_TRUE=''
COIN_HAS_DOXYGEN_FALSE=''
COIN_HAS_DOXYGEN_TRUE='#'
COIN_HAS_GLPK_FALSE=''
COIN_HAS_GLPK_TRUE='#'
COIN_HAS_LATEX_FALSE=''
COIN_HAS_LATEX_TRUE='#'
COIN_HAS_MUMPS_FALSE=''
COIN_HAS_MUMPS_TRUE='#'
COIN_HAS_NETLIB_FALSE='#'
COIN_HAS_NETLIB_TRUE=''
COIN_HAS_OSITESTS_FALSE='#'
COIN_HAS_OSITESTS_TRUE=''
COIN_HAS_OSI_FALSE='#'
COIN_HAS_OSI_TRUE=''
COIN_HAS_PKGCONFIG_FALSE='#'
COIN_HAS_PKGCONFIG_TRUE=''
COIN_HAS_SAMPLE_FALSE='#'
COIN_HAS_SAMPLE_TRUE=''
COIN_HAS_WSMP_FALSE=''
COIN_HAS_WSMP_TRUE='#'
COIN_PKG_CONFIG_PATH='/home/ankush/Documents/Nomos/clp/coin-Clp/lib64/pkgconfig:/home/ankush/Documents/Nomos/clp/coin-Clp/lib/pkgconfig:/home/ankush/Documents/Nomos/clp/coin-Clp/share/pkgconfig:'
COIN_PKG_CONFIG_PATH_UNINSTALLED='/home/ankush/Documents/Nomos/clp/coin-Clp/Clp:/home/ankush/Documents/Nomos/clp/coin-Clp/Osi:/home/ankush/Documents/Nomos/clp/coin-Clp/CoinUtils:/home/ankush/Documents/Nomos/clp/coin-Clp/Data/Netlib:/home/ankush/Documents/Nomos/clp/coin-Clp/Data/Sample:'
CPP='gcc -E'
CPPFLAGS=''
CXX='g++'
CXXCPP='g++ -E'
CXXDEFS=''
CXXDEPMODE='depmode=gcc3'
CXXFLAGS='-O3 -pipe -DNDEBUG -Wparentheses -Wreturn-type -Wcast-qual -Wall -Wpointer-arith -Wwrite-strings -Wconversion -Wno-unknown-pragmas -Wno-long-long   -DCLP_BUILD'
CYGPATH_W='echo'
DBG_CFLAGS='-g -O0 -pipe -Wimplicit -Wparentheses -Wsequence-point -Wreturn-type -Wcast-qual -Wall -Wno-unknown-pragmas -Wno-long-long  '
DBG_CXXFLAGS='-g -O0 -pipe -Wparentheses -Wreturn-type -Wcast-qual -Wall -Wpointer-arith -Wwrite-strings -Wconversion -Wno-unknown-pragmas -Wno-long-long  '
DBG_FFLAGS=''
DEFS='-DHAVE_CONFIG_H'
DEPDIR='.deps'
DEPENDENCY_LINKING_FALSE='#'
DEPENDENCY_LINKING_TRUE=''
ECHO='echo'
ECHO_C=''
ECHO_N='-n'
ECHO_T=''
EGREP='grep -E'
EXEEXT=''
F77=''
FFLAGS=''
FLIBS=''
GLPK_CFLAGS=''
GLPK_CFLAGS_INSTALLED=''
GLPK_DATA=''
GLPK_DATA_INSTALLED=''
GLPK_DEPENDENCIES=''
GLPK_LIBS=''
GLPK_LIBS_INSTALLED=''
HAVE_EXTERNALS_FALSE=''
HAVE_EXTERNALS_TRUE='#'
INSTALL_DATA='${INSTALL} -m 644'
INSTALL_PROGRAM='${INSTALL}'
INSTALL_SCRIPT='${INSTALL}'
INSTALL_STRIP_PROGRAM='${SHELL} $(install_sh) -c -s'
LDFLAGS=''
LIBEXT='a'
LIBOBJS=''
LIBS=''
LIBTOOL='$(SHELL) $(top_builddir)/../libtool'
LIBTOOLM4=''
LN_S='ln -s'
LTLIBOBJS=''
LT_LDFLAGS='-no-undefined'
MAINT='#'
MAINTAINER_MODE_FALSE=''
MAINTAINER_MODE_TRUE='#'
MAKEINFO='${SHELL} /home/ankush/Documents/Nomos/clp/coin-Clp/Clp/missing --run makeinfo'
MPICC=''
MPICXX=''
MPIF77=''
MUMPS_CFLAGS=''
MUMPS_CFLAGS_INSTALLED=''
MUMPS_DATA=''
MUMPS_DATA_INSTALLED=''
MUMPS_DEPENDENCIES=''
MUMPS_LIBS=''
MUMPS_LIBS_INSTALLED=''
NETLIB_CFLAGS=''
NETLIB_CFLAGS_INSTALLED=''
NETLIB_DATA='/home/ankush/Documents/Nomos/clp/coin-Clp/Data/Netlib'
NETLIB_DATA_INSTALLED=''
NETLIB_DEPENDENCIES=' '
NETLIB_LIBS=''
NETLIB_LIBS_INSTALLED=''
OBJEXT='o'
OPT_CFLAGS='-O3 -pipe -DNDEBUG -Wimplicit -Wparentheses -Wsequence-point -Wreturn-type -Wcast-qual -Wall -Wno-unknown-pragmas -Wno-long-long  '
OPT_CXXFLAGS='-O3 -pipe -DNDEBUG -Wparentheses -Wreturn-type -Wcast-qual -Wall -Wpointer-arith -Wwrite-strings -Wconversion -Wno-unknown-pragmas -Wno-long-long  '
OPT_FFLAGS=''
OSICLPLIB_CFLAGS='-I/home/ankush/Documents/Nomos/clp/coin-Clp/Osi/src/Osi -I/home/ankush/Documents/Nomos/clp/coin-Clp/CoinUtils/src '
OSICLPLIB_CFLAGS_INSTALLED=''
OSICLPLIB_DEPENDENCIES=' /home/ankush/Documents/Nomos/clp/coin-Clp/Osi/src/Osi/libOsi.la /home/ankush/Documents/Nomos/clp/coin-Clp/CoinUtils/src/libCoinUtils.la  '
OSICLPLIB_LIBS='/home/ankush/Documents/Nomos/clp/coin-Clp/Osi/src/Osi/libOsi.la /home/ankush/Documents/Nomos/clp/coin-Clp/CoinUtils/src/libCoinUtils.la -lm '
OSICLPLIB_LIBS_INSTALLED=''
OSICLPLIB_PCLIBS=''
OSICLPLIB_PCREQUIRES='osi '
OSITESTS_CFLAGS='-I/home/ankush/Documents/Nomos/clp/coin-Clp/Osi/src/OsiCommonTest -I/home/ankush/Documents/Nomos/clp/coin-Clp/Osi/src/Osi -I/home/ankush/Documents/Nomos/clp/coin-Clp/CoinUtils/src'
OSITESTS_CFLAGS_INSTALLED=''
OSITESTS_DATA=''
OSITESTS_DATA_INSTALLED=''
OSITESTS_DEPENDENCIES=' /home/ankush/Documents/Nomos/clp/coin-Clp/Osi/src/OsiCommonTest/libOsiCommonTests.la /home/ankush/Documents/Nomos/clp/coin-Clp/Osi/src/Osi/libOsi.la /home/ankush/Documents/Nomos/clp/coin-Clp/CoinUtils/src/libCoinUtils.la'
OSITESTS_LIBS='/home/ankush/Documents/Nomos/clp/coin-Clp/Osi/src/OsiCommonTest/libOsiCommonTests.la /home/ankush/Documents/Nomos/clp/coin-Clp/Osi/src/Osi/libOsi.la /home/ankush/Documents/Nomos/clp/coin-Clp/CoinUtils/src/libCoinUtils.la -lm'
OSITESTS_LIBS_INSTALLED=''
OSI_CFLAGS='-I/home/ankush/Documents/Nomos/clp/coin-Clp/Osi/src/Osi -I/home/ankush/Documents/Nomos/clp/coin-Clp/CoinUtils/src'
OSI_CFLAGS_INSTALLED=''
OSI_DATA=''
OSI_DATA_INSTALLED=''
OSI_DEPENDENCIES=' /home/ankush/Documents/Nomos/clp/coin-Clp/Osi/src/Osi/libOsi.la /home/ankush/Documents/Nomos/clp/coin-Clp/CoinUtils/src/libCoinUtils.la'
OSI_LIBS='/home/ankush/Documents/Nomos/clp/coin-Clp/Osi/src/Osi/libOsi.la /home/ankush/Documents/Nomos/clp/coin-Clp/CoinUtils/src/libCoinUtils.la -lm'
OSI_LIBS_INSTALLED=''
PACKAGE='clp'
PACKAGE_BUGREPORT='clp@list.coin-or.org'
PACKAGE_NAME='Clp'
PACKAGE_STRING='Clp 1.16'
PACKAGE_TARNAME='clp'
PACKAGE_VERSION='1.16'
PATH_SEPARATOR=':'
PKG_CONFIG='pkg-config'
RANLIB='ranlib'
RPATH_FLAGS=' -Wl,--rpath -Wl,/home/ankush/Documents/Nomos/clp/coin-Clp/lib'
SAMPLE_CFLAGS=''
SAMPLE_CFLAGS_INSTALLED=''
SAMPLE_DATA='/home/ankush/Documents/Nomos/clp/coin-Clp/Data/Sample'
SAMPLE_DATA_INSTALLED=''
SAMPLE_DEPENDENCIES=' '
SAMPLE_LIBS=''
SAMPLE_LIBS_INSTALLED=''
SET_MAKE=''
SHELL='/bin/bash'
STRIP='strip'
VERSION='1.16'
VPATH_DISTCLEANFILES=''
abs_bin_dir='/home/ankush/Documents/Nomos/clp/coin-Clp/bin'
abs_include_dir='/home/ankush/Documents/Nomos/clp/coin-Clp/include'
abs_lib_dir='/home/ankush/Documents/Nomos/clp/coin-Clp/lib'
abs_source_dir='/home/ankush/Documents/Nomos/clp/coin-Clp/Clp'
ac_c_preproc_warn_flag=''
ac_ct_AR='ar'
ac_ct_CC='gcc'
ac_ct_CXX='g++'
ac_ct_F77=''
ac_ct_PKG_CONFIG='pkg-config'
ac_ct_RANLIB='ranlib'
ac_ct_STRIP='strip'
ac_cxx_preproc_warn_flag=''
am__fastdepCC_FALSE='#'
am__fastdepCC_TRUE=''
am__fastdepCXX_FALSE='#'
am__fastdepCXX_TRUE=''
am__include='include'
am__leading_dot='.'
am__quote=''
am__tar='${AMTAR} chof - "$$tardir"'
am__untar='${AMTAR} xf -'
bindir='${exec_prefix}/bin'
build='x86_64-unknown-linux-gnu'
build_alias=''
build_cpu='x86_64'
build_os='linux-gnu'
build_vendor='unknown'
coin_doxy_excludes=' */CoinUtils */Osi'
coin_doxy_logname='doxydoc/clp_doxy.log'
coin_doxy_tagfiles=' ../CoinUtils/doxydoc/coinutils_doxy.tag=../../../CoinUtils/doxydoc/html ../Osi/doxydoc/osi_doxy.tag=../../../Osi/doxydoc/html'
coin_doxy_tagname='doxydoc/clp_doxy.tag'
coin_doxy_usedot='NO'
coin_have_doxygen='no'
coin_have_latex='no'
datadir='${prefix}/share'
exec_prefix='${prefix}'
have_autoconf=''
have_automake=''
have_svn=''
have_svnversion='yes'
host='x86_64-unknown-linux-gnu'
host_alias=''
host_cpu='x86_64'
host_os='linux-gnu'
host_vendor='unknown'
includedir='${prefix}/include'
infodir='${prefix}/info'
install_sh='/home/ankush/Documents/Nomos/clp/coin-Clp/Clp/install-sh'
libdir='${exec_prefix}/lib'
libexecdir='${exec_prefix}/libexec'
localstatedir='${prefix}/var'
mandir='${prefix}/man'
mkdir_p='mkdir -p --'
oldincludedir='/usr/include'
prefix='/home/ankush/Documents/Nomos/clp/coin-Clp'
program_transform_name='s,x,x,'
sbindir='${exec_prefix}/sbin'
sharedstatedir='${prefix}/com'
sol_cc_compiler=''
sysconfdir='${prefix}/etc'
target_alias=''

## ----------- ##
## confdefs.h. ##
## ----------- ##

#define CLP_SVN_REV 2711
#define CLP_VERSION "1.16"
#define CLP_VERSION_MAJOR 1
#define CLP_VERSION_MINOR 16
#define CLP_VERSION_RELEASE 9999
#define COIN_CLP_CHECKLEVEL 0
#define COIN_CLP_VERBOSITY 0
#define COIN_HAS_COINUTILS 1
#define COIN_HAS_NETLIB 1
#define COIN_HAS_OSI 1
#define COIN_HAS_OSITESTS 1
#define COIN_HAS_SAMPLE 1
#define HAVE_CFLOAT 1
#define HAVE_CMATH 1
#define HAVE_DLFCN_H 1
#define HAVE_INTTYPES_H 1
#define HAVE_MEMORY_H 1
#define HAVE_STDINT_H 1
#define HAVE_STDLIB_H 1
#define HAVE_STRINGS_H 1
#define HAVE_STRING_H 1
#define HAVE_SYS_STAT_H 1
#define HAVE_SYS_TYPES_H 1
#define HAVE_UNISTD_H 1
#define PACKAGE "clp"
#define PACKAGE_BUGREPORT "clp@list.coin-or.org"
#define PACKAGE_NAME "Clp"
#define PACKAGE_STRING "Clp 1.16"
#define PACKAGE_TARNAME "clp"
#define PACKAGE_VERSION "1.16"
#define STDC_HEADERS 1
#define VERSION "1.16"
#endif
#ifdef __cplusplus
extern "C" void std::exit (int) throw (); using std::exit;

configure: exit 0
