This file contains any messages produced by compilers while
running configure, to aid debugging if configure makes a mistake.

It was created by Clp configure 1.16, which was
generated by GNU Autoconf 2.59.  Invocation command line was

  $ ./configure -C

## --------- ##
## Platform. ##
## --------- ##

hostname = GS15662.SP.CS.CMU.EDU
uname -m = x86_64
uname -r = 18.7.0
uname -s = Darwin
uname -v = Darwin Kernel Version 18.7.0: Tue Aug 20 16:57:14 PDT 2019; root:xnu-4903.271.2~2/RELEASE_X86_64

/usr/bin/uname -p = i386
/bin/uname -X     = unknown

/bin/arch              = unknown
/usr/bin/arch -k       = unknown
/usr/convex/getsysinfo = unknown
hostinfo               = Mach kernel version:
	 Darwin Kernel Version 18.7.0: Tue Aug 20 16:57:14 PDT 2019; root:xnu-4903.271.2~2/RELEASE_X86_64
Kernel configured for up to 4 processors.
2 processors are physically available.
4 processors are logically available.
Processor type: x86_64h (Intel x86-64h Haswell)
Processors active: 0 1 2 3
Primary memory available: 16.00 gigabytes
Default processor set: 380 tasks, 1620 threads, 4 processors
Load average: 1.67, Mach factor: 2.34
/bin/machine           = unknown
/usr/bin/oslevel       = unknown
/bin/universe          = unknown

PATH: /Users/ankushd/anaconda3/bin
PATH: /Users/ankushd/anaconda/bin
PATH: /Library/Frameworks/Python.framework/Versions/3.6/bin
PATH: /Users/ankushd/.opam/system/bin
PATH: /usr/local/bin
PATH: /usr/bin
PATH: /bin
PATH: /usr/sbin
PATH: /sbin
PATH: /Library/TeX/texbin
PATH: /opt/X11/bin
PATH: /Applications/Wireshark.app/Contents/MacOS
PATH: /usr/local/git/bin


## ----------- ##
## Core tests. ##
## ----------- ##

configure:1581: creating cache config.cache
configure:1719: checking build system type
configure:1737: result: i386-apple-darwin18.7.0
configure:1748: checking whether we want to compile in debug mode
configure:1777: result: no
configure:1993: checking for clang
configure:2009: found /usr/bin/clang
configure:2019: result: clang
configure:2040: checking for C compiler version
configure:2043: clang --version </dev/null >&5
Apple LLVM version 10.0.1 (clang-1001.0.46.4)
Target: x86_64-apple-darwin18.7.0
Thread model: posix
InstalledDir: /Library/Developer/CommandLineTools/usr/bin
configure:2046: $? = 0
configure:2048: clang -v </dev/null >&5
Apple LLVM version 10.0.1 (clang-1001.0.46.4)
Target: x86_64-apple-darwin18.7.0
Thread model: posix
InstalledDir: /Library/Developer/CommandLineTools/usr/bin
configure:2051: $? = 0
configure:2053: clang -V </dev/null >&5
clang: error: unsupported option '-V -Wno-atomic-implicit-seq-cst'
clang: error: no input files
configure:2056: $? = 1
configure:2079: checking for C compiler default output file name
configure:2082: clang    conftest.c  >&5
configure:2085: $? = 0
configure:2131: result: a.out
configure:2136: checking whether the C compiler works
configure:2142: ./a.out
configure:2145: $? = 0
configure:2162: result: yes
configure:2169: checking whether we are cross compiling
configure:2171: result: no
configure:2174: checking for suffix of executables
configure:2176: clang -o conftest    conftest.c  >&5
configure:2179: $? = 0
configure:2204: result: 
configure:2210: checking for suffix of object files
configure:2231: clang -c   conftest.c >&5
configure:2234: $? = 0
configure:2256: result: o
configure:2260: checking whether we are using the GNU C compiler
configure:2284: clang -c   conftest.c >&5
configure:2290: $? = 0
configure:2294: test -z 
			 || test ! -s conftest.err
configure:2297: $? = 0
configure:2300: test -s conftest.o
configure:2303: $? = 0
configure:2316: result: yes
configure:2322: checking whether clang accepts -g
configure:2343: clang -c -g  conftest.c >&5
configure:2349: $? = 0
configure:2353: test -z 
			 || test ! -s conftest.err
configure:2356: $? = 0
configure:2359: test -s conftest.o
configure:2362: $? = 0
configure:2373: result: yes
configure:2390: checking for clang option to accept ANSI C
configure:2460: clang  -c -g -O2  conftest.c >&5
configure:2466: $? = 0
configure:2470: test -z 
			 || test ! -s conftest.err
configure:2473: $? = 0
configure:2476: test -s conftest.o
configure:2479: $? = 0
configure:2497: result: none needed
configure:2515: clang -c -g -O2  conftest.c >&5
conftest.c:2:3: error: unknown type name 'choke'
  choke me
  ^
conftest.c:2:11: error: expected ';' after top level declarator
  choke me
          ^
          ;
2 errors generated.
configure:2521: $? = 1
configure: failed program was:
| #ifndef __cplusplus
|   choke me
| #endif
configure:2942: clang -o conftest -O3 -pipe -DNDEBUG -Wimplicit -Wparentheses -Wsequence-point -Wreturn-type -Wcast-qual -Wall -Wno-unknown-pragmas -Wno-long-long     conftest.c  >&5
configure:2948: $? = 0
configure:2952: test -z 
			 || test ! -s conftest.err
configure:2955: $? = 0
configure:2958: test -s conftest
configure:2961: $? = 0
configure:3028: C compiler options are: -O3 -pipe -DNDEBUG -Wimplicit -Wparentheses -Wsequence-point -Wreturn-type -Wcast-qual -Wall -Wno-unknown-pragmas -Wno-long-long  
configure:3145: checking for clang++
configure:3161: found /usr/bin/clang++
configure:3171: result: clang++
configure:3187: checking for C++ compiler version
configure:3190: clang++ --version </dev/null >&5
Apple LLVM version 10.0.1 (clang-1001.0.46.4)
Target: x86_64-apple-darwin18.7.0
Thread model: posix
InstalledDir: /Library/Developer/CommandLineTools/usr/bin
configure:3193: $? = 0
configure:3195: clang++ -v </dev/null >&5
Apple LLVM version 10.0.1 (clang-1001.0.46.4)
Target: x86_64-apple-darwin18.7.0
Thread model: posix
InstalledDir: /Library/Developer/CommandLineTools/usr/bin
configure:3198: $? = 0
configure:3200: clang++ -V </dev/null >&5
clang: error: unsupported option '-V -Wno-atomic-implicit-seq-cst'
clang: error: no input files
configure:3203: $? = 1
configure:3206: checking whether we are using the GNU C++ compiler
configure:3230: clang++ -c   conftest.cc >&5
configure:3236: $? = 0
configure:3240: test -z 
			 || test ! -s conftest.err
configure:3243: $? = 0
configure:3246: test -s conftest.o
configure:3249: $? = 0
configure:3262: result: yes
configure:3268: checking whether clang++ accepts -g
configure:3289: clang++ -c -g  conftest.cc >&5
configure:3295: $? = 0
configure:3299: test -z 
			 || test ! -s conftest.err
configure:3302: $? = 0
configure:3305: test -s conftest.o
configure:3308: $? = 0
configure:3319: result: yes
configure:3361: clang++ -c -g -O2  conftest.cc >&5
configure:3367: $? = 0
configure:3371: test -z 
			 || test ! -s conftest.err
configure:3374: $? = 0
configure:3377: test -s conftest.o
configure:3380: $? = 0
configure:3406: clang++ -c -g -O2  conftest.cc >&5
conftest.cc:13:1: error: use of undeclared identifier 'exit'
exit (42);
^
1 error generated.
configure:3412: $? = 1
configure: failed program was:
| /* confdefs.h.  */
| 
| #define PACKAGE_NAME "Clp"
| #define PACKAGE_TARNAME "clp"
| #define PACKAGE_VERSION "1.16"
| #define PACKAGE_STRING "Clp 1.16"
| #define PACKAGE_BUGREPORT "coin-clp@lists.coin-or.org"
| /* end confdefs.h.  */
| 
| int
| main ()
| {
| exit (42);
|   ;
|   return 0;
| }
configure:3361: clang++ -c -g -O2  conftest.cc >&5
conftest.cc:9:17: error: use of undeclared identifier 'std'
extern "C" void std::exit (int) throw (); using std::exit;
                ^
conftest.cc:9:49: error: use of undeclared identifier 'std'
extern "C" void std::exit (int) throw (); using std::exit;
                                                ^
2 errors generated.
configure:3367: $? = 1
configure: failed program was:
| /* confdefs.h.  */
| 
| #define PACKAGE_NAME "Clp"
| #define PACKAGE_TARNAME "clp"
| #define PACKAGE_VERSION "1.16"
| #define PACKAGE_STRING "Clp 1.16"
| #define PACKAGE_BUGREPORT "coin-clp@lists.coin-or.org"
| /* end confdefs.h.  */
| extern "C" void std::exit (int) throw (); using std::exit;
| #include <stdlib.h>
| int
| main ()
| {
| exit (42);
|   ;
|   return 0;
| }
configure:3361: clang++ -c -g -O2  conftest.cc >&5
conftest.cc:9:17: error: use of undeclared identifier 'std'
extern "C" void std::exit (int); using std::exit;
                ^
conftest.cc:9:40: error: use of undeclared identifier 'std'
extern "C" void std::exit (int); using std::exit;
                                       ^
2 errors generated.
configure:3367: $? = 1
configure: failed program was:
| /* confdefs.h.  */
| 
| #define PACKAGE_NAME "Clp"
| #define PACKAGE_TARNAME "clp"
| #define PACKAGE_VERSION "1.16"
| #define PACKAGE_STRING "Clp 1.16"
| #define PACKAGE_BUGREPORT "coin-clp@lists.coin-or.org"
| /* end confdefs.h.  */
| extern "C" void std::exit (int); using std::exit;
| #include <stdlib.h>
| int
| main ()
| {
| exit (42);
|   ;
|   return 0;
| }
configure:3361: clang++ -c -g -O2  conftest.cc >&5
In file included from conftest.cc:10:
In file included from /Library/Developer/CommandLineTools/usr/include/c++/v1/stdlib.h:94:
/Library/Developer/CommandLineTools/SDKs/MacOSX10.14.sdk/usr/include/stdlib.h:145:7: error: 'exit' is missing exception specification 'throw()'
void     exit(int) __dead2;
         ^
conftest.cc:9:17: note: previous declaration is here
extern "C" void exit (int) throw ();
                ^
1 error generated.
configure:3367: $? = 1
configure: failed program was:
| /* confdefs.h.  */
| 
| #define PACKAGE_NAME "Clp"
| #define PACKAGE_TARNAME "clp"
| #define PACKAGE_VERSION "1.16"
| #define PACKAGE_STRING "Clp 1.16"
| #define PACKAGE_BUGREPORT "coin-clp@lists.coin-or.org"
| /* end confdefs.h.  */
| extern "C" void exit (int) throw ();
| #include <stdlib.h>
| int
| main ()
| {
| exit (42);
|   ;
|   return 0;
| }
configure:3361: clang++ -c -g -O2  conftest.cc >&5
configure:3367: $? = 0
configure:3371: test -z 
			 || test ! -s conftest.err
configure:3374: $? = 0
configure:3377: test -s conftest.o
configure:3380: $? = 0
configure:3406: clang++ -c -g -O2  conftest.cc >&5
configure:3412: $? = 0
configure:3416: test -z 
			 || test ! -s conftest.err
configure:3419: $? = 0
configure:3422: test -s conftest.o
configure:3425: $? = 0
configure:3457: checking whether C++ compiler clang++ works
configure:3475: clang++ -c -g -O2  conftest.cc >&5
configure:3481: $? = 0
configure:3485: test -z 
			 || test ! -s conftest.err
configure:3488: $? = 0
configure:3491: test -s conftest.o
configure:3494: $? = 0
configure:3496: result: yes
configure:3817: clang++ -o conftest -O3 -pipe -DNDEBUG -Wparentheses -Wreturn-type -Wcast-qual -Wall -Wpointer-arith -Wwrite-strings -Wconversion -Wno-unknown-pragmas -Wno-long-long     conftest.cc  >&5
configure:3823: $? = 0
configure:3827: test -z 
			 || test ! -s conftest.err
configure:3830: $? = 0
configure:3833: test -s conftest
configure:3836: $? = 0
configure:3903: C++ compiler options are: -O3 -pipe -DNDEBUG -Wparentheses -Wreturn-type -Wcast-qual -Wall -Wpointer-arith -Wwrite-strings -Wconversion -Wno-unknown-pragmas -Wno-long-long  
configure:3974: Trying to determine Fortran compiler name
configure:4023: checking for xlf_r
configure:4052: result: no
configure:4023: checking for fort77
configure:4052: result: no
configure:4023: checking for gfortran
configure:4039: found /usr/local/bin/gfortran
configure:4049: result: gfortran
configure:4157: checking for Fortran 77 compiler version
configure:4160: gfortran --version </dev/null >&5
GNU Fortran (Homebrew GCC 9.2.0_1) 9.2.0
Copyright (C) 2019 Free Software Foundation, Inc.
This is free software; see the source for copying conditions.  There is NO
warranty; not even for MERCHANTABILITY or FITNESS FOR A PARTICULAR PURPOSE.

configure:4163: $? = 0
configure:4165: gfortran -v </dev/null >&5
Using built-in specs.
COLLECT_GCC=gfortran
COLLECT_LTO_WRAPPER=/usr/local/Cellar/gcc/9.2.0_1/libexec/gcc/x86_64-apple-darwin18/9.2.0/lto-wrapper
Target: x86_64-apple-darwin18
Configured with: ../configure --build=x86_64-apple-darwin18 --prefix=/usr/local/Cellar/gcc/9.2.0_1 --libdir=/usr/local/Cellar/gcc/9.2.0_1/lib/gcc/9 --disable-nls --enable-checking=release --enable-languages=c,c++,objc,obj-c++,fortran --program-suffix=-9 --with-gmp=/usr/local/opt/gmp --with-mpfr=/usr/local/opt/mpfr --with-mpc=/usr/local/opt/libmpc --with-isl=/usr/local/opt/isl --with-system-zlib --with-pkgversion='Homebrew GCC 9.2.0_1' --with-bugurl=https://github.com/Homebrew/homebrew-core/issues --disable-multilib --with-native-system-header-dir=/usr/include --with-sysroot=/Library/Developer/CommandLineTools/SDKs/MacOSX.sdk
Thread model: posix
gcc version 9.2.0 (Homebrew GCC 9.2.0_1) 
configure:4168: $? = 0
configure:4170: gfortran -V </dev/null >&5
gfortran: error: unrecognized command line option '-V'
gfortran: fatal error: no input files
compilation terminated.
configure:4173: $? = 1
configure:4181: checking whether we are using the GNU Fortran 77 compiler
configure:4195: gfortran -c  conftest.F >&5
configure:4201: $? = 0
configure:4205: test -z 
			 || test ! -s conftest.err
configure:4208: $? = 0
configure:4211: test -s conftest.o
configure:4214: $? = 0
configure:4227: result: yes
configure:4233: checking whether gfortran accepts -g
configure:4245: gfortran -c -g conftest.f >&5
configure:4251: $? = 0
configure:4255: test -z 
			 || test ! -s conftest.err
configure:4258: $? = 0
configure:4261: test -s conftest.o
configure:4264: $? = 0
configure:4276: result: yes
configure:4511: gfortran -o conftest -O3 -pipe    conftest.f  >&5
configure:4517: $? = 0
configure:4521: test -z 
			 || test ! -s conftest.err
configure:4524: $? = 0
configure:4527: test -s conftest
configure:4530: $? = 0
configure:4588: Fortran compiler options are: -O3 -pipe  
configure:4711: checking for egrep
configure:4721: result: grep -E
configure:4726: checking whether ln -s works
configure:4730: result: yes
configure:4751: checking for a BSD-compatible install
configure:4806: result: /usr/local/bin/ginstall -c
configure:4817: checking whether build environment is sane
configure:4860: result: yes
configure:4925: checking for gawk
configure:4954: result: no
configure:4925: checking for mawk
configure:4954: result: no
configure:4925: checking for nawk
configure:4954: result: no
configure:4925: checking for awk
configure:4941: found /usr/bin/awk
configure:4951: result: awk
configure:4961: checking whether make sets $(MAKE)
configure:4981: result: yes
configure:5011: checking for style of include used by make
configure:5039: result: GNU
configure:5220: checking dependency style of clang
configure:5310: result: gcc3
configure:5329: checking dependency style of clang++
configure:5419: result: gcc3
configure:5437: checking whether to enable maintainer-specific portions of Makefiles
configure:5446: result: no
configure:5896: checking host system type
configure:5910: result: i386-apple-darwin18.7.0
configure:5918: checking for a sed that does not truncate output
configure:5972: result: /usr/bin/sed
configure:5986: checking for ld used by clang
configure:6053: result: /Library/Developer/CommandLineTools/usr/bin/ld
configure:6062: checking if the linker (/Library/Developer/CommandLineTools/usr/bin/ld) is GNU ld
configure:6077: result: no
configure:6082: checking for /Library/Developer/CommandLineTools/usr/bin/ld option to reload object files
configure:6089: result: -r
configure:6107: checking for BSD-compatible nm
configure:6156: result: /usr/bin/nm -B
configure:6160: checking how to recognise dependent libraries
configure:6336: result: pass_all
configure:6572: checking how to run the C preprocessor
configure:6607: clang -E  conftest.c
configure:6613: $? = 0
configure:6645: clang -E  conftest.c
conftest.c:14:10: fatal error: 'ac_nonexistent.h' file not found
#include <ac_nonexistent.h>
         ^~~~~~~~~~~~~~~~~~
1 error generated.
configure:6651: $? = 1
configure: failed program was:
| /* confdefs.h.  */
| 
| #define PACKAGE_NAME "Clp"
| #define PACKAGE_TARNAME "clp"
| #define PACKAGE_VERSION "1.16"
| #define PACKAGE_STRING "Clp 1.16"
| #define PACKAGE_BUGREPORT "coin-clp@lists.coin-or.org"
| #ifdef __cplusplus
| extern "C" void exit (int);
| #endif
| #define PACKAGE "clp"
| #define VERSION "1.16"
| /* end confdefs.h.  */
| #include <ac_nonexistent.h>
configure:6690: result: clang -E
configure:6714: clang -E  conftest.c
configure:6720: $? = 0
configure:6752: clang -E  conftest.c
conftest.c:14:10: fatal error: 'ac_nonexistent.h' file not found
#include <ac_nonexistent.h>
         ^~~~~~~~~~~~~~~~~~
1 error generated.
configure:6758: $? = 1
configure: failed program was:
| /* confdefs.h.  */
| 
| #define PACKAGE_NAME "Clp"
| #define PACKAGE_TARNAME "clp"
| #define PACKAGE_VERSION "1.16"
| #define PACKAGE_STRING "Clp 1.16"
| #define PACKAGE_BUGREPORT "coin-clp@lists.coin-or.org"
| #ifdef __cplusplus
| extern "C" void exit (int);
| #endif
| #define PACKAGE "clp"
| #define VERSION "1.16"
| /* end confdefs.h.  */
| #include <ac_nonexistent.h>
configure:6802: checking for ANSI C header files
configure:6827: clang -c -O3 -pipe -DNDEBUG -Wimplicit -Wparentheses -Wsequence-point -Wreturn-type -Wcast-qual -Wall -Wno-unknown-pragmas -Wno-long-long    conftest.c >&5
configure:6833: $? = 0
configure:6837: test -z 
			 || test ! -s conftest.err
configure:6840: $? = 0
configure:6843: test -s conftest.o
configure:6846: $? = 0
configure:6935: clang -o conftest -O3 -pipe -DNDEBUG -Wimplicit -Wparentheses -Wsequence-point -Wreturn-type -Wcast-qual -Wall -Wno-unknown-pragmas -Wno-long-long     conftest.c  >&5
conftest.c:31:7: warning: implicitly declaring library function 'exit' with type 'void (int) __attribute__((noreturn))' [-Wimplicit-function-declaration]
      exit(2);
      ^
conftest.c:31:7: note: include the header <stdlib.h> or explicitly provide a declaration for 'exit'
1 warning generated.
configure:6938: $? = 0
configure:6940: ./conftest
configure:6943: $? = 0
configure:6958: result: yes
configure:6982: checking for sys/types.h
configure:6998: clang -c -O3 -pipe -DNDEBUG -Wimplicit -Wparentheses -Wsequence-point -Wreturn-type -Wcast-qual -Wall -Wno-unknown-pragmas -Wno-long-long    conftest.c >&5
configure:7004: $? = 0
configure:7008: test -z 
			 || test ! -s conftest.err
configure:7011: $? = 0
configure:7014: test -s conftest.o
configure:7017: $? = 0
configure:7028: result: yes
configure:6982: checking for sys/stat.h
configure:6998: clang -c -O3 -pipe -DNDEBUG -Wimplicit -Wparentheses -Wsequence-point -Wreturn-type -Wcast-qual -Wall -Wno-unknown-pragmas -Wno-long-long    conftest.c >&5
configure:7004: $? = 0
configure:7008: test -z 
			 || test ! -s conftest.err
configure:7011: $? = 0
configure:7014: test -s conftest.o
configure:7017: $? = 0
configure:7028: result: yes
configure:6982: checking for stdlib.h
configure:6998: clang -c -O3 -pipe -DNDEBUG -Wimplicit -Wparentheses -Wsequence-point -Wreturn-type -Wcast-qual -Wall -Wno-unknown-pragmas -Wno-long-long    conftest.c >&5
configure:7004: $? = 0
configure:7008: test -z 
			 || test ! -s conftest.err
configure:7011: $? = 0
configure:7014: test -s conftest.o
configure:7017: $? = 0
configure:7028: result: yes
configure:6982: checking for string.h
configure:6998: clang -c -O3 -pipe -DNDEBUG -Wimplicit -Wparentheses -Wsequence-point -Wreturn-type -Wcast-qual -Wall -Wno-unknown-pragmas -Wno-long-long    conftest.c >&5
configure:7004: $? = 0
configure:7008: test -z 
			 || test ! -s conftest.err
configure:7011: $? = 0
configure:7014: test -s conftest.o
configure:7017: $? = 0
configure:7028: result: yes
configure:6982: checking for memory.h
configure:6998: clang -c -O3 -pipe -DNDEBUG -Wimplicit -Wparentheses -Wsequence-point -Wreturn-type -Wcast-qual -Wall -Wno-unknown-pragmas -Wno-long-long    conftest.c >&5
configure:7004: $? = 0
configure:7008: test -z 
			 || test ! -s conftest.err
configure:7011: $? = 0
configure:7014: test -s conftest.o
configure:7017: $? = 0
configure:7028: result: yes
configure:6982: checking for strings.h
configure:6998: clang -c -O3 -pipe -DNDEBUG -Wimplicit -Wparentheses -Wsequence-point -Wreturn-type -Wcast-qual -Wall -Wno-unknown-pragmas -Wno-long-long    conftest.c >&5
configure:7004: $? = 0
configure:7008: test -z 
			 || test ! -s conftest.err
configure:7011: $? = 0
configure:7014: test -s conftest.o
configure:7017: $? = 0
configure:7028: result: yes
configure:6982: checking for inttypes.h
configure:6998: clang -c -O3 -pipe -DNDEBUG -Wimplicit -Wparentheses -Wsequence-point -Wreturn-type -Wcast-qual -Wall -Wno-unknown-pragmas -Wno-long-long    conftest.c >&5
configure:7004: $? = 0
configure:7008: test -z 
			 || test ! -s conftest.err
configure:7011: $? = 0
configure:7014: test -s conftest.o
configure:7017: $? = 0
configure:7028: result: yes
configure:6982: checking for stdint.h
configure:6998: clang -c -O3 -pipe -DNDEBUG -Wimplicit -Wparentheses -Wsequence-point -Wreturn-type -Wcast-qual -Wall -Wno-unknown-pragmas -Wno-long-long    conftest.c >&5
configure:7004: $? = 0
configure:7008: test -z 
			 || test ! -s conftest.err
configure:7011: $? = 0
configure:7014: test -s conftest.o
configure:7017: $? = 0
configure:7028: result: yes
configure:6982: checking for unistd.h
configure:6998: clang -c -O3 -pipe -DNDEBUG -Wimplicit -Wparentheses -Wsequence-point -Wreturn-type -Wcast-qual -Wall -Wno-unknown-pragmas -Wno-long-long    conftest.c >&5
configure:7004: $? = 0
configure:7008: test -z 
			 || test ! -s conftest.err
configure:7011: $? = 0
configure:7014: test -s conftest.o
configure:7017: $? = 0
configure:7028: result: yes
configure:7054: checking dlfcn.h usability
configure:7066: clang -c -O3 -pipe -DNDEBUG -Wimplicit -Wparentheses -Wsequence-point -Wreturn-type -Wcast-qual -Wall -Wno-unknown-pragmas -Wno-long-long    conftest.c >&5
configure:7072: $? = 0
configure:7076: test -z 
			 || test ! -s conftest.err
configure:7079: $? = 0
configure:7082: test -s conftest.o
configure:7085: $? = 0
configure:7095: result: yes
configure:7099: checking dlfcn.h presence
configure:7109: clang -E  conftest.c
configure:7115: $? = 0
configure:7135: result: yes
configure:7170: checking for dlfcn.h
configure:7177: result: yes
configure:7200: checking how to run the C++ preprocessor
configure:7231: clang++ -E  conftest.cc
configure:7237: $? = 0
configure:7269: clang++ -E  conftest.cc
conftest.cc:25:10: fatal error: 'ac_nonexistent.h' file not found
#include <ac_nonexistent.h>
         ^~~~~~~~~~~~~~~~~~
1 error generated.
configure:7275: $? = 1
configure: failed program was:
| /* confdefs.h.  */
| 
| #define PACKAGE_NAME "Clp"
| #define PACKAGE_TARNAME "clp"
| #define PACKAGE_VERSION "1.16"
| #define PACKAGE_STRING "Clp 1.16"
| #define PACKAGE_BUGREPORT "coin-clp@lists.coin-or.org"
| #ifdef __cplusplus
| extern "C" void exit (int);
| #endif
| #define PACKAGE "clp"
| #define VERSION "1.16"
| #define STDC_HEADERS 1
| #define HAVE_SYS_TYPES_H 1
| #define HAVE_SYS_STAT_H 1
| #define HAVE_STDLIB_H 1
| #define HAVE_STRING_H 1
| #define HAVE_MEMORY_H 1
| #define HAVE_STRINGS_H 1
| #define HAVE_INTTYPES_H 1
| #define HAVE_STDINT_H 1
| #define HAVE_UNISTD_H 1
| #define HAVE_DLFCN_H 1
| /* end confdefs.h.  */
| #include <ac_nonexistent.h>
configure:7314: result: clang++ -E
configure:7338: clang++ -E  conftest.cc
configure:7344: $? = 0
configure:7376: clang++ -E  conftest.cc
conftest.cc:25:10: fatal error: 'ac_nonexistent.h' file not found
#include <ac_nonexistent.h>
         ^~~~~~~~~~~~~~~~~~
1 error generated.
configure:7382: $? = 1
configure: failed program was:
| /* confdefs.h.  */
| 
| #define PACKAGE_NAME "Clp"
| #define PACKAGE_TARNAME "clp"
| #define PACKAGE_VERSION "1.16"
| #define PACKAGE_STRING "Clp 1.16"
| #define PACKAGE_BUGREPORT "coin-clp@lists.coin-or.org"
| #ifdef __cplusplus
| extern "C" void exit (int);
| #endif
| #define PACKAGE "clp"
| #define VERSION "1.16"
| #define STDC_HEADERS 1
| #define HAVE_SYS_TYPES_H 1
| #define HAVE_SYS_STAT_H 1
| #define HAVE_STDLIB_H 1
| #define HAVE_STRING_H 1
| #define HAVE_MEMORY_H 1
| #define HAVE_STRINGS_H 1
| #define HAVE_INTTYPES_H 1
| #define HAVE_STDINT_H 1
| #define HAVE_UNISTD_H 1
| #define HAVE_DLFCN_H 1
| /* end confdefs.h.  */
| #include <ac_nonexistent.h>
configure:7431: checking the maximum length of command line arguments
configure:7540: result: 196608
configure:7551: checking command to parse /usr/bin/nm -B output from clang object
configure:7656: clang++ -c -O3 -pipe -DNDEBUG -Wparentheses -Wreturn-type -Wcast-qual -Wall -Wpointer-arith -Wwrite-strings -Wconversion -Wno-unknown-pragmas -Wno-long-long    conftest.cc >&5
configure:7659: $? = 0
configure:7663: /usr/bin/nm -B conftest.o \| sed -n -e 's/^.*[ 	]\([BCDEGRST][BCDEGRST]*\)[ 	][ 	]*\([_A-Za-z][_A-Za-z0-9]*\)$/\1 \2 \2/p' \> conftest.nm
configure:7666: $? = 0
cannot find nm_test_var in conftest.nm
configure:7656: clang++ -c -O3 -pipe -DNDEBUG -Wparentheses -Wreturn-type -Wcast-qual -Wall -Wpointer-arith -Wwrite-strings -Wconversion -Wno-unknown-pragmas -Wno-long-long    conftest.cc >&5
configure:7659: $? = 0
configure:7663: /usr/bin/nm -B conftest.o \| sed -n -e 's/^.*[ 	]\([BCDEGRST][BCDEGRST]*\)[ 	][ 	]*_\([_A-Za-z][_A-Za-z0-9]*\)$/\1 _\2 \2/p' \> conftest.nm
configure:7666: $? = 0
configure:7718: clang++ -o conftest -O3 -pipe -DNDEBUG -Wparentheses -Wreturn-type -Wcast-qual -Wall -Wpointer-arith -Wwrite-strings -Wconversion -Wno-unknown-pragmas -Wno-long-long     conftest.cc conftstm.o >&5
conftest.cc:19:1: warning: unused variable 'lt_preloaded_symbols' [-Wunused-const-variable]
lt_preloaded_symbols[] =
^
1 warning generated.
configure:7721: $? = 0
configure:7759: result: ok
configure:7763: checking for objdir
configure:7778: result: .libs
configure:7868: checking for ar
configure:7884: found /usr/bin/ar
configure:7895: result: ar
configure:7948: checking for ranlib
configure:7964: found /usr/bin/ranlib
configure:7975: result: ranlib
configure:8028: checking for strip
configure:8044: found /usr/bin/strip
configure:8055: result: strip
configure:8331: checking if clang supports -fno-rtti -fno-exceptions
configure:8349: clang -c -O3 -pipe -DNDEBUG -Wimplicit -Wparentheses -Wsequence-point -Wreturn-type -Wcast-qual -Wall -Wno-unknown-pragmas -Wno-long-long    -fno-rtti -fno-exceptions conftest.c >&5
configure:8353: $? = 0
configure:8366: result: yes
configure:8381: checking for clang option to produce PIC
configure:8591: result: -fno-common
configure:8599: checking if clang PIC flag -fno-common works
configure:8617: clang -c -O3 -pipe -DNDEBUG -Wimplicit -Wparentheses -Wsequence-point -Wreturn-type -Wcast-qual -Wall -Wno-unknown-pragmas -Wno-long-long    -fno-common -DPIC conftest.c >&5
configure:8621: $? = 0
configure:8634: result: yes
configure:8662: checking if clang static flag -static works
configure:8690: result: no
configure:8700: checking if clang supports -c -o file.o
configure:8721: clang -c -O3 -pipe -DNDEBUG -Wimplicit -Wparentheses -Wsequence-point -Wreturn-type -Wcast-qual -Wall -Wno-unknown-pragmas -Wno-long-long    -o out/conftest2.o conftest.c >&5
configure:8725: $? = 0
configure:8747: result: yes
configure:8773: checking whether the clang linker (/Library/Developer/CommandLineTools/usr/bin/ld) supports shared libraries
configure:9731: result: yes
configure:9798: checking dynamic linker characteristics
configure:10386: result: darwin18.7.0 dyld
configure:10395: checking how to hardcode library paths into programs
configure:10420: result: immediate
configure:10434: checking whether stripping libraries is possible
configure:10447: result: yes
configure:11273: checking if libtool supports shared libraries
configure:11275: result: yes
configure:11278: checking whether to build shared libraries
configure:11299: result: yes
configure:11302: checking whether to build static libraries
configure:11306: result: no
configure:11398: creating libtool
configure:11986: checking for ld used by clang++
configure:12053: result: /Library/Developer/CommandLineTools/usr/bin/ld
configure:12062: checking if the linker (/Library/Developer/CommandLineTools/usr/bin/ld) is GNU ld
configure:12077: result: no
configure:12128: checking whether the clang++ linker (/Library/Developer/CommandLineTools/usr/bin/ld) supports shared libraries
configure:13066: result: yes
configure:13088: clang++ -c -O3 -pipe -DNDEBUG -Wparentheses -Wreturn-type -Wcast-qual -Wall -Wpointer-arith -Wwrite-strings -Wconversion -Wno-unknown-pragmas -Wno-long-long    conftest.cpp >&5
configure:13091: $? = 0
configure:13210: checking for clang++ option to produce PIC
configure:13484: result: -fno-common
configure:13492: checking if clang++ PIC flag -fno-common works
configure:13510: clang++ -c -O3 -pipe -DNDEBUG -Wparentheses -Wreturn-type -Wcast-qual -Wall -Wpointer-arith -Wwrite-strings -Wconversion -Wno-unknown-pragmas -Wno-long-long    -fno-common -DPIC conftest.cpp >&5
configure:13514: $? = 0
configure:13527: result: yes
configure:13555: checking if clang++ static flag -static works
configure:13583: result: no
configure:13593: checking if clang++ supports -c -o file.o
configure:13614: clang++ -c -O3 -pipe -DNDEBUG -Wparentheses -Wreturn-type -Wcast-qual -Wall -Wpointer-arith -Wwrite-strings -Wconversion -Wno-unknown-pragmas -Wno-long-long    -o out/conftest2.o conftest.cpp >&5
configure:13618: $? = 0
configure:13640: result: yes
configure:13666: checking whether the clang++ linker (/Library/Developer/CommandLineTools/usr/bin/ld) supports shared libraries
configure:13691: result: yes
configure:13758: checking dynamic linker characteristics
configure:14346: result: darwin18.7.0 dyld
configure:14355: checking how to hardcode library paths into programs
configure:14380: result: immediate
configure:14906: checking if libtool supports shared libraries
configure:14908: result: yes
configure:14911: checking whether to build shared libraries
configure:14931: result: yes
configure:14934: checking whether to build static libraries
configure:14938: result: no
configure:14948: checking for gfortran option to produce PIC
configure:15158: result: -fno-common
configure:15166: checking if gfortran PIC flag -fno-common works
configure:15184: gfortran -c -O3 -pipe   -fno-common conftest.f >&5
configure:15188: $? = 0
configure:15201: result: yes
configure:15229: checking if gfortran static flag -static works
configure:15257: result: no
configure:15267: checking if gfortran supports -c -o file.o
configure:15288: gfortran -c -O3 -pipe   -o out/conftest2.o conftest.f >&5
configure:15292: $? = 0
configure:15314: result: yes
configure:15340: checking whether the gfortran linker (/Library/Developer/CommandLineTools/usr/bin/ld) supports shared libraries
configure:16278: result: yes
configure:16345: checking dynamic linker characteristics
configure:16933: result: darwin18.7.0 dyld
configure:16942: checking how to hardcode library paths into programs
configure:16967: result: immediate
configure:20553: Build is "i386-apple-darwin18.7.0".
configure:20645: Applying patches to libtool for Darwin
configure:20806: checking if library version is set
configure:20813: result: no
configure:20829: checking whether source of project ASL is available and should be compiled
configure:20938: result: no, source file ./ThirdParty/ASL/solvers/asl.h not available
configure:20953: checking whether source of project Blas is available and should be compiled
configure:21078: result: no, source file ./ThirdParty/Blas/daxpy.f not available
configure:21093: checking whether source of project Lapack is available and should be compiled
configure:21218: result: no, source file ./ThirdParty/Lapack/LAPACK/SRC/dlarf.f not available
configure:21233: checking whether source of project Metis is available and should be compiled
configure:21342: result: no, source file ./ThirdParty/Metis/metis-4.0/Lib/balance.c not available
configure:21357: checking whether source of project Mumps is available and should be compiled
configure:21466: result: no, source file ./ThirdParty/Mumps/MUMPS/src/dmumps_part1.F not available
configure:21481: checking whether source of project Glpk is available and should be compiled
configure:21590: result: no, source file ./ThirdParty/Glpk/glpk/src/glplpx01.c not available
configure:21605: checking whether source of project Sample is available and should be compiled
configure:21706: result: yes, source in Data/Sample
configure:21721: checking whether source of project Netlib is available and should be compiled
configure:21822: result: yes, source in Data/Netlib
configure:21837: checking whether source of project CoinUtils is available and should be compiled
configure:21934: result: yes, source in CoinUtils
configure:21949: checking whether source of project Osi is available and should be compiled
configure:22046: result: yes, source in Osi
configure:22061: checking whether source of project Clp is available and should be compiled
configure:22158: result: yes, source in Clp
configure:22179: configuring doxygen documentation options
configure:22186: checking for doxygen
configure:22213: result: no
configure:22222: checking for latex
configure:22238: found /Library/TeX/texbin/latex
configure:22249: result: yes
configure:22277: checking for dot
configure:22293: found /usr/local/bin/dot
configure:22304: result: YES
configure:22355: checking for doxygen doc'n for CoinUtils 
configure:22387: result: NONE/share/coin/doc/CoinUtils/doxydoc (tag)
configure:22355: checking for doxygen doc'n for Osi 
configure:22387: result: NONE/share/coin/doc/Osi/doxydoc (tag)
configure:22412: checking which command should be used to link input files
configure:22420: result: ln -s
configure:22666: creating ./config.status

## ---------------------- ##
## Running config.status. ##
## ---------------------- ##

This file was extended by Clp config.status 1.16, which was
generated by GNU Autoconf 2.59.  Invocation command line was

  CONFIG_FILES    = 
  CONFIG_HEADERS  = 
  CONFIG_LINKS    = 
  CONFIG_COMMANDS = 
  $ ./config.status 

on GS15662.SP.CS.CMU.EDU

config.status:763: creating Makefile
config.status:763: creating doxydoc/doxygen.conf
config.status:946: executing depfiles commands
configure:23827: configuring in Data/Sample
configure:23944: running /bin/sh './configure' --prefix=/Users/ankushd/Documents/Projects/Nomos/src/clp/coin-Clp  '-C' --cache-file=../../config.cache --srcdir=.
configure:23827: configuring in Data/Netlib
configure:23944: running /bin/sh './configure' --prefix=/Users/ankushd/Documents/Projects/Nomos/src/clp/coin-Clp  '-C' --cache-file=../../config.cache --srcdir=.
configure:23827: configuring in CoinUtils
configure:23944: running /bin/sh './configure' --prefix=/Users/ankushd/Documents/Projects/Nomos/src/clp/coin-Clp  '-C' --cache-file=../config.cache --srcdir=.
configure:23827: configuring in Osi
configure:23944: running /bin/sh './configure' --prefix=/Users/ankushd/Documents/Projects/Nomos/src/clp/coin-Clp  '-C' --cache-file=../config.cache --srcdir=.
configure:23827: configuring in Clp
configure:23944: running /bin/sh './configure' --prefix=/Users/ankushd/Documents/Projects/Nomos/src/clp/coin-Clp  '-C' --cache-file=../config.cache --srcdir=.
configure:24013: In case of trouble, first consult the troubleshooting page at https://projects.coin-or.org/BuildTools/wiki/user-troubleshooting
configure:24019: Main configuration of Clp successful

## ---------------- ##
## Cache variables. ##
## ---------------- ##

ac_cv_build=i386-apple-darwin18.7.0
ac_cv_build_alias=i386-apple-darwin18.7.0
ac_cv_c_compiler_gnu=yes
ac_cv_cxx_compiler_gnu=yes
ac_cv_env_ADD_CFLAGS_set=
ac_cv_env_ADD_CFLAGS_value=
ac_cv_env_ADD_CXXFLAGS_set=
ac_cv_env_ADD_CXXFLAGS_value=
ac_cv_env_ADD_FFLAGS_set=
ac_cv_env_ADD_FFLAGS_value=
ac_cv_env_CC_set=
ac_cv_env_CC_value=
ac_cv_env_CDEFS_set=
ac_cv_env_CDEFS_value=
ac_cv_env_CFLAGS_set=
ac_cv_env_CFLAGS_value=
ac_cv_env_COIN_SKIP_PROJECTS_set=
ac_cv_env_COIN_SKIP_PROJECTS_value=
ac_cv_env_CPPFLAGS_set=
ac_cv_env_CPPFLAGS_value=
ac_cv_env_CPP_set=
ac_cv_env_CPP_value=
ac_cv_env_CXXCPP_set=
ac_cv_env_CXXCPP_value=
ac_cv_env_CXXDEFS_set=
ac_cv_env_CXXDEFS_value=
ac_cv_env_CXXFLAGS_set=
ac_cv_env_CXXFLAGS_value=
ac_cv_env_CXX_set=
ac_cv_env_CXX_value=
ac_cv_env_DBG_CFLAGS_set=
ac_cv_env_DBG_CFLAGS_value=
ac_cv_env_DBG_CXXFLAGS_set=
ac_cv_env_DBG_CXXFLAGS_value=
ac_cv_env_DBG_FFLAGS_set=
ac_cv_env_DBG_FFLAGS_value=
ac_cv_env_F77_set=
ac_cv_env_F77_value=
ac_cv_env_FFLAGS_set=
ac_cv_env_FFLAGS_value=
ac_cv_env_LDFLAGS_set=
ac_cv_env_LDFLAGS_value=
ac_cv_env_MPICC_set=
ac_cv_env_MPICC_value=
ac_cv_env_MPICXX_set=
ac_cv_env_MPICXX_value=
ac_cv_env_MPIF77_set=
ac_cv_env_MPIF77_value=
ac_cv_env_OPT_CFLAGS_set=
ac_cv_env_OPT_CFLAGS_value=
ac_cv_env_OPT_CXXFLAGS_set=
ac_cv_env_OPT_CXXFLAGS_value=
ac_cv_env_OPT_FFLAGS_set=
ac_cv_env_OPT_FFLAGS_value=
ac_cv_env_build_alias_set=
ac_cv_env_build_alias_value=
ac_cv_env_host_alias_set=
ac_cv_env_host_alias_value=
ac_cv_env_target_alias_set=
ac_cv_env_target_alias_value=
ac_cv_exeext=
ac_cv_f77_compiler_gnu=yes
ac_cv_header_dlfcn_h=yes
ac_cv_header_inttypes_h=yes
ac_cv_header_memory_h=yes
ac_cv_header_stdc=yes
ac_cv_header_stdint_h=yes
ac_cv_header_stdlib_h=yes
ac_cv_header_string_h=yes
ac_cv_header_strings_h=yes
ac_cv_header_sys_stat_h=yes
ac_cv_header_sys_types_h=yes
ac_cv_header_unistd_h=yes
ac_cv_host=i386-apple-darwin18.7.0
ac_cv_host_alias=i386-apple-darwin18.7.0
ac_cv_objext=o
ac_cv_path_install='/usr/local/bin/ginstall -c'
ac_cv_prog_AWK=awk
ac_cv_prog_CPP='clang -E'
ac_cv_prog_CXXCPP='clang++ -E'
ac_cv_prog_ac_ct_AR=ar
ac_cv_prog_ac_ct_CC=clang
ac_cv_prog_ac_ct_CXX=clang++
ac_cv_prog_ac_ct_F77=gfortran
ac_cv_prog_ac_ct_RANLIB=ranlib
ac_cv_prog_ac_ct_STRIP=strip
ac_cv_prog_cc_g=yes
ac_cv_prog_cc_stdc=
ac_cv_prog_coin_doxy_usedot=YES
ac_cv_prog_coin_have_doxygen=no
ac_cv_prog_coin_have_latex=yes
ac_cv_prog_cxx_g=yes
ac_cv_prog_egrep='grep -E'
ac_cv_prog_f77_g=yes
ac_cv_prog_make_make_set=yes
am_cv_CC_dependencies_compiler_type=gcc3
am_cv_CXX_dependencies_compiler_type=gcc3
lt_cv_deplibs_check_method=pass_all
lt_cv_file_magic_cmd='$MAGIC_CMD'
lt_cv_file_magic_test_file=
lt_cv_ld_reload_flag=-r
lt_cv_objdir=.libs
lt_cv_path_LD=/Library/Developer/CommandLineTools/usr/bin/ld
lt_cv_path_LDCXX=/Library/Developer/CommandLineTools/usr/bin/ld
lt_cv_path_NM='/usr/bin/nm -B'
lt_cv_path_SED=/usr/bin/sed
lt_cv_prog_compiler_c_o=yes
lt_cv_prog_compiler_c_o_CXX=yes
lt_cv_prog_compiler_c_o_F77=yes
lt_cv_prog_compiler_rtti_exceptions=yes
lt_cv_prog_gnu_ld=no
lt_cv_prog_gnu_ldcxx=no
lt_cv_sys_global_symbol_pipe='sed -n -e '\''s/^.*[ 	]\([BCDEGRST][BCDEGRST]*\)[ 	][ 	]*_\([_A-Za-z][_A-Za-z0-9]*\)$/\1 _\2 \2/p'\'''
lt_cv_sys_global_symbol_to_c_name_address='sed -n -e '\''s/^: \([^ ]*\) $/  {\"\1\", (lt_ptr) 0},/p'\'' -e '\''s/^[BCDEGRST] \([^ ]*\) \([^ ]*\)$/  {"\2", (lt_ptr) \&\2},/p'\'''
lt_cv_sys_global_symbol_to_cdecl='sed -n -e '\''s/^. .* \(.*\)$/extern int \1;/p'\'''
lt_cv_sys_max_cmd_len=196608
lt_lt_cv_prog_compiler_c_o='"yes"'
lt_lt_cv_prog_compiler_c_o_CXX='"yes"'
lt_lt_cv_prog_compiler_c_o_F77='"yes"'
lt_lt_cv_sys_global_symbol_pipe='"sed -n -e '\''s/^.*[ 	]\\([BCDEGRST][BCDEGRST]*\\)[ 	][ 	]*_\\([_A-Za-z][_A-Za-z0-9]*\\)\$/\\1 _\\2 \\2/p'\''"'
lt_lt_cv_sys_global_symbol_to_c_name_address='"sed -n -e '\''s/^: \\([^ ]*\\) \$/  {\\\"\\1\\\", (lt_ptr) 0},/p'\'' -e '\''s/^[BCDEGRST] \\([^ ]*\\) \\([^ ]*\\)\$/  {\"\\2\", (lt_ptr) \\&\\2},/p'\''"'
lt_lt_cv_sys_global_symbol_to_cdecl='"sed -n -e '\''s/^. .* \\(.*\\)\$/extern int \\1;/p'\''"'

## ----------------- ##
## Output variables. ##
## ----------------- ##

ABSBUILDDIR=''
ACLOCAL='${SHELL} /Users/ankushd/Documents/Projects/Nomos/src/clp/coin-Clp/missing --run aclocal-1.9'
ADD_CFLAGS=''
ADD_CXXFLAGS=''
ADD_FFLAGS=''
AMDEPBACKSLASH='\'
AMDEP_FALSE='#'
AMDEP_TRUE=''
AMTAR='${SHELL} /Users/ankushd/Documents/Projects/Nomos/src/clp/coin-Clp/missing --run tar'
AR='ar'
AUTOCONF='${SHELL} /Users/ankushd/Documents/Projects/Nomos/src/clp/coin-Clp/missing --run autoconf'
AUTOHEADER='${SHELL} /Users/ankushd/Documents/Projects/Nomos/src/clp/coin-Clp/missing --run autoheader'
AUTOMAKE='${SHELL} /Users/ankushd/Documents/Projects/Nomos/src/clp/coin-Clp/missing --run automake-1.9'
AUX_DIR=''
AWK='awk'
BUILDTOOLSDIR=''
CC='clang'
CCDEPMODE='depmode=gcc3'
CDEFS=''
CFLAGS='-O3 -pipe -DNDEBUG -Wimplicit -Wparentheses -Wsequence-point -Wreturn-type -Wcast-qual -Wall -Wno-unknown-pragmas -Wno-long-long  '
COIN_CC_IS_CL_FALSE=''
COIN_CC_IS_CL_TRUE='#'
COIN_CXX_IS_CL_FALSE=''
COIN_CXX_IS_CL_TRUE='#'
COIN_HAS_DOXYGEN_FALSE=''
COIN_HAS_DOXYGEN_TRUE='#'
COIN_HAS_LATEX_FALSE='#'
COIN_HAS_LATEX_TRUE=''
COIN_SKIP_PROJECTS=''
CPP='clang -E'
CPPFLAGS=''
CXX='clang++'
CXXCPP='clang++ -E'
CXXDEFS=''
CXXDEPMODE='depmode=gcc3'
CXXFLAGS='-O3 -pipe -DNDEBUG -Wparentheses -Wreturn-type -Wcast-qual -Wall -Wpointer-arith -Wwrite-strings -Wconversion -Wno-unknown-pragmas -Wno-long-long  '
CYGPATH_W='echo'
DBG_CFLAGS='-g -O0 -pipe -Wimplicit -Wparentheses -Wsequence-point -Wreturn-type -Wcast-qual -Wall -Wno-unknown-pragmas -Wno-long-long  '
DBG_CXXFLAGS='-g -O0 -pipe -Wparentheses -Wreturn-type -Wcast-qual -Wall -Wpointer-arith -Wwrite-strings -Wconversion -Wno-unknown-pragmas -Wno-long-long  '
DBG_FFLAGS='-g -O0 -pipe  '
DEFS='-DPACKAGE_NAME=\"Clp\" -DPACKAGE_TARNAME=\"clp\" -DPACKAGE_VERSION=\"1.16\" -DPACKAGE_STRING=\"Clp\ 1.16\" -DPACKAGE_BUGREPORT=\"coin-clp@lists.coin-or.org\" -DPACKAGE=\"clp\" -DVERSION=\"1.16\" -DSTDC_HEADERS=1 -DHAVE_SYS_TYPES_H=1 -DHAVE_SYS_STAT_H=1 -DHAVE_STDLIB_H=1 -DHAVE_STRING_H=1 -DHAVE_MEMORY_H=1 -DHAVE_STRINGS_H=1 -DHAVE_INTTYPES_H=1 -DHAVE_STDINT_H=1 -DHAVE_UNISTD_H=1 -DHAVE_DLFCN_H=1 '
DEPDIR='.deps'
DEPENDENCY_LINKING_FALSE='#'
DEPENDENCY_LINKING_TRUE=''
ECHO='/bin/echo'
ECHO_C='ECHO_N=''
ECHO_T=''
EGREP='grep -E'
EXEEXT=''
F77='gfortran'
FFLAGS='-O3 -pipe  '
HAVE_EXTERNALS_FALSE=''
HAVE_EXTERNALS_TRUE='#'
INSTALL_DATA='${INSTALL} -m 644'
INSTALL_PROGRAM='${INSTALL}'
INSTALL_SCRIPT='${INSTALL}'
INSTALL_STRIP_PROGRAM='${SHELL} $(install_sh) -c -s'
LDFLAGS=''
LIBEXT='a'
LIBOBJS=''
LIBS=''
LIBTOOL='$(SHELL) $(top_builddir)/libtool'
LIBTOOLM4=''
LN_S='ln -s'
LTLIBOBJS=''
LT_LDFLAGS='-no-undefined'
MAINT='#'
MAINTAINER_MODE_FALSE=''
MAINTAINER_MODE_TRUE='#'
MAKEINFO='${SHELL} /Users/ankushd/Documents/Projects/Nomos/src/clp/coin-Clp/missing --run makeinfo'
MPICC=''
MPICXX=''
MPIF77=''
OBJEXT='o'
OPT_CFLAGS='-O3 -pipe -DNDEBUG -Wimplicit -Wparentheses -Wsequence-point -Wreturn-type -Wcast-qual -Wall -Wno-unknown-pragmas -Wno-long-long  '
OPT_CXXFLAGS='-O3 -pipe -DNDEBUG -Wparentheses -Wreturn-type -Wcast-qual -Wall -Wpointer-arith -Wwrite-strings -Wconversion -Wno-unknown-pragmas -Wno-long-long  '
OPT_FFLAGS='-O3 -pipe  '
PACKAGE='clp'
PACKAGE_BUGREPORT='coin-clp@lists.coin-or.org'
PACKAGE_NAME='Clp'
PACKAGE_STRING='Clp 1.16'
PACKAGE_TARNAME='clp'
PACKAGE_VERSION='1.16'
PATH_SEPARATOR=':'
RANLIB='ranlib'
RPATH_FLAGS=''
SET_MAKE=''
SHELL='/bin/sh'
STRIP='strip'
VERSION='1.16'
VPATH_DISTCLEANFILES=''
abs_bin_dir='/Users/ankushd/Documents/Projects/Nomos/src/clp/coin-Clp/bin'
abs_include_dir='/Users/ankushd/Documents/Projects/Nomos/src/clp/coin-Clp/include'
abs_lib_dir='/Users/ankushd/Documents/Projects/Nomos/src/clp/coin-Clp/lib'
abs_source_dir='/Users/ankushd/Documents/Projects/Nomos/src/clp/coin-Clp'
ac_c_preproc_warn_flag=''
ac_ct_AR='ar'
ac_ct_CC='clang'
ac_ct_CXX='clang++'
ac_ct_F77='gfortran'
ac_ct_RANLIB='ranlib'
ac_ct_STRIP='strip'
ac_cxx_preproc_warn_flag=''
am__fastdepCC_FALSE='#'
am__fastdepCC_TRUE=''
am__fastdepCXX_FALSE='#'
am__fastdepCXX_TRUE=''
am__include='include'
am__leading_dot='.'
am__quote=''
am__tar='${AMTAR} chof - "$$tardir"'
am__untar='${AMTAR} xf -'
bindir='${exec_prefix}/bin'
build='i386-apple-darwin18.7.0'
build_alias=''
build_cpu='i386'
build_os='darwin18.7.0'
build_vendor='apple'
coin_doxy_excludes=''
coin_doxy_logname='doxydoc/clp_doxy.log'
coin_doxy_tagfiles=' NONE/share/coin/doc/CoinUtils/doxydoc/coinutils_doxy.tag=NONE/share/coin/doc/CoinUtils/doxydoc/html NONE/share/coin/doc/Osi/doxydoc/osi_doxy.tag=NONE/share/coin/doc/Osi/doxydoc/html'
coin_doxy_tagname='doxydoc/clp_doxy.tag'
coin_doxy_usedot='YES'
coin_have_doxygen='no'
coin_have_latex='yes'
datadir='${prefix}/share'
exec_prefix='${prefix}'
have_autoconf=''
have_automake=''
have_svn=''
host='i386-apple-darwin18.7.0'
host_alias=''
host_cpu='i386'
host_os='darwin18.7.0'
host_vendor='apple'
includedir='${prefix}/include'
infodir='${prefix}/info'
install_sh='/Users/ankushd/Documents/Projects/Nomos/src/clp/coin-Clp/install-sh'
libdir='${exec_prefix}/lib'
libexecdir='${exec_prefix}/libexec'
localstatedir='${prefix}/var'
mandir='${prefix}/man'
mkdir_p='$(install_sh) -d'
oldincludedir='/usr/include'
prefix='/Users/ankushd/Documents/Projects/Nomos/src/clp/coin-Clp'
program_transform_name='s,x,x,'
sbindir='${exec_prefix}/sbin'
sharedstatedir='${prefix}/com'
sol_cc_compiler=''
subdirs=' Data/Sample Data/Netlib CoinUtils Osi Clp'
sysconfdir='${prefix}/etc'
target_alias=''

## ----------- ##
## confdefs.h. ##
## ----------- ##

#define HAVE_DLFCN_H 1
#define HAVE_INTTYPES_H 1
#define HAVE_MEMORY_H 1
#define HAVE_STDINT_H 1
#define HAVE_STDLIB_H 1
#define HAVE_STRINGS_H 1
#define HAVE_STRING_H 1
#define HAVE_SYS_STAT_H 1
#define HAVE_SYS_TYPES_H 1
#define HAVE_UNISTD_H 1
#define PACKAGE "clp"
#define PACKAGE_BUGREPORT "coin-clp@lists.coin-or.org"
#define PACKAGE_NAME "Clp"
#define PACKAGE_STRING "Clp 1.16"
#define PACKAGE_TARNAME "clp"
#define PACKAGE_VERSION "1.16"
#define STDC_HEADERS 1
#define VERSION "1.16"
#endif
#ifdef __cplusplus
extern "C" void exit (int);

configure: exit 0
