This file contains any messages produced by compilers while
running configure, to aid debugging if configure makes a mistake.

It was created by Osi configure 0.107, which was
generated by GNU Autoconf 2.59.  Invocation command line was

  $ ./configure --prefix=/Users/ankushd/Documents/Projects/Nomos/src/clp/coin-Clp -C --cache-file=../config.cache --srcdir=.

## --------- ##
## Platform. ##
## --------- ##

hostname = GS15662.SP.CS.CMU.EDU
uname -m = x86_64
uname -r = 18.7.0
uname -s = Darwin
uname -v = Darwin Kernel Version 18.7.0: Tue Aug 20 16:57:14 PDT 2019; root:xnu-4903.271.2~2/RELEASE_X86_64

/usr/bin/uname -p = i386
/bin/uname -X     = unknown

/bin/arch              = unknown
/usr/bin/arch -k       = unknown
/usr/convex/getsysinfo = unknown
hostinfo               = Mach kernel version:
	 Darwin Kernel Version 18.7.0: Tue Aug 20 16:57:14 PDT 2019; root:xnu-4903.271.2~2/RELEASE_X86_64
Kernel configured for up to 4 processors.
2 processors are physically available.
4 processors are logically available.
Processor type: x86_64h (Intel x86-64h Haswell)
Processors active: 0 1 2 3
Primary memory available: 16.00 gigabytes
Default processor set: 380 tasks, 1540 threads, 4 processors
Load average: 2.30, Mach factor: 1.69
/bin/machine           = unknown
/usr/bin/oslevel       = unknown
/bin/universe          = unknown

PATH: /Users/ankushd/anaconda3/bin
PATH: /Users/ankushd/anaconda/bin
PATH: /Library/Frameworks/Python.framework/Versions/3.6/bin
PATH: /Users/ankushd/.opam/system/bin
PATH: /usr/local/bin
PATH: /usr/bin
PATH: /bin
PATH: /usr/sbin
PATH: /sbin
PATH: /Library/TeX/texbin
PATH: /opt/X11/bin
PATH: /Applications/Wireshark.app/Contents/MacOS
PATH: /usr/local/git/bin


## ----------- ##
## Core tests. ##
## ----------- ##

configure:1542: loading cache ../config.cache
configure:1687: checking build system type
configure:1705: result: i386-apple-darwin18.7.0
configure:1775: checking for svnversion
configure:1802: result: yes
configure:1831: checking whether we want to compile in debug mode
configure:1877: result: no
configure:2127: checking for clang
configure:2153: result: clang
configure:2174: checking for C compiler version
configure:2177: clang --version </dev/null >&5
Apple LLVM version 10.0.1 (clang-1001.0.46.4)
Target: x86_64-apple-darwin18.7.0
Thread model: posix
InstalledDir: /Library/Developer/CommandLineTools/usr/bin
configure:2180: $? = 0
configure:2182: clang -v </dev/null >&5
Apple LLVM version 10.0.1 (clang-1001.0.46.4)
Target: x86_64-apple-darwin18.7.0
Thread model: posix
InstalledDir: /Library/Developer/CommandLineTools/usr/bin
configure:2185: $? = 0
configure:2187: clang -V </dev/null >&5
clang: error: unsupported option '-V -Wno-atomic-implicit-seq-cst'
clang: error: no input files
configure:2190: $? = 1
configure:2213: checking for C compiler default output file name
configure:2216: clang    conftest.c  >&5
configure:2219: $? = 0
configure:2265: result: a.out
configure:2270: checking whether the C compiler works
configure:2276: ./a.out
configure:2279: $? = 0
configure:2296: result: yes
configure:2303: checking whether we are cross compiling
configure:2305: result: no
configure:2308: checking for suffix of executables
configure:2310: clang -o conftest    conftest.c  >&5
configure:2313: $? = 0
configure:2338: result: 
configure:2344: checking for suffix of object files
configure:2390: result: o
configure:2394: checking whether we are using the GNU C compiler
configure:2450: result: yes
configure:2456: checking whether clang accepts -g
configure:2507: result: yes
configure:2524: checking for clang option to accept ANSI C
configure:2631: result: none needed
configure:2649: clang -c -g -O2  conftest.c >&5
conftest.c:2:3: error: unknown type name 'choke'
  choke me
  ^
conftest.c:2:11: error: expected ';' after top level declarator
  choke me
          ^
          ;
2 errors generated.
configure:2655: $? = 1
configure: failed program was:
| #ifndef __cplusplus
|   choke me
| #endif
configure:3076: clang -o conftest -O3 -pipe -DNDEBUG -Wimplicit -Wparentheses -Wsequence-point -Wreturn-type -Wcast-qual -Wall -Wno-unknown-pragmas -Wno-long-long   -DOSI_BUILD   conftest.c  >&5
configure:3082: $? = 0
configure:3086: test -z 
			 || test ! -s conftest.err
configure:3089: $? = 0
configure:3092: test -s conftest
configure:3095: $? = 0
configure:3162: C compiler options are: -O3 -pipe -DNDEBUG -Wimplicit -Wparentheses -Wsequence-point -Wreturn-type -Wcast-qual -Wall -Wno-unknown-pragmas -Wno-long-long   -DOSI_BUILD
configure:3277: checking for clang++
configure:3303: result: clang++
configure:3319: checking for C++ compiler version
configure:3322: clang++ --version </dev/null >&5
Apple LLVM version 10.0.1 (clang-1001.0.46.4)
Target: x86_64-apple-darwin18.7.0
Thread model: posix
InstalledDir: /Library/Developer/CommandLineTools/usr/bin
configure:3325: $? = 0
configure:3327: clang++ -v </dev/null >&5
Apple LLVM version 10.0.1 (clang-1001.0.46.4)
Target: x86_64-apple-darwin18.7.0
Thread model: posix
InstalledDir: /Library/Developer/CommandLineTools/usr/bin
configure:3330: $? = 0
configure:3332: clang++ -V </dev/null >&5
clang: error: unsupported option '-V -Wno-atomic-implicit-seq-cst'
clang: error: no input files
configure:3335: $? = 1
configure:3338: checking whether we are using the GNU C++ compiler
configure:3394: result: yes
configure:3400: checking whether clang++ accepts -g
configure:3451: result: yes
configure:3493: clang++ -c -g -O2  conftest.cc >&5
configure:3499: $? = 0
configure:3503: test -z 
			 || test ! -s conftest.err
configure:3506: $? = 0
configure:3509: test -s conftest.o
configure:3512: $? = 0
configure:3538: clang++ -c -g -O2  conftest.cc >&5
conftest.cc:20:1: error: use of undeclared identifier 'exit'
exit (42);
^
1 error generated.
configure:3544: $? = 1
configure: failed program was:
| /* confdefs.h.  */
| 
| #define PACKAGE_NAME "Osi"
| #define PACKAGE_TARNAME "osi"
| #define PACKAGE_VERSION "0.107"
| #define PACKAGE_STRING "Osi 0.107"
| #define PACKAGE_BUGREPORT "osi@list.coin-or.org"
| #define OSI_VERSION "0.107"
| #define OSI_VERSION_MAJOR 0
| #define OSI_VERSION_MINOR 107
| #define OSI_VERSION_RELEASE 9999
| #define OSI_SVN_REV 2286
| #define COIN_OSI_VERBOSITY 0
| #define COIN_OSI_CHECKLEVEL 0
| /* end confdefs.h.  */
| 
| int
| main ()
| {
| exit (42);
|   ;
|   return 0;
| }
configure:3493: clang++ -c -g -O2  conftest.cc >&5
conftest.cc:16:17: error: use of undeclared identifier 'std'
extern "C" void std::exit (int) throw (); using std::exit;
                ^
conftest.cc:16:49: error: use of undeclared identifier 'std'
extern "C" void std::exit (int) throw (); using std::exit;
                                                ^
2 errors generated.
configure:3499: $? = 1
configure: failed program was:
| /* confdefs.h.  */
| 
| #define PACKAGE_NAME "Osi"
| #define PACKAGE_TARNAME "osi"
| #define PACKAGE_VERSION "0.107"
| #define PACKAGE_STRING "Osi 0.107"
| #define PACKAGE_BUGREPORT "osi@list.coin-or.org"
| #define OSI_VERSION "0.107"
| #define OSI_VERSION_MAJOR 0
| #define OSI_VERSION_MINOR 107
| #define OSI_VERSION_RELEASE 9999
| #define OSI_SVN_REV 2286
| #define COIN_OSI_VERBOSITY 0
| #define COIN_OSI_CHECKLEVEL 0
| /* end confdefs.h.  */
| extern "C" void std::exit (int) throw (); using std::exit;
| #include <stdlib.h>
| int
| main ()
| {
| exit (42);
|   ;
|   return 0;
| }
configure:3493: clang++ -c -g -O2  conftest.cc >&5
conftest.cc:16:17: error: use of undeclared identifier 'std'
extern "C" void std::exit (int); using std::exit;
                ^
conftest.cc:16:40: error: use of undeclared identifier 'std'
extern "C" void std::exit (int); using std::exit;
                                       ^
2 errors generated.
configure:3499: $? = 1
configure: failed program was:
| /* confdefs.h.  */
| 
| #define PACKAGE_NAME "Osi"
| #define PACKAGE_TARNAME "osi"
| #define PACKAGE_VERSION "0.107"
| #define PACKAGE_STRING "Osi 0.107"
| #define PACKAGE_BUGREPORT "osi@list.coin-or.org"
| #define OSI_VERSION "0.107"
| #define OSI_VERSION_MAJOR 0
| #define OSI_VERSION_MINOR 107
| #define OSI_VERSION_RELEASE 9999
| #define OSI_SVN_REV 2286
| #define COIN_OSI_VERBOSITY 0
| #define COIN_OSI_CHECKLEVEL 0
| /* end confdefs.h.  */
| extern "C" void std::exit (int); using std::exit;
| #include <stdlib.h>
| int
| main ()
| {
| exit (42);
|   ;
|   return 0;
| }
configure:3493: clang++ -c -g -O2  conftest.cc >&5
In file included from conftest.cc:17:
In file included from /Library/Developer/CommandLineTools/usr/include/c++/v1/stdlib.h:94:
/Library/Developer/CommandLineTools/SDKs/MacOSX10.14.sdk/usr/include/stdlib.h:145:7: error: 'exit' is missing exception specification 'throw()'
void     exit(int) __dead2;
         ^
conftest.cc:16:17: note: previous declaration is here
extern "C" void exit (int) throw ();
                ^
1 error generated.
configure:3499: $? = 1
configure: failed program was:
| /* confdefs.h.  */
| 
| #define PACKAGE_NAME "Osi"
| #define PACKAGE_TARNAME "osi"
| #define PACKAGE_VERSION "0.107"
| #define PACKAGE_STRING "Osi 0.107"
| #define PACKAGE_BUGREPORT "osi@list.coin-or.org"
| #define OSI_VERSION "0.107"
| #define OSI_VERSION_MAJOR 0
| #define OSI_VERSION_MINOR 107
| #define OSI_VERSION_RELEASE 9999
| #define OSI_SVN_REV 2286
| #define COIN_OSI_VERBOSITY 0
| #define COIN_OSI_CHECKLEVEL 0
| /* end confdefs.h.  */
| extern "C" void exit (int) throw ();
| #include <stdlib.h>
| int
| main ()
| {
| exit (42);
|   ;
|   return 0;
| }
configure:3493: clang++ -c -g -O2  conftest.cc >&5
configure:3499: $? = 0
configure:3503: test -z 
			 || test ! -s conftest.err
configure:3506: $? = 0
configure:3509: test -s conftest.o
configure:3512: $? = 0
configure:3538: clang++ -c -g -O2  conftest.cc >&5
configure:3544: $? = 0
configure:3548: test -z 
			 || test ! -s conftest.err
configure:3551: $? = 0
configure:3554: test -s conftest.o
configure:3557: $? = 0
configure:3589: checking whether C++ compiler clang++ works
configure:3607: clang++ -c -g -O2  conftest.cc >&5
configure:3613: $? = 0
configure:3617: test -z 
			 || test ! -s conftest.err
configure:3620: $? = 0
configure:3623: test -s conftest.o
configure:3626: $? = 0
configure:3628: result: yes
configure:3949: clang++ -o conftest -O3 -pipe -DNDEBUG -Wparentheses -Wreturn-type -Wcast-qual -Wall -Wpointer-arith -Wwrite-strings -Wconversion -Wno-unknown-pragmas -Wno-long-long   -DOSI_BUILD   conftest.cc  >&5
configure:3955: $? = 0
configure:3959: test -z 
			 || test ! -s conftest.err
configure:3962: $? = 0
configure:3965: test -s conftest
configure:3968: $? = 0
configure:4035: C++ compiler options are: -O3 -pipe -DNDEBUG -Wparentheses -Wreturn-type -Wcast-qual -Wall -Wpointer-arith -Wwrite-strings -Wconversion -Wno-unknown-pragmas -Wno-long-long   -DOSI_BUILD
configure:4154: checking for egrep
configure:4164: result: grep -E
configure:4169: checking whether ln -s works
configure:4173: result: yes
configure:4194: checking for a BSD-compatible install
configure:4249: result: /usr/local/bin/ginstall -c
configure:4260: checking whether build environment is sane
configure:4303: result: yes
configure:4368: checking for gawk
configure:4394: result: awk
configure:4404: checking whether make sets $(MAKE)
configure:4424: result: yes
configure:4454: checking for style of include used by make
configure:4482: result: GNU
configure:4663: checking dependency style of clang
configure:4753: result: gcc3
configure:4772: checking dependency style of clang++
configure:4862: result: gcc3
configure:4880: checking whether to enable maintainer-specific portions of Makefiles
configure:4889: result: no
configure:20387: Using libtool script in directory ..
configure:20486: checking if library version is set
configure:20493: result: no
configure:20563: checking for pkg-config
configure:20589: result: pkg-config
configure:20604: checking pkg-config is at least version 0.16.0
configure:20607: result: yes
configure:20703: checking for COIN-OR package CoinUtils
configure:20845: result: yes: 2.10 
configure:21218: checking for COIN-OR package Glpk
configure:21382: result: not given: No package 'coinglpk' found
configure:21728: checking for COIN-OR package SoPlex
configure:21892: result: not given: No package 'coinsoplex' found
configure:22238: checking for COIN-OR package Sample
configure:22369: result: yes: 1.2 
configure:22718: checking for COIN-OR package Netlib
configure:22849: result: yes: 1.2 
configure:23208: checking if user provides library for Cplex
configure:23253: result: no
configure:23391: checking if user provides library for Mosek
configure:23436: result: no
configure:23574: checking if user provides library for Xpress
configure:23619: result: no
configure:23757: checking if user provides library for Gurobi
configure:23802: result: no
configure:23977: WARNING: No solver available, examples will not work.
configure:24014: configuring doxygen documentation options
configure:24021: checking for doxygen
configure:24048: result: no
configure:24057: checking for latex
configure:24084: result: yes
configure:24112: checking for dot
configure:24139: result: YES
configure:24190: checking for doxygen doc'n for CoinUtils 
configure:24206: result: ../CoinUtils/doxydoc (tag)
configure:24253: checking for cmath
configure:24258: result: yes
configure:24582: checking for cfloat
configure:24587: result: yes
configure:24911: checking for cieeefp
configure:24916: result: no
configure:25069: checking for ieeefp.h
configure:25074: result: no
configure:25275: checking which command should be used to link input files
configure:25283: result: ln -s
configure:25610: creating ./config.status

## ---------------------- ##
## Running config.status. ##
## ---------------------- ##

This file was extended by Osi config.status 0.107, which was
generated by GNU Autoconf 2.59.  Invocation command line was

  CONFIG_FILES    = 
  CONFIG_HEADERS  = 
  CONFIG_LINKS    = 
  CONFIG_COMMANDS = 
  $ ./config.status 

on GS15662.SP.CS.CMU.EDU

config.status:888: creating Makefile
config.status:888: creating examples/Makefile
config.status:888: creating src/Osi/Makefile
config.status:888: creating src/OsiCpx/Makefile
config.status:888: creating src/OsiGlpk/Makefile
config.status:888: creating src/OsiMsk/Makefile
config.status:888: creating src/OsiXpr/Makefile
config.status:888: creating src/OsiGrb/Makefile
config.status:888: creating src/OsiSpx/Makefile
config.status:888: creating src/OsiCommonTest/Makefile
config.status:888: creating test/Makefile
config.status:888: creating osi.pc
config.status:888: creating osi-uninstalled.pc
config.status:888: creating osi-unittests.pc
config.status:888: creating osi-unittests-uninstalled.pc
config.status:888: creating doxydoc/doxygen.conf
config.status:992: creating src/Osi/config.h
config.status:992: creating src/Osi/config_osi.h
config.status:1306: executing depfiles commands
configure:27149: In case of trouble, first consult the troubleshooting page at https://projects.coin-or.org/BuildTools/wiki/user-troubleshooting
configure:27152: Configuration of Osi successful

## ---------------- ##
## Cache variables. ##
## ---------------- ##

ac_cv_build=i386-apple-darwin18.7.0
ac_cv_build_alias=i386-apple-darwin18.7.0
ac_cv_c_compiler_gnu=yes
ac_cv_cxx_compiler_gnu=yes
ac_cv_env_ADD_CFLAGS_set=
ac_cv_env_ADD_CFLAGS_value=
ac_cv_env_ADD_CXXFLAGS_set=
ac_cv_env_ADD_CXXFLAGS_value=
ac_cv_env_ADD_FFLAGS_set=
ac_cv_env_ADD_FFLAGS_value=
ac_cv_env_CC_set=
ac_cv_env_CC_value=
ac_cv_env_CDEFS_set=
ac_cv_env_CDEFS_value=
ac_cv_env_CFLAGS_set=
ac_cv_env_CFLAGS_value=
ac_cv_env_COIN_SKIP_PROJECTS_set=
ac_cv_env_COIN_SKIP_PROJECTS_value=
ac_cv_env_CPPFLAGS_set=
ac_cv_env_CPPFLAGS_value=
ac_cv_env_CPP_set=
ac_cv_env_CPP_value=
ac_cv_env_CXXCPP_set=
ac_cv_env_CXXCPP_value=
ac_cv_env_CXXDEFS_set=
ac_cv_env_CXXDEFS_value=
ac_cv_env_CXXFLAGS_set=
ac_cv_env_CXXFLAGS_value=
ac_cv_env_CXX_set=
ac_cv_env_CXX_value=
ac_cv_env_DBG_CFLAGS_set=
ac_cv_env_DBG_CFLAGS_value=
ac_cv_env_DBG_CXXFLAGS_set=
ac_cv_env_DBG_CXXFLAGS_value=
ac_cv_env_DBG_FFLAGS_set=
ac_cv_env_DBG_FFLAGS_value=
ac_cv_env_F77_set=
ac_cv_env_F77_value=
ac_cv_env_FFLAGS_set=
ac_cv_env_FFLAGS_value=
ac_cv_env_LDFLAGS_set=
ac_cv_env_LDFLAGS_value=
ac_cv_env_MPICC_set=
ac_cv_env_MPICC_value=
ac_cv_env_MPICXX_set=
ac_cv_env_MPICXX_value=
ac_cv_env_MPIF77_set=
ac_cv_env_MPIF77_value=
ac_cv_env_OPT_CFLAGS_set=
ac_cv_env_OPT_CFLAGS_value=
ac_cv_env_OPT_CXXFLAGS_set=
ac_cv_env_OPT_CXXFLAGS_value=
ac_cv_env_OPT_FFLAGS_set=
ac_cv_env_OPT_FFLAGS_value=
ac_cv_env_PKG_CONFIG_set=
ac_cv_env_PKG_CONFIG_value=
ac_cv_env_build_alias_set=
ac_cv_env_build_alias_value=
ac_cv_env_host_alias_set=
ac_cv_env_host_alias_value=
ac_cv_env_target_alias_set=
ac_cv_env_target_alias_value=
ac_cv_exeext=
ac_cv_f77_compiler_gnu=yes
ac_cv_f77_dummy_main=none
ac_cv_f77_libs=' -L/usr/local/Cellar/gcc/9.2.0_1/lib/gcc/9/gcc/x86_64-apple-darwin18/9.2.0 -L/usr/local/Cellar/gcc/9.2.0_1/lib/gcc/9/gcc/x86_64-apple-darwin18/9.2.0/../../.. -lgfortran -lSystem -lquadmath -lm'
ac_cv_f77_mangling='lower case, underscore, no extra underscore'
ac_cv_fortran_dummy_main=none
ac_cv_have_decl_finite=yes
ac_cv_have_decl_isfinite=no
ac_cv_have_decl_isnan=no
ac_cv_have_decl_std__isnan_42_42_=yes
ac_cv_header_bzlib_h=yes
ac_cv_header_cfloat=yes
ac_cv_header_cieeefp=no
ac_cv_header_cinttypes=yes
ac_cv_header_cmath=yes
ac_cv_header_cstdint=yes
ac_cv_header_dlfcn_h=yes
ac_cv_header_endian_h=no
ac_cv_header_ieeefp_h=no
ac_cv_header_inttypes_h=yes
ac_cv_header_memory_h=yes
ac_cv_header_stdc=yes
ac_cv_header_stdint_h=yes
ac_cv_header_stdlib_h=yes
ac_cv_header_string_h=yes
ac_cv_header_strings_h=yes
ac_cv_header_sys_stat_h=yes
ac_cv_header_sys_types_h=yes
ac_cv_header_unistd_h=yes
ac_cv_header_windows_h=no
ac_cv_header_zlib_h=yes
ac_cv_host=i386-apple-darwin18.7.0
ac_cv_host_alias=i386-apple-darwin18.7.0
ac_cv_lib_bz2_BZ2_bzReadOpen=yes
ac_cv_lib_z_gzopen=yes
ac_cv_objext=o
ac_cv_path_install='/usr/local/bin/ginstall -c'
ac_cv_prog_AWK=awk
ac_cv_prog_CPP='clang -E'
ac_cv_prog_CXXCPP='clang++ -E'
ac_cv_prog_ac_ct_AR=ar
ac_cv_prog_ac_ct_CC=clang
ac_cv_prog_ac_ct_CXX=clang++
ac_cv_prog_ac_ct_F77=gfortran
ac_cv_prog_ac_ct_PKG_CONFIG=pkg-config
ac_cv_prog_ac_ct_RANLIB=ranlib
ac_cv_prog_ac_ct_STRIP=strip
ac_cv_prog_cc_g=yes
ac_cv_prog_cc_stdc=
ac_cv_prog_coin_doxy_usedot=YES
ac_cv_prog_coin_have_doxygen=no
ac_cv_prog_coin_have_latex=yes
ac_cv_prog_cxx_g=yes
ac_cv_prog_egrep='grep -E'
ac_cv_prog_f77_g=yes
ac_cv_prog_f77_v=-v
ac_cv_prog_have_svnversion=yes
ac_cv_prog_make_make_set=yes
ac_cv_type_int64_t=yes
ac_cv_type_intptr_t=yes
am_cv_CC_dependencies_compiler_type=gcc3
am_cv_CXX_dependencies_compiler_type=gcc3
lt_cv_deplibs_check_method=pass_all
lt_cv_file_magic_cmd='$MAGIC_CMD'
lt_cv_file_magic_test_file=
lt_cv_ld_reload_flag=-r
lt_cv_objdir=.libs
lt_cv_path_LD=/Library/Developer/CommandLineTools/usr/bin/ld
lt_cv_path_LDCXX=/Library/Developer/CommandLineTools/usr/bin/ld
lt_cv_path_NM='/usr/bin/nm -B'
lt_cv_path_SED=/usr/bin/sed
lt_cv_prog_compiler_c_o=yes
lt_cv_prog_compiler_c_o_CXX=yes
lt_cv_prog_compiler_c_o_F77=yes
lt_cv_prog_compiler_rtti_exceptions=yes
lt_cv_prog_gnu_ld=no
lt_cv_prog_gnu_ldcxx=no
lt_cv_sys_global_symbol_pipe='sed -n -e '\''s/^.*[ 	]\([BCDEGRST][BCDEGRST]*\)[ 	][ 	]*_\([_A-Za-z][_A-Za-z0-9]*\)$/\1 _\2 \2/p'\'''
lt_cv_sys_global_symbol_to_c_name_address='sed -n -e '\''s/^: \([^ ]*\) $/  {\"\1\", (lt_ptr) 0},/p'\'' -e '\''s/^[BCDEGRST] \([^ ]*\) \([^ ]*\)$/  {"\2", (lt_ptr) \&\2},/p'\'''
lt_cv_sys_global_symbol_to_cdecl='sed -n -e '\''s/^. .* \(.*\)$/extern int \1;/p'\'''
lt_cv_sys_max_cmd_len=196608
lt_lt_cv_prog_compiler_c_o='"yes"'
lt_lt_cv_prog_compiler_c_o_CXX='"yes"'
lt_lt_cv_prog_compiler_c_o_F77='"yes"'
lt_lt_cv_sys_global_symbol_pipe='"sed -n -e '\''s/^.*[ 	]\\([BCDEGRST][BCDEGRST]*\\)[ 	][ 	]*_\\([_A-Za-z][_A-Za-z0-9]*\\)\$/\\1 _\\2 \\2/p'\''"'
lt_lt_cv_sys_global_symbol_to_c_name_address='"sed -n -e '\''s/^: \\([^ ]*\\) \$/  {\\\"\\1\\\", (lt_ptr) 0},/p'\'' -e '\''s/^[BCDEGRST] \\([^ ]*\\) \\([^ ]*\\)\$/  {\"\\2\", (lt_ptr) \\&\\2},/p'\''"'
lt_lt_cv_sys_global_symbol_to_cdecl='"sed -n -e '\''s/^. .* \\(.*\\)\$/extern int \\1;/p'\''"'

## ----------------- ##
## Output variables. ##
## ----------------- ##

ABSBUILDDIR='/Users/ankushd/Documents/Projects/Nomos/src/clp/coin-Clp/Osi'
ACLOCAL='${SHELL} /Users/ankushd/Documents/Projects/Nomos/src/clp/coin-Clp/Osi/missing --run aclocal-1.9'
ADD_CFLAGS=''
ADD_CXXFLAGS=''
ALWAYS_FALSE_FALSE=''
ALWAYS_FALSE_TRUE='#'
AMDEPBACKSLASH='\'
AMDEP_FALSE='#'
AMDEP_TRUE=''
AMTAR='${SHELL} /Users/ankushd/Documents/Projects/Nomos/src/clp/coin-Clp/Osi/missing --run tar'
AR='ar'
AUTOCONF='${SHELL} /Users/ankushd/Documents/Projects/Nomos/src/clp/coin-Clp/Osi/missing --run autoconf'
AUTOHEADER='${SHELL} /Users/ankushd/Documents/Projects/Nomos/src/clp/coin-Clp/Osi/missing --run autoheader'
AUTOMAKE='${SHELL} /Users/ankushd/Documents/Projects/Nomos/src/clp/coin-Clp/Osi/missing --run automake-1.9'
AUX_DIR=''
AWK='awk'
BUILDTOOLSDIR=''
CC='clang'
CCDEPMODE='depmode=gcc3'
CDEFS=''
CFLAGS='-O3 -pipe -DNDEBUG -Wimplicit -Wparentheses -Wsequence-point -Wreturn-type -Wcast-qual -Wall -Wno-unknown-pragmas -Wno-long-long   -DOSI_BUILD'
COINUTILS_CFLAGS='-I/Users/ankushd/Documents/Projects/Nomos/src/clp/coin-Clp/CoinUtils/src'
COINUTILS_CFLAGS_INSTALLED=''
COINUTILS_DATA=''
COINUTILS_DATA_INSTALLED=''
COINUTILS_DEPENDENCIES=' /Users/ankushd/Documents/Projects/Nomos/src/clp/coin-Clp/CoinUtils/src/libCoinUtils.la'
COINUTILS_LIBS='/Users/ankushd/Documents/Projects/Nomos/src/clp/coin-Clp/CoinUtils/src/libCoinUtils.la -lbz2 -lz -framework Accelerate -lm'
COINUTILS_LIBS_INSTALLED=''
COIN_CC_IS_CL_FALSE=''
COIN_CC_IS_CL_TRUE='#'
COIN_CXX_IS_CL_FALSE=''
COIN_CXX_IS_CL_TRUE='#'
COIN_HAS_COINUTILS_FALSE='#'
COIN_HAS_COINUTILS_TRUE=''
COIN_HAS_CPX_FALSE=''
COIN_HAS_CPX_TRUE='#'
COIN_HAS_DOXYGEN_FALSE=''
COIN_HAS_DOXYGEN_TRUE='#'
COIN_HAS_GLPK_FALSE=''
COIN_HAS_GLPK_TRUE='#'
COIN_HAS_GRB_FALSE=''
COIN_HAS_GRB_TRUE='#'
COIN_HAS_LATEX_FALSE='#'
COIN_HAS_LATEX_TRUE=''
COIN_HAS_MSK_FALSE=''
COIN_HAS_MSK_TRUE='#'
COIN_HAS_NETLIB_FALSE='#'
COIN_HAS_NETLIB_TRUE=''
COIN_HAS_PKGCONFIG_FALSE='#'
COIN_HAS_PKGCONFIG_TRUE=''
COIN_HAS_SAMPLE_FALSE='#'
COIN_HAS_SAMPLE_TRUE=''
COIN_HAS_SOPLEX_FALSE=''
COIN_HAS_SOPLEX_TRUE='#'
COIN_HAS_XPR_FALSE=''
COIN_HAS_XPR_TRUE='#'
COIN_PKG_CONFIG_PATH='/Users/ankushd/Documents/Projects/Nomos/src/clp/coin-Clp/lib64/pkgconfig:/Users/ankushd/Documents/Projects/Nomos/src/clp/coin-Clp/lib/pkgconfig:/Users/ankushd/Documents/Projects/Nomos/src/clp/coin-Clp/share/pkgconfig:'
COIN_PKG_CONFIG_PATH_UNINSTALLED='/Users/ankushd/Documents/Projects/Nomos/src/clp/coin-Clp/Clp:/Users/ankushd/Documents/Projects/Nomos/src/clp/coin-Clp/Osi:/Users/ankushd/Documents/Projects/Nomos/src/clp/coin-Clp/CoinUtils:/Users/ankushd/Documents/Projects/Nomos/src/clp/coin-Clp/Data/Netlib:/Users/ankushd/Documents/Projects/Nomos/src/clp/coin-Clp/Data/Sample:'
CPP='clang -E'
CPPFLAGS=''
CPXINCDIR=''
CPXLIB=''
CXX='clang++'
CXXCPP='clang++ -E'
CXXDEFS=''
CXXDEPMODE='depmode=gcc3'
CXXFLAGS='-O3 -pipe -DNDEBUG -Wparentheses -Wreturn-type -Wcast-qual -Wall -Wpointer-arith -Wwrite-strings -Wconversion -Wno-unknown-pragmas -Wno-long-long   -DOSI_BUILD'
CYGPATH_W='echo'
DBG_CFLAGS='-g -O0 -pipe -Wimplicit -Wparentheses -Wsequence-point -Wreturn-type -Wcast-qual -Wall -Wno-unknown-pragmas -Wno-long-long  '
DBG_CXXFLAGS='-g -O0 -pipe -Wparentheses -Wreturn-type -Wcast-qual -Wall -Wpointer-arith -Wwrite-strings -Wconversion -Wno-unknown-pragmas -Wno-long-long  '
DEFS='-DHAVE_CONFIG_H'
DEPDIR='.deps'
DEPENDENCY_LINKING_FALSE='#'
DEPENDENCY_LINKING_TRUE=''
ECHO='/bin/echo'
ECHO_C='ECHO_N=''
ECHO_T=''
EGREP='grep -E'
EXEEXT=''
F77=''
FFLAGS=''
GLPK_CFLAGS=''
GLPK_CFLAGS_INSTALLED=''
GLPK_DATA=''
GLPK_DATA_INSTALLED=''
GLPK_DEPENDENCIES=''
GLPK_LIBS=''
GLPK_LIBS_INSTALLED=''
GRBINCDIR=''
GRBLIB=''
HAVE_EXTERNALS_FALSE=''
HAVE_EXTERNALS_TRUE='#'
INSTALL_DATA='${INSTALL} -m 644'
INSTALL_PROGRAM='${INSTALL}'
INSTALL_SCRIPT='${INSTALL}'
INSTALL_STRIP_PROGRAM='${SHELL} $(install_sh) -c -s'
LDFLAGS=''
LIBEXT='a'
LIBOBJS=''
LIBS=''
LIBTOOL='$(SHELL) $(top_builddir)/../libtool'
LIBTOOLM4=''
LN_S='ln -s'
LTLIBOBJS=''
LT_LDFLAGS='-no-undefined'
MAINT='#'
MAINTAINER_MODE_FALSE=''
MAINTAINER_MODE_TRUE='#'
MAKEINFO='${SHELL} /Users/ankushd/Documents/Projects/Nomos/src/clp/coin-Clp/Osi/missing --run makeinfo'
MPICC=''
MPICXX=''
MSKINCDIR=''
MSKLIB=''
NETLIB_CFLAGS=''
NETLIB_CFLAGS_INSTALLED=''
NETLIB_DATA='/Users/ankushd/Documents/Projects/Nomos/src/clp/coin-Clp/Data/Netlib'
NETLIB_DATA_INSTALLED=''
NETLIB_DEPENDENCIES=' '
NETLIB_LIBS=''
NETLIB_LIBS_INSTALLED=''
OBJEXT='o'
OPT_CFLAGS='-O3 -pipe -DNDEBUG -Wimplicit -Wparentheses -Wsequence-point -Wreturn-type -Wcast-qual -Wall -Wno-unknown-pragmas -Wno-long-long  '
OPT_CXXFLAGS='-O3 -pipe -DNDEBUG -Wparentheses -Wreturn-type -Wcast-qual -Wall -Wpointer-arith -Wwrite-strings -Wconversion -Wno-unknown-pragmas -Wno-long-long  '
OSIGLPKLIB_CFLAGS=''
OSIGLPKLIB_CFLAGS_INSTALLED=''
OSIGLPKLIB_DEPENDENCIES=''
OSIGLPKLIB_LIBS=''
OSIGLPKLIB_LIBS_INSTALLED=''
OSIGLPKLIB_PCLIBS=''
OSIGLPKLIB_PCREQUIRES=''
OSILIB_CFLAGS='-I/Users/ankushd/Documents/Projects/Nomos/src/clp/coin-Clp/CoinUtils/src '
OSILIB_CFLAGS_INSTALLED=''
OSILIB_DEPENDENCIES=' /Users/ankushd/Documents/Projects/Nomos/src/clp/coin-Clp/CoinUtils/src/libCoinUtils.la  '
OSILIB_LIBS='/Users/ankushd/Documents/Projects/Nomos/src/clp/coin-Clp/CoinUtils/src/libCoinUtils.la -lbz2 -lz -framework Accelerate -lm '
OSILIB_LIBS_INSTALLED=''
OSILIB_PCLIBS=''
OSILIB_PCREQUIRES='coinutils '
OSISPXLIB_CFLAGS=''
OSISPXLIB_CFLAGS_INSTALLED=''
OSISPXLIB_DEPENDENCIES=''
OSISPXLIB_LIBS=''
OSISPXLIB_LIBS_INSTALLED=''
OSISPXLIB_PCLIBS=''
OSISPXLIB_PCREQUIRES=''
OSI_EXAMPLES_SOLVER_CFLAGS=''
OSI_EXAMPLES_SOLVER_LIBS=''
OSI_EXAMPLES_SOLVER_NAME=''
OSI_EXAMPLES_SOLVER_PCNAME=''
OSI_SVN_REV='2286'
PACKAGE='osi'
PACKAGE_BUGREPORT='osi@list.coin-or.org'
PACKAGE_NAME='Osi'
PACKAGE_STRING='Osi 0.107'
PACKAGE_TARNAME='osi'
PACKAGE_VERSION='0.107'
PATH_SEPARATOR=':'
PKG_CONFIG='pkg-config'
RANLIB='ranlib'
RPATH_FLAGS=''
SAMPLE_CFLAGS=''
SAMPLE_CFLAGS_INSTALLED=''
SAMPLE_DATA='/Users/ankushd/Documents/Projects/Nomos/src/clp/coin-Clp/Data/Sample'
SAMPLE_DATA_INSTALLED=''
SAMPLE_DEPENDENCIES=' '
SAMPLE_LIBS=''
SAMPLE_LIBS_INSTALLED=''
SET_MAKE=''
SHELL='/bin/sh'
SOPLEX_CFLAGS=''
SOPLEX_CFLAGS_INSTALLED=''
SOPLEX_DATA=''
SOPLEX_DATA_INSTALLED=''
SOPLEX_DEPENDENCIES=''
SOPLEX_LIBS=''
SOPLEX_LIBS_INSTALLED=''
STRIP='strip'
VERSION='0.107'
VPATH_DISTCLEANFILES=''
XPRINCDIR=''
XPRLIB=''
abs_bin_dir='/Users/ankushd/Documents/Projects/Nomos/src/clp/coin-Clp/bin'
abs_include_dir='/Users/ankushd/Documents/Projects/Nomos/src/clp/coin-Clp/include'
abs_lib_dir='/Users/ankushd/Documents/Projects/Nomos/src/clp/coin-Clp/lib'
abs_source_dir='/Users/ankushd/Documents/Projects/Nomos/src/clp/coin-Clp/Osi'
ac_c_preproc_warn_flag=''
ac_ct_AR='ar'
ac_ct_CC='clang'
ac_ct_CXX='clang++'
ac_ct_F77=''
ac_ct_PKG_CONFIG='pkg-config'
ac_ct_RANLIB='ranlib'
ac_ct_STRIP='strip'
ac_cxx_preproc_warn_flag=''
am__fastdepCC_FALSE='#'
am__fastdepCC_TRUE=''
am__fastdepCXX_FALSE='#'
am__fastdepCXX_TRUE=''
am__include='include'
am__leading_dot='.'
am__quote=''
am__tar='${AMTAR} chof - "$$tardir"'
am__untar='${AMTAR} xf -'
bindir='${exec_prefix}/bin'
build='i386-apple-darwin18.7.0'
build_alias=''
build_cpu='i386'
build_os='darwin18.7.0'
build_vendor='apple'
coin_doxy_excludes=' */CoinUtils'
coin_doxy_logname='doxydoc/osi_doxy.log'
coin_doxy_tagfiles=' ../CoinUtils/doxydoc/coinutils_doxy.tag=../../../CoinUtils/doxydoc/html'
coin_doxy_tagname='doxydoc/osi_doxy.tag'
coin_doxy_usedot='YES'
coin_have_doxygen='no'
coin_have_latex='yes'
datadir='${prefix}/share'
exec_prefix='${prefix}'
have_autoconf=''
have_automake=''
have_svn=''
have_svnversion='yes'
host='i386-apple-darwin18.7.0'
host_alias=''
host_cpu='i386'
host_os='darwin18.7.0'
host_vendor='apple'
includedir='${prefix}/include'
infodir='${prefix}/info'
install_sh='/Users/ankushd/Documents/Projects/Nomos/src/clp/coin-Clp/Osi/install-sh'
libdir='${exec_prefix}/lib'
libexecdir='${exec_prefix}/libexec'
localstatedir='${prefix}/var'
mandir='${prefix}/man'
mkdir_p='$(install_sh) -d'
oldincludedir='/usr/include'
prefix='/Users/ankushd/Documents/Projects/Nomos/src/clp/coin-Clp'
program_transform_name='s,x,x,'
sbindir='${exec_prefix}/sbin'
sharedstatedir='${prefix}/com'
sol_cc_compiler=''
sysconfdir='${prefix}/etc'
target_alias=''

## ----------- ##
## confdefs.h. ##
## ----------- ##

#define COIN_HAS_COINUTILS 1
#define COIN_HAS_NETLIB 1
#define COIN_HAS_SAMPLE 1
#define COIN_OSI_CHECKLEVEL 0
#define COIN_OSI_VERBOSITY 0
#define GLPK_HAS_INTOPT 1
#define HAVE_CFLOAT 1
#define HAVE_CMATH 1
#define HAVE_DLFCN_H 1
#define HAVE_INTTYPES_H 1
#define HAVE_MEMORY_H 1
#define HAVE_STDINT_H 1
#define HAVE_STDLIB_H 1
#define HAVE_STRINGS_H 1
#define HAVE_STRING_H 1
#define HAVE_SYS_STAT_H 1
#define HAVE_SYS_TYPES_H 1
#define HAVE_UNISTD_H 1
#define OSI_SVN_REV 2286
#define OSI_VERSION "0.107"
#define OSI_VERSION_MAJOR 0
#define OSI_VERSION_MINOR 107
#define OSI_VERSION_RELEASE 9999
#define PACKAGE "osi"
#define PACKAGE_BUGREPORT "osi@list.coin-or.org"
#define PACKAGE_NAME "Osi"
#define PACKAGE_STRING "Osi 0.107"
#define PACKAGE_TARNAME "osi"
#define PACKAGE_VERSION "0.107"
#define STDC_HEADERS 1
#define VERSION "0.107"
#endif
#ifdef __cplusplus
extern "C" void exit (int);

configure: exit 0
